[2016-05-11 15:32:51] [main] [org.springframework.boot.StartupInfoLogger-48] - Starting DemonAdminApplication on cengningzhongdeMacBook-Pro.local with PID 21200 (/Users/zengningzhong/Documents/workspace-sts-develop/demon/demon-admin/target/classes started by zengningzhong in /Users/zengningzhong/Documents/workspace-sts-develop/demon/demon-admin)
[2016-05-11 15:32:51] [main] [org.springframework.boot.SpringApplication-670] - The following profiles are active: dev
[2016-05-11 15:32:51] [main] [org.springframework.context.support.AbstractApplicationContext-578] - Refreshing org.springframework.boot.context.embedded.AnnotationConfigEmbeddedWebApplicationContext@b901239: startup date [Wed May 11 15:32:51 CST 2016]; root of context hierarchy
[2016-05-11 15:32:51] [background-preinit] [org.hibernate.validator.util.Version-56] - Hibernate Validator 4.1.0.Final
[2016-05-11 15:32:51] [background-preinit] [org.hibernate.validator.engine.resolver.DefaultTraversableResolver-81] - Instantiated an instance of org.hibernate.validator.engine.resolver.JPATraversableResolver.
[2016-05-11 15:32:55] [main] [org.springframework.beans.factory.support.DefaultListableBeanFactory-839] - Overriding bean definition for bean 'beanNameViewResolver' with a different definition: replacing [Root bean: class [null]; scope=; abstract=false; lazyInit=false; autowireMode=3; dependencyCheck=0; autowireCandidate=true; primary=false; factoryBeanName=org.springframework.boot.autoconfigure.web.ErrorMvcAutoConfiguration$WhitelabelErrorViewConfiguration; factoryMethodName=beanNameViewResolver; initMethodName=null; destroyMethodName=(inferred); defined in class path resource [org/springframework/boot/autoconfigure/web/ErrorMvcAutoConfiguration$WhitelabelErrorViewConfiguration.class]] with [Root bean: class [null]; scope=; abstract=false; lazyInit=false; autowireMode=3; dependencyCheck=0; autowireCandidate=true; primary=false; factoryBeanName=org.springframework.boot.autoconfigure.web.WebMvcAutoConfiguration$WebMvcAutoConfigurationAdapter; factoryMethodName=beanNameViewResolver; initMethodName=null; destroyMethodName=(inferred); defined in class path resource [org/springframework/boot/autoconfigure/web/WebMvcAutoConfiguration$WebMvcAutoConfigurationAdapter.class]]
[2016-05-11 15:32:57] [main] [org.springframework.context.support.PostProcessorRegistrationDelegate$BeanPostProcessorChecker-328] - Bean 'org.springframework.transaction.annotation.ProxyTransactionManagementConfiguration' of type [class org.springframework.transaction.annotation.ProxyTransactionManagementConfiguration$$EnhancerBySpringCGLIB$$c5c54bf4] is not eligible for getting processed by all BeanPostProcessors (for example: not eligible for auto-proxying)
[2016-05-11 15:32:57] [main] [org.hibernate.validator.engine.resolver.DefaultTraversableResolver-81] - Instantiated an instance of org.hibernate.validator.engine.resolver.JPATraversableResolver.
[2016-05-11 15:32:57] [main] [org.springframework.boot.context.embedded.tomcat.TomcatEmbeddedServletContainer-81] - Tomcat initialized with port(s): 8080 (http)
[2016-05-11 15:32:57] [main] [org.apache.juli.logging.DirectJDKLog-180] - Starting service Tomcat
[2016-05-11 15:32:57] [main] [org.apache.juli.logging.DirectJDKLog-180] - Starting Servlet Engine: Apache Tomcat/8.0.32
[2016-05-11 15:32:58] [localhost-startStop-1] [org.apache.juli.logging.DirectJDKLog-180] - Initializing Spring embedded WebApplicationContext
[2016-05-11 15:32:58] [localhost-startStop-1] [org.springframework.boot.context.embedded.EmbeddedWebApplicationContext-272] - Root WebApplicationContext: initialization completed in 6538 ms
[2016-05-11 15:32:58] [localhost-startStop-1] [org.springframework.boot.context.embedded.AbstractFilterRegistrationBean-258] - Mapping filter: 'hiddenHttpMethodFilter' to: [/*]
[2016-05-11 15:32:58] [localhost-startStop-1] [org.springframework.boot.context.embedded.AbstractFilterRegistrationBean-258] - Mapping filter: 'httpPutFormContentFilter' to: [/*]
[2016-05-11 15:32:58] [localhost-startStop-1] [org.springframework.boot.context.embedded.AbstractFilterRegistrationBean-258] - Mapping filter: 'requestContextFilter' to: [/*]
[2016-05-11 15:32:58] [localhost-startStop-1] [org.springframework.boot.context.embedded.AbstractFilterRegistrationBean-271] - Mapping filter: 'demonAdminApplicationFilter' to urls: [/*]
[2016-05-11 15:32:58] [localhost-startStop-1] [org.springframework.boot.context.embedded.AbstractFilterRegistrationBean-258] - Mapping filter: 'characterEncodingFilter' to: [/*]
[2016-05-11 15:32:58] [localhost-startStop-1] [org.springframework.boot.context.embedded.ServletRegistrationBean-189] - Mapping servlet: 'dispatcherServlet' to [/]
[2016-05-11 15:32:59] [main] [org.springframework.orm.jpa.LocalContainerEntityManagerFactoryBean-339] - Building JPA container EntityManagerFactory for persistence unit 'default'
[2016-05-11 15:32:59] [main] [org.hibernate.jpa.internal.util.LogHelper-46] - HHH000204: Processing PersistenceUnitInfo [
	name: default
	...]
[2016-05-11 15:32:59] [main] [org.hibernate.Version-54] - HHH000412: Hibernate Core {4.3.11.Final}
[2016-05-11 15:32:59] [main] [org.hibernate.cfg.Environment-239] - HHH000206: hibernate.properties not found
[2016-05-11 15:32:59] [main] [org.hibernate.cfg.Environment-346] - HHH000021: Bytecode provider name : javassist
[2016-05-11 15:32:59] [main] [org.hibernate.annotations.common.reflection.java.JavaReflectionManager-66] - HCANN000001: Hibernate Commons Annotations {4.0.5.Final}
[2016-05-11 15:33:00] [main] [org.hibernate.dialect.Dialect-145] - HHH000400: Using dialect: org.hibernate.dialect.MySQLDialect
[2016-05-11 15:33:00] [main] [org.hibernate.hql.internal.ast.ASTQueryTranslatorFactory-47] - HHH000397: Using ASTQueryTranslatorFactory
[2016-05-11 15:33:00] [main] [org.hibernate.validator.engine.resolver.DefaultTraversableResolver-81] - Instantiated an instance of org.hibernate.validator.engine.resolver.JPATraversableResolver.
[2016-05-11 15:33:01] [main] [org.hibernate.tool.hbm2ddl.SchemaValidator-157] - HHH000229: Running schema validator
[2016-05-11 15:33:01] [main] [org.hibernate.tool.hbm2ddl.SchemaValidator-165] - HHH000102: Fetching database metadata
[2016-05-11 15:33:01] [main] [org.hibernate.tool.hbm2ddl.TableMetadata-65] - HHH000261: Table found: boot.user_platform
[2016-05-11 15:33:01] [main] [org.hibernate.tool.hbm2ddl.TableMetadata-66] - HHH000037: Columns: [id, login_username, gmt_create, gmt_motify, login_password, role]
[2016-05-11 15:33:02] [main] [org.hibernate.validator.engine.resolver.DefaultTraversableResolver-81] - Instantiated an instance of org.hibernate.validator.engine.resolver.JPATraversableResolver.
[2016-05-11 15:33:02] [main] [org.springframework.web.servlet.mvc.method.annotation.RequestMappingHandlerAdapter-532] - Looking for @ControllerAdvice: org.springframework.boot.context.embedded.AnnotationConfigEmbeddedWebApplicationContext@b901239: startup date [Wed May 11 15:32:51 CST 2016]; root of context hierarchy
[2016-05-11 15:33:02] [main] [org.springframework.web.servlet.handler.AbstractHandlerMethodMapping$MappingRegistry-534] - Mapped "{[/auth/login],methods=[GET]}" onto public java.lang.String com.demon.controller.AdminAuthController.loginGet(org.springframework.ui.Model)
[2016-05-11 15:33:02] [main] [org.springframework.web.servlet.handler.AbstractHandlerMethodMapping$MappingRegistry-534] - Mapped "{[/auth/login],methods=[POST]}" onto public java.lang.String com.demon.controller.AdminAuthController.loginPost(javax.servlet.http.HttpSession,com.demon.domain.UserPlatform,org.springframework.validation.BindingResult,org.springframework.ui.Model)
[2016-05-11 15:33:02] [main] [org.springframework.web.servlet.handler.AbstractHandlerMethodMapping$MappingRegistry-534] - Mapped "{[/auth/logout],methods=[GET]}" onto public java.lang.String com.demon.controller.AdminAuthController.logout(javax.servlet.http.HttpSession,org.springframework.ui.Model)
[2016-05-11 15:33:02] [main] [org.springframework.web.servlet.handler.AbstractHandlerMethodMapping$MappingRegistry-534] - Mapped "{[/404]}" onto public java.lang.String com.demon.controller.AdminErrorController.page_404()
[2016-05-11 15:33:02] [main] [org.springframework.web.servlet.handler.AbstractHandlerMethodMapping$MappingRegistry-534] - Mapped "{[/403]}" onto public java.lang.String com.demon.controller.AdminErrorController.page_403()
[2016-05-11 15:33:02] [main] [org.springframework.web.servlet.handler.AbstractHandlerMethodMapping$MappingRegistry-534] - Mapped "{[/500]}" onto public java.lang.String com.demon.controller.AdminErrorController.page_500()
[2016-05-11 15:33:02] [main] [org.springframework.web.servlet.handler.AbstractHandlerMethodMapping$MappingRegistry-534] - Mapped "{[/manager/userPlatform/list],methods=[GET]}" onto public java.lang.String com.demon.controller.AdminManagerController.userPlatformList(int,org.springframework.ui.Model)
[2016-05-11 15:33:02] [main] [org.springframework.web.servlet.handler.AbstractHandlerMethodMapping$MappingRegistry-534] - Mapped "{[/manager/userPlatform],methods=[GET]}" onto public java.lang.String com.demon.controller.AdminManagerController.userPlatform(org.springframework.ui.Model)
[2016-05-11 15:33:02] [main] [org.springframework.web.servlet.handler.AbstractHandlerMethodMapping$MappingRegistry-534] - Mapped "{[/manager/userPlatform/{id}],methods=[GET]}" onto public java.lang.String com.demon.controller.AdminManagerController.userPlatformOperate(java.lang.String,org.springframework.ui.Model)
[2016-05-11 15:33:02] [main] [org.springframework.web.servlet.handler.AbstractHandlerMethodMapping$MappingRegistry-534] - Mapped "{[/manager/userPlatform/operate],methods=[POST]}" onto public java.lang.String com.demon.controller.AdminManagerController.userPlatformOperate(com.demon.domain.UserPlatform,org.springframework.validation.BindingResult,org.springframework.ui.Model)
[2016-05-11 15:33:02] [main] [org.springframework.web.servlet.handler.AbstractHandlerMethodMapping$MappingRegistry-534] - Mapped "{[/manager/userPlatform/del/{id}],methods=[POST]}" onto public java.lang.String com.demon.controller.AdminManagerController.userPlatformDel(java.lang.String)
[2016-05-11 15:33:02] [main] [org.springframework.web.servlet.handler.AbstractHandlerMethodMapping$MappingRegistry-534] - Mapped "{[/list]}" onto public java.lang.String com.demon.controller.AdminTableController.list()
[2016-05-11 15:33:02] [main] [org.springframework.web.servlet.handler.AbstractHandlerMethodMapping$MappingRegistry-534] - Mapped "{[/add]}" onto public java.lang.String com.demon.controller.AdminTableController.add()
[2016-05-11 15:33:02] [main] [org.springframework.web.servlet.handler.AbstractHandlerMethodMapping$MappingRegistry-534] - Mapped "{[/edit]}" onto public java.lang.String com.demon.controller.AdminTableController.edit()
[2016-05-11 15:33:02] [main] [org.springframework.web.servlet.handler.AbstractHandlerMethodMapping$MappingRegistry-534] - Mapped "{[/]}" onto public java.lang.String com.demon.controller.AdminWelcomeController.welcome(com.demon.access.AdminLoginer,java.util.Map<java.lang.String, java.lang.Object>)
[2016-05-11 15:33:02] [main] [org.springframework.web.servlet.handler.AbstractHandlerMethodMapping$MappingRegistry-534] - Mapped "{[/set]}" onto public java.lang.String com.demon.controller.AdminWelcomeController.welcomea(javax.servlet.http.HttpSession,java.util.Map<java.lang.String, java.lang.Object>)
[2016-05-11 15:33:02] [main] [org.springframework.web.servlet.handler.AbstractHandlerMethodMapping$MappingRegistry-534] - Mapped "{[/error]}" onto public org.springframework.http.ResponseEntity<java.util.Map<java.lang.String, java.lang.Object>> org.springframework.boot.autoconfigure.web.BasicErrorController.error(javax.servlet.http.HttpServletRequest)
[2016-05-11 15:33:02] [main] [org.springframework.web.servlet.handler.AbstractHandlerMethodMapping$MappingRegistry-534] - Mapped "{[/error],produces=[text/html]}" onto public org.springframework.web.servlet.ModelAndView org.springframework.boot.autoconfigure.web.BasicErrorController.errorHtml(javax.servlet.http.HttpServletRequest,javax.servlet.http.HttpServletResponse)
[2016-05-11 15:33:02] [main] [org.springframework.web.servlet.handler.AbstractUrlHandlerMapping-341] - Mapped URL path [/static/**] onto handler of type [class org.springframework.web.servlet.resource.ResourceHttpRequestHandler]
[2016-05-11 15:33:02] [main] [org.springframework.web.servlet.handler.AbstractUrlHandlerMapping-341] - Mapped URL path [/webjars/**] onto handler of type [class org.springframework.web.servlet.resource.ResourceHttpRequestHandler]
[2016-05-11 15:33:02] [main] [org.springframework.web.servlet.handler.AbstractUrlHandlerMapping-341] - Mapped URL path [/**] onto handler of type [class org.springframework.web.servlet.resource.ResourceHttpRequestHandler]
[2016-05-11 15:33:02] [main] [org.springframework.web.servlet.handler.AbstractUrlHandlerMapping-341] - Mapped URL path [/**/favicon.ico] onto handler of type [class org.springframework.web.servlet.resource.ResourceHttpRequestHandler]
[2016-05-11 15:33:03] [main] [org.springframework.web.servlet.view.velocity.VelocityConfigurer-140] - ClasspathResourceLoader with name 'springMacro' added to configured VelocityEngine
[2016-05-11 15:33:03] [main] [org.springframework.jmx.export.MBeanExporter-431] - Registering beans for JMX exposure on startup
[2016-05-11 15:33:04] [main] [org.apache.juli.logging.DirectJDKLog-180] - Initializing ProtocolHandler ["http-nio-8080"]
[2016-05-11 15:33:04] [main] [org.apache.juli.logging.DirectJDKLog-180] - Starting ProtocolHandler ["http-nio-8080"]
[2016-05-11 15:33:04] [main] [org.apache.juli.logging.DirectJDKLog-180] - Using a shared selector for servlet write/read
[2016-05-11 15:33:04] [main] [org.springframework.boot.context.embedded.tomcat.TomcatEmbeddedServletContainer-162] - Tomcat started on port(s): 8080 (http)
[2016-05-11 15:33:04] [main] [org.springframework.boot.StartupInfoLogger-57] - Started DemonAdminApplication in 13.69 seconds (JVM running for 15.664)
[2016-05-11 15:33:04] [http-nio-8080-exec-1] [org.apache.juli.logging.DirectJDKLog-180] - Initializing Spring FrameworkServlet 'dispatcherServlet'
[2016-05-11 15:33:04] [http-nio-8080-exec-1] [org.springframework.web.servlet.FrameworkServlet-488] - FrameworkServlet 'dispatcherServlet': initialization started
[2016-05-11 15:33:04] [http-nio-8080-exec-1] [org.springframework.web.servlet.FrameworkServlet-507] - FrameworkServlet 'dispatcherServlet': initialization completed in 22 ms
[2016-05-11 15:33:04] [http-nio-8080-exec-1] [com.demon.DemonAdminApplicationFilter-33] - = RequestUrl=>http://localhost:8080/, Params=>
[2016-05-11 15:33:04] [http-nio-8080-exec-2] [com.demon.DemonAdminApplicationFilter-33] - = RequestUrl=>http://localhost:8080/, Params=>
[2016-05-11 15:33:04] [http-nio-8080-exec-4] [com.demon.DemonAdminApplicationFilter-33] - = RequestUrl=>http://localhost:8080/auth/login, Params=>
[2016-05-11 15:33:05] [http-nio-8080-exec-9] [com.demon.DemonAdminApplicationFilter-33] - = RequestUrl=>http://localhost:8080/auth/login, Params=>loginUsername=zhong&loginPassword=123456
[2016-05-11 15:33:06] [http-nio-8080-exec-9] [com.demon.DemonAdminApplicationFilter-33] - = RequestUrl=>http://localhost:8080/gettime, Params=>
[2016-05-11 15:33:10] [http-nio-8080-exec-2] [com.demon.DemonAdminApplicationFilter-33] - = RequestUrl=>http://localhost:8080/, Params=>
[2016-05-11 15:33:10] [http-nio-8080-exec-8] [com.demon.DemonAdminApplicationFilter-33] - = RequestUrl=>http://localhost:8080/auth/login, Params=>
[2016-05-11 15:33:14] [http-nio-8080-exec-4] [com.demon.DemonAdminApplicationFilter-33] - = RequestUrl=>http://localhost:8080/auth/login, Params=>loginUsername=zhong&loginPassword=123456
[2016-05-11 15:33:14] [http-nio-8080-exec-4] [com.demon.DemonAdminApplicationFilter-33] - = RequestUrl=>http://localhost:8080/gettime, Params=>
[2016-05-11 15:33:15] [http-nio-8080-exec-3] [com.demon.DemonAdminApplicationFilter-33] - = RequestUrl=>http://localhost:8080/manager/userPlatform/list, Params=>
[2016-05-11 15:33:16] [http-nio-8080-exec-3] [com.demon.DemonAdminApplicationFilter-33] - = RequestUrl=>http://localhost:8080/gettime, Params=>
[2016-05-11 15:33:18] [http-nio-8080-exec-10] [com.demon.DemonAdminApplicationFilter-33] - = RequestUrl=>http://localhost:8080/, Params=>
[2016-05-11 15:33:18] [http-nio-8080-exec-1] [com.demon.DemonAdminApplicationFilter-33] - = RequestUrl=>http://localhost:8080/auth/login, Params=>
[2016-05-11 15:33:43] [http-nio-8080-exec-5] [com.demon.DemonAdminApplicationFilter-33] - = RequestUrl=>http://localhost:8080/auth/login, Params=>loginUsername=zhong&loginPassword=123456
[2016-05-11 15:33:43] [http-nio-8080-exec-5] [com.demon.DemonAdminApplicationFilter-33] - = RequestUrl=>http://localhost:8080/gettime, Params=>
[2016-05-11 15:33:47] [http-nio-8080-exec-4] [com.demon.DemonAdminApplicationFilter-33] - = RequestUrl=>http://localhost:8080/, Params=>
[2016-05-11 15:33:47] [http-nio-8080-exec-4] [com.demon.controller.AdminWelcomeController$$EPksPaci-49] - adminLoginValue=>AdminLoginValue [id=10000005, loginUsername=zhong, role=SUPER_ADMIN]
[2016-05-11 15:36:27] [http-nio-8080-exec-8] [com.demon.DemonAdminApplicationFilter-33] - = RequestUrl=>http://localhost:8080/manager/userPlatform/list, Params=>
[2016-05-11 15:36:27] [http-nio-8080-exec-8] [com.demon.DemonAdminApplicationFilter-33] - = RequestUrl=>http://localhost:8080/gettime, Params=>
[2016-05-11 15:36:34] [http-nio-8080-exec-1] [com.demon.DemonAdminApplicationFilter-33] - = RequestUrl=>http://localhost:8080/manager/userPlatform/list, Params=>
[2016-05-11 15:36:34] [http-nio-8080-exec-1] [com.demon.DemonAdminApplicationFilter-33] - = RequestUrl=>http://localhost:8080/gettime, Params=>
[2016-05-11 15:36:51] [http-nio-8080-exec-7] [com.demon.DemonAdminApplicationFilter-33] - = RequestUrl=>http://localhost:8080/, Params=>
[2016-05-11 15:36:51] [http-nio-8080-exec-7] [com.demon.controller.AdminWelcomeController$$EPksPaci-49] - adminLoginValue=>AdminLoginValue [id=10000005, loginUsername=zhong, role=SUPER_ADMIN]
[2016-05-11 15:37:13] [http-nio-8080-exec-9] [com.demon.DemonAdminApplicationFilter-33] - = RequestUrl=>http://localhost:8080/manager/userPlatform/list, Params=>
[2016-05-11 15:37:13] [http-nio-8080-exec-9] [com.demon.DemonAdminApplicationFilter-33] - = RequestUrl=>http://localhost:8080/gettime, Params=>
[2016-05-11 15:37:28] [http-nio-8080-exec-4] [com.demon.DemonAdminApplicationFilter-33] - = RequestUrl=>http://localhost:8080/manager/userPlatform/list, Params=>
[2016-05-11 15:37:28] [http-nio-8080-exec-4] [com.demon.DemonAdminApplicationFilter-33] - = RequestUrl=>http://localhost:8080/gettime, Params=>
[2016-05-11 15:37:29] [http-nio-8080-exec-3] [com.demon.DemonAdminApplicationFilter-33] - = RequestUrl=>http://localhost:8080/manager/userPlatform/list, Params=>
[2016-05-11 15:37:29] [http-nio-8080-exec-3] [com.demon.DemonAdminApplicationFilter-33] - = RequestUrl=>http://localhost:8080/gettime, Params=>
[2016-05-11 15:37:33] [http-nio-8080-exec-2] [com.demon.DemonAdminApplicationFilter-33] - = RequestUrl=>http://localhost:8080/manager/userPlatform/list, Params=>
[2016-05-11 15:37:34] [http-nio-8080-exec-2] [com.demon.DemonAdminApplicationFilter-33] - = RequestUrl=>http://localhost:8080/gettime, Params=>
[2016-05-11 15:38:44] [http-nio-8080-exec-6] [com.demon.DemonAdminApplicationFilter-33] - = RequestUrl=>http://localhost:8080/manager/userPlatform/list, Params=>
[2016-05-11 15:38:44] [http-nio-8080-exec-6] [com.demon.DemonAdminApplicationFilter-33] - = RequestUrl=>http://localhost:8080/gettime, Params=>
[2016-05-11 15:40:20] [http-nio-8080-exec-1] [com.demon.DemonAdminApplicationFilter-33] - = RequestUrl=>http://localhost:8080/manager/userPlatform/list, Params=>
[2016-05-11 15:40:20] [http-nio-8080-exec-1] [com.demon.DemonAdminApplicationFilter-33] - = RequestUrl=>http://localhost:8080/gettime, Params=>
[2016-05-11 15:40:23] [http-nio-8080-exec-2] [com.demon.DemonAdminApplicationFilter-33] - = RequestUrl=>http://localhost:8080/, Params=>
[2016-05-11 15:40:23] [http-nio-8080-exec-2] [com.demon.controller.AdminWelcomeController$$EPksPaci-49] - adminLoginValue=>AdminLoginValue [id=10000005, loginUsername=zhong, role=SUPER_ADMIN]
[2016-05-11 15:40:24] [http-nio-8080-exec-3] [com.demon.DemonAdminApplicationFilter-33] - = RequestUrl=>http://localhost:8080/manager/userPlatform/list, Params=>
[2016-05-11 15:40:24] [http-nio-8080-exec-5] [com.demon.DemonAdminApplicationFilter-33] - = RequestUrl=>http://localhost:8080/gettime, Params=>
[2016-05-11 15:40:25] [http-nio-8080-exec-8] [com.demon.DemonAdminApplicationFilter-33] - = RequestUrl=>http://localhost:8080/, Params=>
[2016-05-11 15:40:25] [http-nio-8080-exec-8] [com.demon.controller.AdminWelcomeController$$EPksPaci-49] - adminLoginValue=>AdminLoginValue [id=10000005, loginUsername=zhong, role=SUPER_ADMIN]
[2016-05-11 15:40:26] [http-nio-8080-exec-10] [com.demon.DemonAdminApplicationFilter-33] - = RequestUrl=>http://localhost:8080/manager/userPlatform/list, Params=>
[2016-05-11 15:40:26] [http-nio-8080-exec-6] [com.demon.DemonAdminApplicationFilter-33] - = RequestUrl=>http://localhost:8080/gettime, Params=>
[2016-05-11 15:40:27] [http-nio-8080-exec-4] [com.demon.DemonAdminApplicationFilter-33] - = RequestUrl=>http://localhost:8080/manager/userPlatform/list, Params=>
[2016-05-11 15:40:27] [http-nio-8080-exec-4] [com.demon.DemonAdminApplicationFilter-33] - = RequestUrl=>http://localhost:8080/gettime, Params=>
[2016-05-11 15:40:30] [http-nio-8080-exec-7] [com.demon.DemonAdminApplicationFilter-33] - = RequestUrl=>http://localhost:8080/manager/userPlatform/10000005, Params=>
[2016-05-11 15:40:30] [http-nio-8080-exec-7] [com.demon.DemonAdminApplicationFilter-33] - = RequestUrl=>http://localhost:8080/gettime, Params=>
[2016-05-11 15:40:31] [http-nio-8080-exec-5] [com.demon.DemonAdminApplicationFilter-33] - = RequestUrl=>http://localhost:8080/manager/userPlatform/list, Params=>
[2016-05-11 15:40:31] [http-nio-8080-exec-5] [com.demon.DemonAdminApplicationFilter-33] - = RequestUrl=>http://localhost:8080/gettime, Params=>
[2016-05-11 15:40:32] [http-nio-8080-exec-10] [com.demon.DemonAdminApplicationFilter-33] - = RequestUrl=>http://localhost:8080/manager/userPlatform/10000004, Params=>
[2016-05-11 15:40:33] [http-nio-8080-exec-10] [com.demon.DemonAdminApplicationFilter-33] - = RequestUrl=>http://localhost:8080/gettime, Params=>
[2016-05-11 15:40:33] [http-nio-8080-exec-1] [com.demon.DemonAdminApplicationFilter-33] - = RequestUrl=>http://localhost:8080/manager/userPlatform/list, Params=>
[2016-05-11 15:40:33] [http-nio-8080-exec-1] [com.demon.DemonAdminApplicationFilter-33] - = RequestUrl=>http://localhost:8080/gettime, Params=>
[2016-05-11 15:40:34] [http-nio-8080-exec-9] [com.demon.DemonAdminApplicationFilter-33] - = RequestUrl=>http://localhost:8080/manager/userPlatform/list, Params=>page=4
[2016-05-11 15:40:34] [http-nio-8080-exec-9] [com.demon.DemonAdminApplicationFilter-33] - = RequestUrl=>http://localhost:8080/gettime, Params=>
[2016-05-11 15:40:35] [http-nio-8080-exec-8] [com.demon.DemonAdminApplicationFilter-33] - = RequestUrl=>http://localhost:8080/manager/userPlatform/list, Params=>page=3
[2016-05-11 15:40:35] [http-nio-8080-exec-8] [com.demon.DemonAdminApplicationFilter-33] - = RequestUrl=>http://localhost:8080/gettime, Params=>
[2016-05-11 15:40:36] [http-nio-8080-exec-4] [com.demon.DemonAdminApplicationFilter-33] - = RequestUrl=>http://localhost:8080/manager/userPlatform/list, Params=>page=2
[2016-05-11 15:40:36] [http-nio-8080-exec-4] [com.demon.DemonAdminApplicationFilter-33] - = RequestUrl=>http://localhost:8080/gettime, Params=>
[2016-05-11 15:40:36] [http-nio-8080-exec-7] [com.demon.DemonAdminApplicationFilter-33] - = RequestUrl=>http://localhost:8080/manager/userPlatform/list, Params=>page=1
[2016-05-11 15:40:36] [http-nio-8080-exec-7] [com.demon.DemonAdminApplicationFilter-33] - = RequestUrl=>http://localhost:8080/gettime, Params=>
[2016-05-11 15:40:37] [http-nio-8080-exec-5] [com.demon.DemonAdminApplicationFilter-33] - = RequestUrl=>http://localhost:8080/manager/userPlatform/list, Params=>page=1
[2016-05-11 15:40:37] [http-nio-8080-exec-5] [com.demon.DemonAdminApplicationFilter-33] - = RequestUrl=>http://localhost:8080/gettime, Params=>
[2016-05-11 15:40:38] [http-nio-8080-exec-2] [com.demon.DemonAdminApplicationFilter-33] - = RequestUrl=>http://localhost:8080/manager/userPlatform/list, Params=>page=1
[2016-05-11 15:40:38] [http-nio-8080-exec-2] [com.demon.DemonAdminApplicationFilter-33] - = RequestUrl=>http://localhost:8080/gettime, Params=>
[2016-05-11 15:40:38] [http-nio-8080-exec-1] [com.demon.DemonAdminApplicationFilter-33] - = RequestUrl=>http://localhost:8080/manager/userPlatform/list, Params=>page=2
[2016-05-11 15:40:38] [http-nio-8080-exec-1] [com.demon.DemonAdminApplicationFilter-33] - = RequestUrl=>http://localhost:8080/gettime, Params=>
[2016-05-11 15:40:38] [http-nio-8080-exec-9] [com.demon.DemonAdminApplicationFilter-33] - = RequestUrl=>http://localhost:8080/manager/userPlatform/list, Params=>page=3
[2016-05-11 15:40:39] [http-nio-8080-exec-9] [com.demon.DemonAdminApplicationFilter-33] - = RequestUrl=>http://localhost:8080/gettime, Params=>
[2016-05-11 15:40:39] [http-nio-8080-exec-10] [com.demon.DemonAdminApplicationFilter-33] - = RequestUrl=>http://localhost:8080/manager/userPlatform/list, Params=>page=4
[2016-05-11 15:40:39] [http-nio-8080-exec-10] [com.demon.DemonAdminApplicationFilter-33] - = RequestUrl=>http://localhost:8080/gettime, Params=>
[2016-05-11 15:40:40] [http-nio-8080-exec-4] [com.demon.DemonAdminApplicationFilter-33] - = RequestUrl=>http://localhost:8080/manager/userPlatform/list, Params=>page=1
[2016-05-11 15:40:41] [http-nio-8080-exec-4] [com.demon.DemonAdminApplicationFilter-33] - = RequestUrl=>http://localhost:8080/gettime, Params=>
[2016-05-11 15:40:42] [http-nio-8080-exec-8] [com.demon.DemonAdminApplicationFilter-33] - = RequestUrl=>http://localhost:8080/manager/userPlatform/list, Params=>page=2
[2016-05-11 15:40:42] [http-nio-8080-exec-8] [com.demon.DemonAdminApplicationFilter-33] - = RequestUrl=>http://localhost:8080/gettime, Params=>
[2016-05-11 15:40:42] [http-nio-8080-exec-2] [com.demon.DemonAdminApplicationFilter-33] - = RequestUrl=>http://localhost:8080/manager/userPlatform/list, Params=>page=3
[2016-05-11 15:40:43] [http-nio-8080-exec-2] [com.demon.DemonAdminApplicationFilter-33] - = RequestUrl=>http://localhost:8080/gettime, Params=>
[2016-05-11 15:40:43] [http-nio-8080-exec-5] [com.demon.DemonAdminApplicationFilter-33] - = RequestUrl=>http://localhost:8080/manager/userPlatform/list, Params=>page=4
[2016-05-11 15:40:43] [http-nio-8080-exec-5] [com.demon.DemonAdminApplicationFilter-33] - = RequestUrl=>http://localhost:8080/gettime, Params=>
[2016-05-11 15:40:44] [http-nio-8080-exec-6] [com.demon.DemonAdminApplicationFilter-33] - = RequestUrl=>http://localhost:8080/manager/userPlatform/list, Params=>page=1
[2016-05-11 15:40:44] [http-nio-8080-exec-6] [com.demon.DemonAdminApplicationFilter-33] - = RequestUrl=>http://localhost:8080/gettime, Params=>
[2016-05-11 15:41:07] [http-nio-8080-exec-1] [com.demon.DemonAdminApplicationFilter-33] - = RequestUrl=>http://localhost:8080/, Params=>
[2016-05-11 15:41:07] [http-nio-8080-exec-1] [com.demon.controller.AdminWelcomeController$$EPksPaci-49] - adminLoginValue=>AdminLoginValue [id=10000005, loginUsername=zhong, role=SUPER_ADMIN]
[2016-05-11 15:41:09] [http-nio-8080-exec-3] [com.demon.DemonAdminApplicationFilter-33] - = RequestUrl=>http://localhost:8080/manager/userPlatform/list, Params=>page=1
[2016-05-11 15:41:09] [http-nio-8080-exec-7] [com.demon.DemonAdminApplicationFilter-33] - = RequestUrl=>http://localhost:8080/gettime, Params=>
[2016-05-11 15:42:59] [Thread-4] [org.springframework.context.support.AbstractApplicationContext-960] - Closing org.springframework.boot.context.embedded.AnnotationConfigEmbeddedWebApplicationContext@b901239: startup date [Wed May 11 15:32:51 CST 2016]; root of context hierarchy
[2016-05-11 15:42:59] [Thread-4] [org.springframework.jmx.export.MBeanExporter-449] - Unregistering JMX-exposed beans on shutdown
[2016-05-11 15:42:59] [Thread-4] [org.springframework.orm.jpa.AbstractEntityManagerFactoryBean-481] - Closing JPA EntityManagerFactory for persistence unit 'default'
[2016-05-11 15:44:39] [main] [org.springframework.boot.StartupInfoLogger-48] - Starting DemonAdminApplication on cengningzhongdeMacBook-Pro.local with PID 21343 (/Users/zengningzhong/Documents/workspace-sts-develop/demon/demon-admin/target/classes started by zengningzhong in /Users/zengningzhong/Documents/workspace-sts-develop/demon/demon-admin)
[2016-05-11 15:44:39] [main] [org.springframework.boot.SpringApplication-670] - The following profiles are active: dev
[2016-05-11 15:44:39] [main] [org.springframework.context.support.AbstractApplicationContext-578] - Refreshing org.springframework.boot.context.embedded.AnnotationConfigEmbeddedWebApplicationContext@37d488c1: startup date [Wed May 11 15:44:39 CST 2016]; root of context hierarchy
[2016-05-11 15:44:40] [background-preinit] [org.hibernate.validator.util.Version-56] - Hibernate Validator 4.1.0.Final
[2016-05-11 15:44:40] [background-preinit] [org.hibernate.validator.engine.resolver.DefaultTraversableResolver-81] - Instantiated an instance of org.hibernate.validator.engine.resolver.JPATraversableResolver.
[2016-05-11 15:44:42] [main] [org.springframework.beans.factory.support.DefaultListableBeanFactory-839] - Overriding bean definition for bean 'beanNameViewResolver' with a different definition: replacing [Root bean: class [null]; scope=; abstract=false; lazyInit=false; autowireMode=3; dependencyCheck=0; autowireCandidate=true; primary=false; factoryBeanName=org.springframework.boot.autoconfigure.web.ErrorMvcAutoConfiguration$WhitelabelErrorViewConfiguration; factoryMethodName=beanNameViewResolver; initMethodName=null; destroyMethodName=(inferred); defined in class path resource [org/springframework/boot/autoconfigure/web/ErrorMvcAutoConfiguration$WhitelabelErrorViewConfiguration.class]] with [Root bean: class [null]; scope=; abstract=false; lazyInit=false; autowireMode=3; dependencyCheck=0; autowireCandidate=true; primary=false; factoryBeanName=org.springframework.boot.autoconfigure.web.WebMvcAutoConfiguration$WebMvcAutoConfigurationAdapter; factoryMethodName=beanNameViewResolver; initMethodName=null; destroyMethodName=(inferred); defined in class path resource [org/springframework/boot/autoconfigure/web/WebMvcAutoConfiguration$WebMvcAutoConfigurationAdapter.class]]
[2016-05-11 15:44:43] [main] [org.springframework.context.support.PostProcessorRegistrationDelegate$BeanPostProcessorChecker-328] - Bean 'org.springframework.transaction.annotation.ProxyTransactionManagementConfiguration' of type [class org.springframework.transaction.annotation.ProxyTransactionManagementConfiguration$$EnhancerBySpringCGLIB$$935d060a] is not eligible for getting processed by all BeanPostProcessors (for example: not eligible for auto-proxying)
[2016-05-11 15:44:44] [main] [org.hibernate.validator.engine.resolver.DefaultTraversableResolver-81] - Instantiated an instance of org.hibernate.validator.engine.resolver.JPATraversableResolver.
[2016-05-11 15:44:44] [main] [org.springframework.boot.context.embedded.tomcat.TomcatEmbeddedServletContainer-81] - Tomcat initialized with port(s): 8080 (http)
[2016-05-11 15:44:44] [main] [org.apache.juli.logging.DirectJDKLog-180] - Starting service Tomcat
[2016-05-11 15:44:44] [main] [org.apache.juli.logging.DirectJDKLog-180] - Starting Servlet Engine: Apache Tomcat/8.0.32
[2016-05-11 15:44:44] [localhost-startStop-1] [org.apache.juli.logging.DirectJDKLog-180] - Initializing Spring embedded WebApplicationContext
[2016-05-11 15:44:44] [localhost-startStop-1] [org.springframework.boot.context.embedded.EmbeddedWebApplicationContext-272] - Root WebApplicationContext: initialization completed in 4760 ms
[2016-05-11 15:44:45] [localhost-startStop-1] [org.springframework.boot.context.embedded.AbstractFilterRegistrationBean-258] - Mapping filter: 'hiddenHttpMethodFilter' to: [/*]
[2016-05-11 15:44:45] [localhost-startStop-1] [org.springframework.boot.context.embedded.AbstractFilterRegistrationBean-258] - Mapping filter: 'httpPutFormContentFilter' to: [/*]
[2016-05-11 15:44:45] [localhost-startStop-1] [org.springframework.boot.context.embedded.AbstractFilterRegistrationBean-258] - Mapping filter: 'requestContextFilter' to: [/*]
[2016-05-11 15:44:45] [localhost-startStop-1] [org.springframework.boot.context.embedded.AbstractFilterRegistrationBean-271] - Mapping filter: 'demonAdminApplicationFilter' to urls: [/*]
[2016-05-11 15:44:45] [localhost-startStop-1] [org.springframework.boot.context.embedded.AbstractFilterRegistrationBean-258] - Mapping filter: 'characterEncodingFilter' to: [/*]
[2016-05-11 15:44:45] [localhost-startStop-1] [org.springframework.boot.context.embedded.ServletRegistrationBean-189] - Mapping servlet: 'dispatcherServlet' to [/]
[2016-05-11 15:44:45] [main] [org.springframework.orm.jpa.LocalContainerEntityManagerFactoryBean-339] - Building JPA container EntityManagerFactory for persistence unit 'default'
[2016-05-11 15:44:45] [main] [org.hibernate.jpa.internal.util.LogHelper-46] - HHH000204: Processing PersistenceUnitInfo [
	name: default
	...]
[2016-05-11 15:44:45] [main] [org.hibernate.Version-54] - HHH000412: Hibernate Core {4.3.11.Final}
[2016-05-11 15:44:45] [main] [org.hibernate.cfg.Environment-239] - HHH000206: hibernate.properties not found
[2016-05-11 15:44:45] [main] [org.hibernate.cfg.Environment-346] - HHH000021: Bytecode provider name : javassist
[2016-05-11 15:44:46] [main] [org.hibernate.annotations.common.reflection.java.JavaReflectionManager-66] - HCANN000001: Hibernate Commons Annotations {4.0.5.Final}
[2016-05-11 15:44:46] [main] [org.hibernate.dialect.Dialect-145] - HHH000400: Using dialect: org.hibernate.dialect.MySQLDialect
[2016-05-11 15:44:46] [main] [org.hibernate.hql.internal.ast.ASTQueryTranslatorFactory-47] - HHH000397: Using ASTQueryTranslatorFactory
[2016-05-11 15:44:46] [main] [org.hibernate.validator.engine.resolver.DefaultTraversableResolver-81] - Instantiated an instance of org.hibernate.validator.engine.resolver.JPATraversableResolver.
[2016-05-11 15:44:46] [main] [org.hibernate.tool.hbm2ddl.SchemaValidator-157] - HHH000229: Running schema validator
[2016-05-11 15:44:46] [main] [org.hibernate.tool.hbm2ddl.SchemaValidator-165] - HHH000102: Fetching database metadata
[2016-05-11 15:44:46] [main] [org.hibernate.tool.hbm2ddl.TableMetadata-65] - HHH000261: Table found: boot.user_platform
[2016-05-11 15:44:46] [main] [org.hibernate.tool.hbm2ddl.TableMetadata-66] - HHH000037: Columns: [id, login_username, gmt_create, gmt_motify, login_password, role]
[2016-05-11 15:44:47] [main] [org.hibernate.validator.engine.resolver.DefaultTraversableResolver-81] - Instantiated an instance of org.hibernate.validator.engine.resolver.JPATraversableResolver.
[2016-05-11 15:44:48] [main] [org.springframework.web.servlet.mvc.method.annotation.RequestMappingHandlerAdapter-532] - Looking for @ControllerAdvice: org.springframework.boot.context.embedded.AnnotationConfigEmbeddedWebApplicationContext@37d488c1: startup date [Wed May 11 15:44:39 CST 2016]; root of context hierarchy
[2016-05-11 15:44:48] [main] [org.springframework.web.servlet.handler.AbstractHandlerMethodMapping$MappingRegistry-534] - Mapped "{[/auth/login],methods=[GET]}" onto public java.lang.String com.demon.controller.AdminAuthController.loginGet(org.springframework.ui.Model)
[2016-05-11 15:44:48] [main] [org.springframework.web.servlet.handler.AbstractHandlerMethodMapping$MappingRegistry-534] - Mapped "{[/auth/login],methods=[POST]}" onto public java.lang.String com.demon.controller.AdminAuthController.loginPost(javax.servlet.http.HttpSession,com.demon.domain.UserPlatform,org.springframework.validation.BindingResult,org.springframework.ui.Model)
[2016-05-11 15:44:48] [main] [org.springframework.web.servlet.handler.AbstractHandlerMethodMapping$MappingRegistry-534] - Mapped "{[/auth/logout],methods=[GET]}" onto public java.lang.String com.demon.controller.AdminAuthController.logout(javax.servlet.http.HttpSession,org.springframework.ui.Model)
[2016-05-11 15:44:48] [main] [org.springframework.web.servlet.handler.AbstractHandlerMethodMapping$MappingRegistry-534] - Mapped "{[/404]}" onto public java.lang.String com.demon.controller.AdminErrorController.page_404()
[2016-05-11 15:44:48] [main] [org.springframework.web.servlet.handler.AbstractHandlerMethodMapping$MappingRegistry-534] - Mapped "{[/403]}" onto public java.lang.String com.demon.controller.AdminErrorController.page_403()
[2016-05-11 15:44:48] [main] [org.springframework.web.servlet.handler.AbstractHandlerMethodMapping$MappingRegistry-534] - Mapped "{[/500]}" onto public java.lang.String com.demon.controller.AdminErrorController.page_500()
[2016-05-11 15:44:48] [main] [org.springframework.web.servlet.handler.AbstractHandlerMethodMapping$MappingRegistry-534] - Mapped "{[/manager/userPlatform/list],methods=[GET]}" onto public java.lang.String com.demon.controller.AdminManagerController.userPlatformList(int,org.springframework.ui.Model)
[2016-05-11 15:44:48] [main] [org.springframework.web.servlet.handler.AbstractHandlerMethodMapping$MappingRegistry-534] - Mapped "{[/manager/userPlatform],methods=[GET]}" onto public java.lang.String com.demon.controller.AdminManagerController.userPlatform(org.springframework.ui.Model)
[2016-05-11 15:44:48] [main] [org.springframework.web.servlet.handler.AbstractHandlerMethodMapping$MappingRegistry-534] - Mapped "{[/manager/userPlatform/{id}],methods=[GET]}" onto public java.lang.String com.demon.controller.AdminManagerController.userPlatformOperate(java.lang.String,org.springframework.ui.Model)
[2016-05-11 15:44:48] [main] [org.springframework.web.servlet.handler.AbstractHandlerMethodMapping$MappingRegistry-534] - Mapped "{[/manager/userPlatform/operate],methods=[POST]}" onto public java.lang.String com.demon.controller.AdminManagerController.userPlatformOperate(com.demon.domain.UserPlatform,org.springframework.validation.BindingResult,org.springframework.ui.Model)
[2016-05-11 15:44:48] [main] [org.springframework.web.servlet.handler.AbstractHandlerMethodMapping$MappingRegistry-534] - Mapped "{[/manager/userPlatform/del/{id}],methods=[POST]}" onto public java.lang.String com.demon.controller.AdminManagerController.userPlatformDel(java.lang.String)
[2016-05-11 15:44:48] [main] [org.springframework.web.servlet.handler.AbstractHandlerMethodMapping$MappingRegistry-534] - Mapped "{[/list]}" onto public java.lang.String com.demon.controller.AdminTableController.list()
[2016-05-11 15:44:48] [main] [org.springframework.web.servlet.handler.AbstractHandlerMethodMapping$MappingRegistry-534] - Mapped "{[/add]}" onto public java.lang.String com.demon.controller.AdminTableController.add()
[2016-05-11 15:44:48] [main] [org.springframework.web.servlet.handler.AbstractHandlerMethodMapping$MappingRegistry-534] - Mapped "{[/edit]}" onto public java.lang.String com.demon.controller.AdminTableController.edit()
[2016-05-11 15:44:48] [main] [org.springframework.web.servlet.handler.AbstractHandlerMethodMapping$MappingRegistry-534] - Mapped "{[/]}" onto public java.lang.String com.demon.controller.AdminWelcomeController.welcome(com.demon.access.AdminLoginer,java.util.Map<java.lang.String, java.lang.Object>)
[2016-05-11 15:44:48] [main] [org.springframework.web.servlet.handler.AbstractHandlerMethodMapping$MappingRegistry-534] - Mapped "{[/set]}" onto public java.lang.String com.demon.controller.AdminWelcomeController.welcomea(javax.servlet.http.HttpSession,java.util.Map<java.lang.String, java.lang.Object>)
[2016-05-11 15:44:48] [main] [org.springframework.web.servlet.handler.AbstractHandlerMethodMapping$MappingRegistry-534] - Mapped "{[/error]}" onto public org.springframework.http.ResponseEntity<java.util.Map<java.lang.String, java.lang.Object>> org.springframework.boot.autoconfigure.web.BasicErrorController.error(javax.servlet.http.HttpServletRequest)
[2016-05-11 15:44:48] [main] [org.springframework.web.servlet.handler.AbstractHandlerMethodMapping$MappingRegistry-534] - Mapped "{[/error],produces=[text/html]}" onto public org.springframework.web.servlet.ModelAndView org.springframework.boot.autoconfigure.web.BasicErrorController.errorHtml(javax.servlet.http.HttpServletRequest,javax.servlet.http.HttpServletResponse)
[2016-05-11 15:44:48] [main] [org.springframework.web.servlet.handler.AbstractUrlHandlerMapping-341] - Mapped URL path [/static/**] onto handler of type [class org.springframework.web.servlet.resource.ResourceHttpRequestHandler]
[2016-05-11 15:44:48] [main] [org.springframework.web.servlet.handler.AbstractUrlHandlerMapping-341] - Mapped URL path [/webjars/**] onto handler of type [class org.springframework.web.servlet.resource.ResourceHttpRequestHandler]
[2016-05-11 15:44:48] [main] [org.springframework.web.servlet.handler.AbstractUrlHandlerMapping-341] - Mapped URL path [/**] onto handler of type [class org.springframework.web.servlet.resource.ResourceHttpRequestHandler]
[2016-05-11 15:44:48] [main] [org.springframework.web.servlet.handler.AbstractUrlHandlerMapping-341] - Mapped URL path [/**/favicon.ico] onto handler of type [class org.springframework.web.servlet.resource.ResourceHttpRequestHandler]
[2016-05-11 15:44:48] [main] [org.springframework.web.servlet.view.velocity.VelocityConfigurer-140] - ClasspathResourceLoader with name 'springMacro' added to configured VelocityEngine
[2016-05-11 15:44:48] [main] [org.springframework.jmx.export.MBeanExporter-431] - Registering beans for JMX exposure on startup
[2016-05-11 15:44:49] [main] [org.apache.juli.logging.DirectJDKLog-180] - Initializing ProtocolHandler ["http-nio-8080"]
[2016-05-11 15:44:49] [main] [org.apache.juli.logging.DirectJDKLog-180] - Starting ProtocolHandler ["http-nio-8080"]
[2016-05-11 15:44:49] [main] [org.apache.juli.logging.DirectJDKLog-180] - Using a shared selector for servlet write/read
[2016-05-11 15:44:49] [main] [org.springframework.boot.context.embedded.tomcat.TomcatEmbeddedServletContainer-162] - Tomcat started on port(s): 8080 (http)
[2016-05-11 15:44:49] [main] [org.springframework.boot.StartupInfoLogger-57] - Started DemonAdminApplication in 10.106 seconds (JVM running for 11.968)
[2016-05-11 16:23:41] [Thread-4] [org.springframework.context.support.AbstractApplicationContext-960] - Closing org.springframework.boot.context.embedded.AnnotationConfigEmbeddedWebApplicationContext@37d488c1: startup date [Wed May 11 15:44:39 CST 2016]; root of context hierarchy
[2016-05-11 16:23:41] [Thread-4] [org.springframework.jmx.export.MBeanExporter-449] - Unregistering JMX-exposed beans on shutdown
[2016-05-11 16:23:41] [Thread-4] [org.springframework.orm.jpa.AbstractEntityManagerFactoryBean-481] - Closing JPA EntityManagerFactory for persistence unit 'default'
