[2016-05-14 15:34:50] [main] [org.springframework.boot.StartupInfoLogger-48] - Starting DemonAdminApplication on cengningzhongdeMacBook-Pro.local with PID 33508 (/Users/zengningzhong/Documents/workspace-sts-develop/demon/demon-admin/target/classes started by zengningzhong in /Users/zengningzhong/Documents/workspace-sts-develop/demon/demon-admin)
[2016-05-14 15:34:50] [main] [org.springframework.boot.SpringApplication-670] - The following profiles are active: dev
[2016-05-14 15:34:50] [main] [org.springframework.context.support.AbstractApplicationContext-578] - Refreshing org.springframework.boot.context.embedded.AnnotationConfigEmbeddedWebApplicationContext@d56fc13: startup date [Sat May 14 15:34:50 CST 2016]; root of context hierarchy
[2016-05-14 15:34:52] [main] [org.springframework.beans.factory.support.DefaultListableBeanFactory-839] - Overriding bean definition for bean 'beanNameViewResolver' with a different definition: replacing [Root bean: class [null]; scope=; abstract=false; lazyInit=false; autowireMode=3; dependencyCheck=0; autowireCandidate=true; primary=false; factoryBeanName=org.springframework.boot.autoconfigure.web.ErrorMvcAutoConfiguration$WhitelabelErrorViewConfiguration; factoryMethodName=beanNameViewResolver; initMethodName=null; destroyMethodName=(inferred); defined in class path resource [org/springframework/boot/autoconfigure/web/ErrorMvcAutoConfiguration$WhitelabelErrorViewConfiguration.class]] with [Root bean: class [null]; scope=; abstract=false; lazyInit=false; autowireMode=3; dependencyCheck=0; autowireCandidate=true; primary=false; factoryBeanName=org.springframework.boot.autoconfigure.web.WebMvcAutoConfiguration$WebMvcAutoConfigurationAdapter; factoryMethodName=beanNameViewResolver; initMethodName=null; destroyMethodName=(inferred); defined in class path resource [org/springframework/boot/autoconfigure/web/WebMvcAutoConfiguration$WebMvcAutoConfigurationAdapter.class]]
[2016-05-14 15:34:54] [main] [org.springframework.context.support.PostProcessorRegistrationDelegate$BeanPostProcessorChecker-328] - Bean 'org.springframework.transaction.annotation.ProxyTransactionManagementConfiguration' of type [class org.springframework.transaction.annotation.ProxyTransactionManagementConfiguration$$EnhancerBySpringCGLIB$$32940557] is not eligible for getting processed by all BeanPostProcessors (for example: not eligible for auto-proxying)
[2016-05-14 15:34:54] [main] [org.hibernate.validator.engine.resolver.DefaultTraversableResolver-81] - Instantiated an instance of org.hibernate.validator.engine.resolver.JPATraversableResolver.
[2016-05-14 15:34:54] [main] [org.springframework.boot.context.embedded.tomcat.TomcatEmbeddedServletContainer-81] - Tomcat initialized with port(s): 8080 (http)
[2016-05-14 15:34:54] [main] [org.apache.juli.logging.DirectJDKLog-180] - Starting service Tomcat
[2016-05-14 15:34:54] [main] [org.apache.juli.logging.DirectJDKLog-180] - Starting Servlet Engine: Apache Tomcat/8.0.32
[2016-05-14 15:34:55] [localhost-startStop-1] [org.apache.juli.logging.DirectJDKLog-180] - Initializing Spring embedded WebApplicationContext
[2016-05-14 15:34:55] [localhost-startStop-1] [org.springframework.boot.context.embedded.EmbeddedWebApplicationContext-272] - Root WebApplicationContext: initialization completed in 4810 ms
[2016-05-14 15:34:55] [localhost-startStop-1] [org.springframework.boot.context.embedded.AbstractFilterRegistrationBean-258] - Mapping filter: 'hiddenHttpMethodFilter' to: [/*]
[2016-05-14 15:34:55] [localhost-startStop-1] [org.springframework.boot.context.embedded.AbstractFilterRegistrationBean-258] - Mapping filter: 'httpPutFormContentFilter' to: [/*]
[2016-05-14 15:34:55] [localhost-startStop-1] [org.springframework.boot.context.embedded.AbstractFilterRegistrationBean-258] - Mapping filter: 'requestContextFilter' to: [/*]
[2016-05-14 15:34:55] [localhost-startStop-1] [org.springframework.boot.context.embedded.AbstractFilterRegistrationBean-271] - Mapping filter: 'demonAdminApplicationFilter' to urls: [/*]
[2016-05-14 15:34:55] [localhost-startStop-1] [org.springframework.boot.context.embedded.AbstractFilterRegistrationBean-258] - Mapping filter: 'characterEncodingFilter' to: [/*]
[2016-05-14 15:34:55] [localhost-startStop-1] [org.springframework.boot.context.embedded.ServletRegistrationBean-189] - Mapping servlet: 'dispatcherServlet' to [/]
[2016-05-14 15:34:55] [main] [org.springframework.orm.jpa.LocalContainerEntityManagerFactoryBean-339] - Building JPA container EntityManagerFactory for persistence unit 'default'
[2016-05-14 15:34:55] [main] [org.hibernate.jpa.internal.util.LogHelper-46] - HHH000204: Processing PersistenceUnitInfo [
	name: default
	...]
[2016-05-14 15:34:56] [main] [org.hibernate.Version-54] - HHH000412: Hibernate Core {4.3.11.Final}
[2016-05-14 15:34:56] [main] [org.hibernate.cfg.Environment-239] - HHH000206: hibernate.properties not found
[2016-05-14 15:34:56] [main] [org.hibernate.cfg.Environment-346] - HHH000021: Bytecode provider name : javassist
[2016-05-14 15:34:56] [main] [org.hibernate.annotations.common.reflection.java.JavaReflectionManager-66] - HCANN000001: Hibernate Commons Annotations {4.0.5.Final}
[2016-05-14 15:34:57] [main] [org.hibernate.dialect.Dialect-145] - HHH000400: Using dialect: org.hibernate.dialect.MySQLDialect
[2016-05-14 15:34:57] [main] [org.hibernate.hql.internal.ast.ASTQueryTranslatorFactory-47] - HHH000397: Using ASTQueryTranslatorFactory
[2016-05-14 15:34:57] [main] [org.hibernate.validator.engine.resolver.DefaultTraversableResolver-81] - Instantiated an instance of org.hibernate.validator.engine.resolver.JPATraversableResolver.
[2016-05-14 15:34:58] [main] [org.hibernate.tool.hbm2ddl.SchemaValidator-157] - HHH000229: Running schema validator
[2016-05-14 15:34:58] [main] [org.hibernate.tool.hbm2ddl.SchemaValidator-165] - HHH000102: Fetching database metadata
[2016-05-14 15:34:58] [main] [org.hibernate.tool.hbm2ddl.TableMetadata-65] - HHH000261: Table found: boot.user_platform
[2016-05-14 15:34:58] [main] [org.hibernate.tool.hbm2ddl.TableMetadata-66] - HHH000037: Columns: [id, login_username, gmt_create, gmt_motify, login_password, role]
[2016-05-14 15:34:59] [main] [org.hibernate.validator.engine.resolver.DefaultTraversableResolver-81] - Instantiated an instance of org.hibernate.validator.engine.resolver.JPATraversableResolver.
[2016-05-14 15:34:59] [main] [org.springframework.web.servlet.mvc.method.annotation.RequestMappingHandlerAdapter-532] - Looking for @ControllerAdvice: org.springframework.boot.context.embedded.AnnotationConfigEmbeddedWebApplicationContext@d56fc13: startup date [Sat May 14 15:34:50 CST 2016]; root of context hierarchy
[2016-05-14 15:34:59] [main] [org.springframework.web.servlet.handler.AbstractHandlerMethodMapping$MappingRegistry-534] - Mapped "{[/auth/login],methods=[GET]}" onto public java.lang.String com.demon.controller.AdminAuthController.loginGet(org.springframework.ui.Model)
[2016-05-14 15:34:59] [main] [org.springframework.web.servlet.handler.AbstractHandlerMethodMapping$MappingRegistry-534] - Mapped "{[/auth/login],methods=[POST]}" onto public java.lang.String com.demon.controller.AdminAuthController.loginPost(javax.servlet.http.HttpSession,com.demon.domain.UserPlatform,org.springframework.validation.BindingResult,org.springframework.ui.Model)
[2016-05-14 15:34:59] [main] [org.springframework.web.servlet.handler.AbstractHandlerMethodMapping$MappingRegistry-534] - Mapped "{[/auth/logout],methods=[GET]}" onto public java.lang.String com.demon.controller.AdminAuthController.logout(javax.servlet.http.HttpSession,org.springframework.ui.Model)
[2016-05-14 15:34:59] [main] [org.springframework.web.servlet.handler.AbstractHandlerMethodMapping$MappingRegistry-534] - Mapped "{[/404]}" onto public java.lang.String com.demon.controller.AdminErrorController.page_404()
[2016-05-14 15:34:59] [main] [org.springframework.web.servlet.handler.AbstractHandlerMethodMapping$MappingRegistry-534] - Mapped "{[/403]}" onto public java.lang.String com.demon.controller.AdminErrorController.page_403()
[2016-05-14 15:34:59] [main] [org.springframework.web.servlet.handler.AbstractHandlerMethodMapping$MappingRegistry-534] - Mapped "{[/500]}" onto public java.lang.String com.demon.controller.AdminErrorController.page_500()
[2016-05-14 15:34:59] [main] [org.springframework.web.servlet.handler.AbstractHandlerMethodMapping$MappingRegistry-534] - Mapped "{[/manager/userPlatform/list],methods=[GET]}" onto public java.lang.String com.demon.controller.AdminManagerController.userPlatformList(int,org.springframework.ui.Model)
[2016-05-14 15:34:59] [main] [org.springframework.web.servlet.handler.AbstractHandlerMethodMapping$MappingRegistry-534] - Mapped "{[/manager/userPlatform],methods=[GET]}" onto public java.lang.String com.demon.controller.AdminManagerController.userPlatform(org.springframework.ui.Model)
[2016-05-14 15:34:59] [main] [org.springframework.web.servlet.handler.AbstractHandlerMethodMapping$MappingRegistry-534] - Mapped "{[/manager/userPlatform/{id}],methods=[GET]}" onto public java.lang.String com.demon.controller.AdminManagerController.userPlatformOperate(java.lang.String,org.springframework.ui.Model)
[2016-05-14 15:34:59] [main] [org.springframework.web.servlet.handler.AbstractHandlerMethodMapping$MappingRegistry-534] - Mapped "{[/manager/userPlatform/operate],methods=[POST]}" onto public java.lang.String com.demon.controller.AdminManagerController.userPlatformOperate(com.demon.domain.UserPlatform,org.springframework.validation.BindingResult,org.springframework.ui.Model)
[2016-05-14 15:34:59] [main] [org.springframework.web.servlet.handler.AbstractHandlerMethodMapping$MappingRegistry-534] - Mapped "{[/manager/userPlatform/ajax/del],methods=[POST]}" onto public java.lang.String com.demon.controller.AdminManagerController.ajaxUserPlatformDel(java.lang.Long[])
[2016-05-14 15:34:59] [main] [org.springframework.web.servlet.handler.AbstractHandlerMethodMapping$MappingRegistry-534] - Mapped "{[/list]}" onto public java.lang.String com.demon.controller.AdminTableController.list()
[2016-05-14 15:34:59] [main] [org.springframework.web.servlet.handler.AbstractHandlerMethodMapping$MappingRegistry-534] - Mapped "{[/add]}" onto public java.lang.String com.demon.controller.AdminTableController.add()
[2016-05-14 15:34:59] [main] [org.springframework.web.servlet.handler.AbstractHandlerMethodMapping$MappingRegistry-534] - Mapped "{[/edit]}" onto public java.lang.String com.demon.controller.AdminTableController.edit()
[2016-05-14 15:34:59] [main] [org.springframework.web.servlet.handler.AbstractHandlerMethodMapping$MappingRegistry-534] - Mapped "{[/gettime]}" onto public java.lang.String com.demon.controller.AdminWelcomeController.gettime()
[2016-05-14 15:34:59] [main] [org.springframework.web.servlet.handler.AbstractHandlerMethodMapping$MappingRegistry-534] - Mapped "{[/]}" onto public java.lang.String com.demon.controller.AdminWelcomeController.welcome(com.demon.access.AdminLoginer,java.util.Map<java.lang.String, java.lang.Object>)
[2016-05-14 15:34:59] [main] [org.springframework.web.servlet.handler.AbstractHandlerMethodMapping$MappingRegistry-534] - Mapped "{[/set]}" onto public java.lang.String com.demon.controller.AdminWelcomeController.welcomea(javax.servlet.http.HttpSession,java.util.Map<java.lang.String, java.lang.Object>)
[2016-05-14 15:34:59] [main] [org.springframework.web.servlet.handler.AbstractHandlerMethodMapping$MappingRegistry-534] - Mapped "{[/error]}" onto public org.springframework.http.ResponseEntity<java.util.Map<java.lang.String, java.lang.Object>> org.springframework.boot.autoconfigure.web.BasicErrorController.error(javax.servlet.http.HttpServletRequest)
[2016-05-14 15:34:59] [main] [org.springframework.web.servlet.handler.AbstractHandlerMethodMapping$MappingRegistry-534] - Mapped "{[/error],produces=[text/html]}" onto public org.springframework.web.servlet.ModelAndView org.springframework.boot.autoconfigure.web.BasicErrorController.errorHtml(javax.servlet.http.HttpServletRequest,javax.servlet.http.HttpServletResponse)
[2016-05-14 15:34:59] [main] [org.springframework.web.servlet.handler.AbstractUrlHandlerMapping-341] - Mapped URL path [/static/**] onto handler of type [class org.springframework.web.servlet.resource.ResourceHttpRequestHandler]
[2016-05-14 15:34:59] [main] [org.springframework.web.servlet.handler.AbstractUrlHandlerMapping-341] - Mapped URL path [/webjars/**] onto handler of type [class org.springframework.web.servlet.resource.ResourceHttpRequestHandler]
[2016-05-14 15:34:59] [main] [org.springframework.web.servlet.handler.AbstractUrlHandlerMapping-341] - Mapped URL path [/**] onto handler of type [class org.springframework.web.servlet.resource.ResourceHttpRequestHandler]
[2016-05-14 15:34:59] [main] [org.springframework.web.servlet.handler.AbstractUrlHandlerMapping-341] - Mapped URL path [/**/favicon.ico] onto handler of type [class org.springframework.web.servlet.resource.ResourceHttpRequestHandler]
[2016-05-14 15:34:59] [main] [org.springframework.web.servlet.view.velocity.VelocityConfigurer-140] - ClasspathResourceLoader with name 'springMacro' added to configured VelocityEngine
[2016-05-14 15:35:00] [main] [org.springframework.jmx.export.MBeanExporter-431] - Registering beans for JMX exposure on startup
[2016-05-14 15:35:00] [main] [org.apache.juli.logging.DirectJDKLog-180] - Initializing ProtocolHandler ["http-nio-8080"]
[2016-05-14 15:35:00] [main] [org.apache.juli.logging.DirectJDKLog-180] - Starting ProtocolHandler ["http-nio-8080"]
[2016-05-14 15:35:00] [main] [org.apache.juli.logging.DirectJDKLog-180] - Using a shared selector for servlet write/read
[2016-05-14 15:35:00] [main] [org.springframework.boot.context.embedded.tomcat.TomcatEmbeddedServletContainer-162] - Tomcat started on port(s): 8080 (http)
[2016-05-14 15:35:00] [main] [org.springframework.boot.StartupInfoLogger-57] - Started DemonAdminApplication in 25.659 seconds (JVM running for 41.989)
