[2016-05-09 09:46:32] [Thread-4] [org.springframework.context.support.AbstractApplicationContext-960] - Closing org.springframework.boot.context.embedded.AnnotationConfigEmbeddedWebApplicationContext@634a86c: startup date [Sun May 08 22:39:07 CST 2016]; root of context hierarchy
[2016-05-09 09:46:32] [Thread-4] [org.springframework.jmx.export.MBeanExporter-449] - Unregistering JMX-exposed beans on shutdown
[2016-05-09 09:46:32] [Thread-4] [org.springframework.orm.jpa.AbstractEntityManagerFactoryBean-481] - Closing JPA EntityManagerFactory for persistence unit 'default'
[2016-05-09 23:44:20] [main] [org.springframework.boot.StartupInfoLogger-48] - Starting DemonAdminApplication on cengningzhongdeMacBook-Pro.local with PID 14899 (/Users/zengningzhong/Documents/workspace-sts-develop/demon/demon-admin/target/classes started by zengningzhong in /Users/zengningzhong/Documents/workspace-sts-develop/demon/demon-admin)
[2016-05-09 23:44:20] [main] [org.springframework.boot.SpringApplication-670] - The following profiles are active: dev
[2016-05-09 23:44:20] [main] [org.springframework.context.support.AbstractApplicationContext-578] - Refreshing org.springframework.boot.context.embedded.AnnotationConfigEmbeddedWebApplicationContext@690a39cb: startup date [Mon May 09 23:44:20 CST 2016]; root of context hierarchy
[2016-05-09 23:44:23] [main] [org.springframework.beans.factory.support.DefaultListableBeanFactory-839] - Overriding bean definition for bean 'beanNameViewResolver' with a different definition: replacing [Root bean: class [null]; scope=; abstract=false; lazyInit=false; autowireMode=3; dependencyCheck=0; autowireCandidate=true; primary=false; factoryBeanName=org.springframework.boot.autoconfigure.web.ErrorMvcAutoConfiguration$WhitelabelErrorViewConfiguration; factoryMethodName=beanNameViewResolver; initMethodName=null; destroyMethodName=(inferred); defined in class path resource [org/springframework/boot/autoconfigure/web/ErrorMvcAutoConfiguration$WhitelabelErrorViewConfiguration.class]] with [Root bean: class [null]; scope=; abstract=false; lazyInit=false; autowireMode=3; dependencyCheck=0; autowireCandidate=true; primary=false; factoryBeanName=org.springframework.boot.autoconfigure.web.WebMvcAutoConfiguration$WebMvcAutoConfigurationAdapter; factoryMethodName=beanNameViewResolver; initMethodName=null; destroyMethodName=(inferred); defined in class path resource [org/springframework/boot/autoconfigure/web/WebMvcAutoConfiguration$WebMvcAutoConfigurationAdapter.class]]
[2016-05-09 23:44:25] [main] [org.springframework.context.support.PostProcessorRegistrationDelegate$BeanPostProcessorChecker-328] - Bean 'org.springframework.transaction.annotation.ProxyTransactionManagementConfiguration' of type [class org.springframework.transaction.annotation.ProxyTransactionManagementConfiguration$$EnhancerBySpringCGLIB$$815915ec] is not eligible for getting processed by all BeanPostProcessors (for example: not eligible for auto-proxying)
[2016-05-09 23:44:25] [main] [org.hibernate.validator.engine.resolver.DefaultTraversableResolver-81] - Instantiated an instance of org.hibernate.validator.engine.resolver.JPATraversableResolver.
[2016-05-09 23:44:26] [main] [org.springframework.boot.context.embedded.tomcat.TomcatEmbeddedServletContainer-81] - Tomcat initialized with port(s): 8080 (http)
[2016-05-09 23:44:26] [main] [org.apache.juli.logging.DirectJDKLog-180] - Starting service Tomcat
[2016-05-09 23:44:26] [main] [org.apache.juli.logging.DirectJDKLog-180] - Starting Servlet Engine: Apache Tomcat/8.0.32
[2016-05-09 23:44:26] [localhost-startStop-1] [org.apache.juli.logging.DirectJDKLog-180] - Initializing Spring embedded WebApplicationContext
[2016-05-09 23:44:26] [localhost-startStop-1] [org.springframework.boot.context.embedded.EmbeddedWebApplicationContext-272] - Root WebApplicationContext: initialization completed in 5561 ms
[2016-05-09 23:44:27] [localhost-startStop-1] [org.springframework.boot.context.embedded.AbstractFilterRegistrationBean-258] - Mapping filter: 'hiddenHttpMethodFilter' to: [/*]
[2016-05-09 23:44:27] [localhost-startStop-1] [org.springframework.boot.context.embedded.AbstractFilterRegistrationBean-258] - Mapping filter: 'httpPutFormContentFilter' to: [/*]
[2016-05-09 23:44:27] [localhost-startStop-1] [org.springframework.boot.context.embedded.AbstractFilterRegistrationBean-258] - Mapping filter: 'requestContextFilter' to: [/*]
[2016-05-09 23:44:27] [localhost-startStop-1] [org.springframework.boot.context.embedded.AbstractFilterRegistrationBean-271] - Mapping filter: 'demonAdminApplicationFilter' to urls: [/*]
[2016-05-09 23:44:27] [localhost-startStop-1] [org.springframework.boot.context.embedded.AbstractFilterRegistrationBean-258] - Mapping filter: 'characterEncodingFilter' to: [/*]
[2016-05-09 23:44:27] [localhost-startStop-1] [org.springframework.boot.context.embedded.ServletRegistrationBean-189] - Mapping servlet: 'dispatcherServlet' to [/]
[2016-05-09 23:44:27] [main] [org.apache.juli.logging.DirectJDKLog-180] - Stopping service Tomcat
[2016-05-09 23:44:27] [main] [org.springframework.boot.logging.ClasspathLoggingApplicationListener-57] - Application failed to start with classpath: [file:/Users/zengningzhong/Documents/workspace-sts-develop/demon/demon-admin/target/classes/, file:/Users/zengningzhong/.m2/repository/org/springframework/boot/spring-boot-starter-velocity/1.3.3.BUILD-SNAPSHOT/spring-boot-starter-velocity-1.3.3.BUILD-SNAPSHOT.jar, file:/Users/zengningzhong/.m2/repository/org/springframework/boot/spring-boot-starter/1.3.3.BUILD-SNAPSHOT/spring-boot-starter-1.3.3.BUILD-SNAPSHOT.jar, file:/Users/zengningzhong/.m2/repository/org/springframework/boot/spring-boot/1.3.3.BUILD-SNAPSHOT/spring-boot-1.3.3.BUILD-SNAPSHOT.jar, file:/Users/zengningzhong/.m2/repository/org/springframework/boot/spring-boot-autoconfigure/1.3.3.BUILD-SNAPSHOT/spring-boot-autoconfigure-1.3.3.BUILD-SNAPSHOT.jar, file:/Users/zengningzhong/.m2/repository/org/springframework/boot/spring-boot-starter-logging/1.3.3.BUILD-SNAPSHOT/spring-boot-starter-logging-1.3.3.BUILD-SNAPSHOT.jar, file:/Users/zengningzhong/.m2/repository/ch/qos/logback/logback-classic/1.1.5/logback-classic-1.1.5.jar, file:/Users/zengningzhong/.m2/repository/ch/qos/logback/logback-core/1.1.5/logback-core-1.1.5.jar, file:/Users/zengningzhong/.m2/repository/org/slf4j/jcl-over-slf4j/1.7.16/jcl-over-slf4j-1.7.16.jar, file:/Users/zengningzhong/.m2/repository/org/slf4j/jul-to-slf4j/1.7.16/jul-to-slf4j-1.7.16.jar, file:/Users/zengningzhong/.m2/repository/org/slf4j/log4j-over-slf4j/1.7.16/log4j-over-slf4j-1.7.16.jar, file:/Users/zengningzhong/.m2/repository/org/yaml/snakeyaml/1.16/snakeyaml-1.16.jar, file:/Users/zengningzhong/.m2/repository/org/springframework/boot/spring-boot-starter-web/1.3.3.BUILD-SNAPSHOT/spring-boot-starter-web-1.3.3.BUILD-SNAPSHOT.jar, file:/Users/zengningzhong/.m2/repository/org/springframework/boot/spring-boot-starter-tomcat/1.3.3.BUILD-SNAPSHOT/spring-boot-starter-tomcat-1.3.3.BUILD-SNAPSHOT.jar, file:/Users/zengningzhong/.m2/repository/org/apache/tomcat/embed/tomcat-embed-core/8.0.32/tomcat-embed-core-8.0.32.jar, file:/Users/zengningzhong/.m2/repository/org/apache/tomcat/embed/tomcat-embed-el/8.0.32/tomcat-embed-el-8.0.32.jar, file:/Users/zengningzhong/.m2/repository/org/apache/tomcat/embed/tomcat-embed-logging-juli/8.0.32/tomcat-embed-logging-juli-8.0.32.jar, file:/Users/zengningzhong/.m2/repository/org/apache/tomcat/embed/tomcat-embed-websocket/8.0.32/tomcat-embed-websocket-8.0.32.jar, file:/Users/zengningzhong/.m2/repository/org/springframework/boot/spring-boot-starter-validation/1.3.3.BUILD-SNAPSHOT/spring-boot-starter-validation-1.3.3.BUILD-SNAPSHOT.jar, file:/Users/zengningzhong/.m2/repository/com/fasterxml/jackson/core/jackson-databind/2.6.5/jackson-databind-2.6.5.jar, file:/Users/zengningzhong/.m2/repository/com/fasterxml/jackson/core/jackson-annotations/2.6.5/jackson-annotations-2.6.5.jar, file:/Users/zengningzhong/.m2/repository/com/fasterxml/jackson/core/jackson-core/2.6.5/jackson-core-2.6.5.jar, file:/Users/zengningzhong/.m2/repository/org/springframework/spring-web/4.2.5.RELEASE/spring-web-4.2.5.RELEASE.jar, file:/Users/zengningzhong/.m2/repository/org/springframework/spring-aop/4.2.5.RELEASE/spring-aop-4.2.5.RELEASE.jar, file:/Users/zengningzhong/.m2/repository/aopalliance/aopalliance/1.0/aopalliance-1.0.jar, file:/Users/zengningzhong/.m2/repository/org/springframework/spring-webmvc/4.2.5.RELEASE/spring-webmvc-4.2.5.RELEASE.jar, file:/Users/zengningzhong/.m2/repository/org/springframework/spring-expression/4.2.5.RELEASE/spring-expression-4.2.5.RELEASE.jar, file:/Users/zengningzhong/.m2/repository/commons-beanutils/commons-beanutils/1.9.2/commons-beanutils-1.9.2.jar, file:/Users/zengningzhong/.m2/repository/commons-collections/commons-collections/3.2.2/commons-collections-3.2.2.jar, file:/Users/zengningzhong/.m2/repository/commons-digester/commons-digester/2.1/commons-digester-2.1.jar, file:/Users/zengningzhong/.m2/repository/org/apache/velocity/velocity/1.7/velocity-1.7.jar, file:/Users/zengningzhong/.m2/repository/commons-lang/commons-lang/2.4/commons-lang-2.4.jar, file:/Users/zengningzhong/.m2/repository/org/apache/velocity/velocity-tools/2.0/velocity-tools-2.0.jar, file:/Users/zengningzhong/.m2/repository/commons-chain/commons-chain/1.1/commons-chain-1.1.jar, file:/Users/zengningzhong/.m2/repository/commons-validator/commons-validator/1.3.1/commons-validator-1.3.1.jar, file:/Users/zengningzhong/.m2/repository/dom4j/dom4j/1.1/dom4j-1.1.jar, file:/Users/zengningzhong/.m2/repository/oro/oro/2.0.8/oro-2.0.8.jar, file:/Users/zengningzhong/.m2/repository/sslext/sslext/1.2-0/sslext-1.2-0.jar, file:/Users/zengningzhong/.m2/repository/org/apache/struts/struts-core/1.3.8/struts-core-1.3.8.jar, file:/Users/zengningzhong/.m2/repository/antlr/antlr/2.7.7/antlr-2.7.7.jar, file:/Users/zengningzhong/.m2/repository/org/apache/struts/struts-taglib/1.3.8/struts-taglib-1.3.8.jar, file:/Users/zengningzhong/.m2/repository/org/apache/struts/struts-tiles/1.3.8/struts-tiles-1.3.8.jar, file:/Users/zengningzhong/.m2/repository/org/springframework/spring-context-support/4.2.5.RELEASE/spring-context-support-4.2.5.RELEASE.jar, file:/Users/zengningzhong/.m2/repository/org/springframework/spring-beans/4.2.5.RELEASE/spring-beans-4.2.5.RELEASE.jar, file:/Users/zengningzhong/.m2/repository/org/springframework/spring-context/4.2.5.RELEASE/spring-context-4.2.5.RELEASE.jar, file:/Users/zengningzhong/.m2/repository/org/springframework/spring-core/4.2.5.RELEASE/spring-core-4.2.5.RELEASE.jar, file:/Users/zengningzhong/Documents/workspace-sts-develop/demon/demon-bean/target/classes/, file:/Users/zengningzhong/.m2/repository/org/springframework/boot/spring-boot-starter-data-jpa/1.3.3.BUILD-SNAPSHOT/spring-boot-starter-data-jpa-1.3.3.BUILD-SNAPSHOT.jar, file:/Users/zengningzhong/.m2/repository/org/springframework/boot/spring-boot-starter-aop/1.3.3.BUILD-SNAPSHOT/spring-boot-starter-aop-1.3.3.BUILD-SNAPSHOT.jar, file:/Users/zengningzhong/.m2/repository/org/aspectj/aspectjweaver/1.8.8/aspectjweaver-1.8.8.jar, file:/Users/zengningzhong/.m2/repository/org/springframework/boot/spring-boot-starter-jdbc/1.3.3.BUILD-SNAPSHOT/spring-boot-starter-jdbc-1.3.3.BUILD-SNAPSHOT.jar, file:/Users/zengningzhong/.m2/repository/org/apache/tomcat/tomcat-jdbc/8.0.32/tomcat-jdbc-8.0.32.jar, file:/Users/zengningzhong/.m2/repository/org/apache/tomcat/tomcat-juli/8.0.32/tomcat-juli-8.0.32.jar, file:/Users/zengningzhong/.m2/repository/org/springframework/spring-jdbc/4.2.5.RELEASE/spring-jdbc-4.2.5.RELEASE.jar, file:/Users/zengningzhong/.m2/repository/org/hibernate/hibernate-entitymanager/4.3.11.Final/hibernate-entitymanager-4.3.11.Final.jar, file:/Users/zengningzhong/.m2/repository/org/jboss/logging/jboss-logging/3.3.0.Final/jboss-logging-3.3.0.Final.jar, file:/Users/zengningzhong/.m2/repository/org/jboss/logging/jboss-logging-annotations/1.2.0.Beta1/jboss-logging-annotations-1.2.0.Beta1.jar, file:/Users/zengningzhong/.m2/repository/org/hibernate/hibernate-core/4.3.11.Final/hibernate-core-4.3.11.Final.jar, file:/Users/zengningzhong/.m2/repository/org/jboss/jandex/1.1.0.Final/jandex-1.1.0.Final.jar, file:/Users/zengningzhong/.m2/repository/org/hibernate/common/hibernate-commons-annotations/4.0.5.Final/hibernate-commons-annotations-4.0.5.Final.jar, file:/Users/zengningzhong/.m2/repository/org/hibernate/javax/persistence/hibernate-jpa-2.1-api/1.0.0.Final/hibernate-jpa-2.1-api-1.0.0.Final.jar, file:/Users/zengningzhong/.m2/repository/org/javassist/javassist/3.18.1-GA/javassist-3.18.1-GA.jar, file:/Users/zengningzhong/.m2/repository/javax/transaction/javax.transaction-api/1.2/javax.transaction-api-1.2.jar, file:/Users/zengningzhong/.m2/repository/org/springframework/data/spring-data-jpa/1.9.4.RELEASE/spring-data-jpa-1.9.4.RELEASE.jar, file:/Users/zengningzhong/.m2/repository/org/springframework/data/spring-data-commons/1.11.4.RELEASE/spring-data-commons-1.11.4.RELEASE.jar, file:/Users/zengningzhong/.m2/repository/org/springframework/spring-orm/4.2.5.RELEASE/spring-orm-4.2.5.RELEASE.jar, file:/Users/zengningzhong/.m2/repository/org/springframework/spring-tx/4.2.5.RELEASE/spring-tx-4.2.5.RELEASE.jar, file:/Users/zengningzhong/.m2/repository/org/springframework/spring-aspects/4.2.5.RELEASE/spring-aspects-4.2.5.RELEASE.jar, file:/Users/zengningzhong/.m2/repository/com/h2database/h2/1.4.191/h2-1.4.191.jar, file:/Users/zengningzhong/.m2/repository/org/apache/commons/commons-lang3/3.3.2/commons-lang3-3.3.2.jar, file:/Users/zengningzhong/.m2/repository/javax/validation/validation-api/1.0.0.GA/validation-api-1.0.0.GA.jar, file:/Users/zengningzhong/.m2/repository/org/hibernate/hibernate-validator/4.1.0.Final/hibernate-validator-4.1.0.Final.jar, file:/Users/zengningzhong/.m2/repository/org/slf4j/slf4j-api/1.7.16/slf4j-api-1.7.16.jar, file:/Users/zengningzhong/Documents/workspace-sts-develop/demon/demon-dao/target/classes/, file:/Users/zengningzhong/soft/springloaded-1.2.3.RELEASE.jar]
[2016-05-09 23:46:33] [main] [org.springframework.boot.StartupInfoLogger-48] - Starting DemonAdminApplication on cengningzhongdeMacBook-Pro.local with PID 15060 (/Users/zengningzhong/Documents/workspace-sts-develop/demon/demon-admin/target/classes started by zengningzhong in /Users/zengningzhong/Documents/workspace-sts-develop/demon/demon-admin)
[2016-05-09 23:46:33] [main] [org.springframework.boot.SpringApplication-670] - The following profiles are active: dev
[2016-05-09 23:46:33] [main] [org.springframework.context.support.AbstractApplicationContext-578] - Refreshing org.springframework.boot.context.embedded.AnnotationConfigEmbeddedWebApplicationContext@1177ceaa: startup date [Mon May 09 23:46:33 CST 2016]; root of context hierarchy
[2016-05-09 23:46:36] [main] [org.springframework.beans.factory.support.DefaultListableBeanFactory-839] - Overriding bean definition for bean 'beanNameViewResolver' with a different definition: replacing [Root bean: class [null]; scope=; abstract=false; lazyInit=false; autowireMode=3; dependencyCheck=0; autowireCandidate=true; primary=false; factoryBeanName=org.springframework.boot.autoconfigure.web.ErrorMvcAutoConfiguration$WhitelabelErrorViewConfiguration; factoryMethodName=beanNameViewResolver; initMethodName=null; destroyMethodName=(inferred); defined in class path resource [org/springframework/boot/autoconfigure/web/ErrorMvcAutoConfiguration$WhitelabelErrorViewConfiguration.class]] with [Root bean: class [null]; scope=; abstract=false; lazyInit=false; autowireMode=3; dependencyCheck=0; autowireCandidate=true; primary=false; factoryBeanName=org.springframework.boot.autoconfigure.web.WebMvcAutoConfiguration$WebMvcAutoConfigurationAdapter; factoryMethodName=beanNameViewResolver; initMethodName=null; destroyMethodName=(inferred); defined in class path resource [org/springframework/boot/autoconfigure/web/WebMvcAutoConfiguration$WebMvcAutoConfigurationAdapter.class]]
[2016-05-09 23:46:37] [main] [org.springframework.context.support.PostProcessorRegistrationDelegate$BeanPostProcessorChecker-328] - Bean 'org.springframework.transaction.annotation.ProxyTransactionManagementConfiguration' of type [class org.springframework.transaction.annotation.ProxyTransactionManagementConfiguration$$EnhancerBySpringCGLIB$$33dc1f7b] is not eligible for getting processed by all BeanPostProcessors (for example: not eligible for auto-proxying)
[2016-05-09 23:46:37] [main] [org.hibernate.validator.engine.resolver.DefaultTraversableResolver-81] - Instantiated an instance of org.hibernate.validator.engine.resolver.JPATraversableResolver.
[2016-05-09 23:46:38] [main] [org.springframework.boot.context.embedded.tomcat.TomcatEmbeddedServletContainer-81] - Tomcat initialized with port(s): 8080 (http)
[2016-05-09 23:46:38] [main] [org.apache.juli.logging.DirectJDKLog-180] - Starting service Tomcat
[2016-05-09 23:46:38] [main] [org.apache.juli.logging.DirectJDKLog-180] - Starting Servlet Engine: Apache Tomcat/8.0.32
[2016-05-09 23:46:38] [localhost-startStop-1] [org.apache.juli.logging.DirectJDKLog-180] - Initializing Spring embedded WebApplicationContext
[2016-05-09 23:46:38] [localhost-startStop-1] [org.springframework.boot.context.embedded.EmbeddedWebApplicationContext-272] - Root WebApplicationContext: initialization completed in 4792 ms
[2016-05-09 23:46:38] [localhost-startStop-1] [org.springframework.boot.context.embedded.AbstractFilterRegistrationBean-258] - Mapping filter: 'hiddenHttpMethodFilter' to: [/*]
[2016-05-09 23:46:38] [localhost-startStop-1] [org.springframework.boot.context.embedded.AbstractFilterRegistrationBean-258] - Mapping filter: 'httpPutFormContentFilter' to: [/*]
[2016-05-09 23:46:38] [localhost-startStop-1] [org.springframework.boot.context.embedded.AbstractFilterRegistrationBean-258] - Mapping filter: 'requestContextFilter' to: [/*]
[2016-05-09 23:46:38] [localhost-startStop-1] [org.springframework.boot.context.embedded.AbstractFilterRegistrationBean-271] - Mapping filter: 'demonAdminApplicationFilter' to urls: [/*]
[2016-05-09 23:46:38] [localhost-startStop-1] [org.springframework.boot.context.embedded.AbstractFilterRegistrationBean-258] - Mapping filter: 'characterEncodingFilter' to: [/*]
[2016-05-09 23:46:38] [localhost-startStop-1] [org.springframework.boot.context.embedded.ServletRegistrationBean-189] - Mapping servlet: 'dispatcherServlet' to [/]
[2016-05-09 23:46:39] [main] [org.springframework.orm.jpa.LocalContainerEntityManagerFactoryBean-339] - Building JPA container EntityManagerFactory for persistence unit 'default'
[2016-05-09 23:46:39] [main] [org.hibernate.jpa.internal.util.LogHelper-46] - HHH000204: Processing PersistenceUnitInfo [
	name: default
	...]
[2016-05-09 23:46:39] [main] [org.hibernate.Version-54] - HHH000412: Hibernate Core {4.3.11.Final}
[2016-05-09 23:46:39] [main] [org.hibernate.cfg.Environment-239] - HHH000206: hibernate.properties not found
[2016-05-09 23:46:39] [main] [org.hibernate.cfg.Environment-346] - HHH000021: Bytecode provider name : javassist
[2016-05-09 23:46:40] [main] [org.hibernate.annotations.common.reflection.java.JavaReflectionManager-66] - HCANN000001: Hibernate Commons Annotations {4.0.5.Final}
[2016-05-09 23:46:40] [main] [org.hibernate.dialect.Dialect-145] - HHH000400: Using dialect: org.hibernate.dialect.MySQLDialect
[2016-05-09 23:46:40] [main] [org.hibernate.hql.internal.ast.ASTQueryTranslatorFactory-47] - HHH000397: Using ASTQueryTranslatorFactory
[2016-05-09 23:46:40] [main] [org.hibernate.validator.engine.resolver.DefaultTraversableResolver-81] - Instantiated an instance of org.hibernate.validator.engine.resolver.JPATraversableResolver.
[2016-05-09 23:46:41] [main] [org.hibernate.tool.hbm2ddl.SchemaValidator-157] - HHH000229: Running schema validator
[2016-05-09 23:46:41] [main] [org.hibernate.tool.hbm2ddl.SchemaValidator-165] - HHH000102: Fetching database metadata
[2016-05-09 23:46:41] [main] [org.hibernate.tool.hbm2ddl.TableMetadata-65] - HHH000261: Table found: boot.user_platform
[2016-05-09 23:46:41] [main] [org.hibernate.tool.hbm2ddl.TableMetadata-66] - HHH000037: Columns: [id, login_username, gmt_create, gmt_motify, login_password, role]
[2016-05-09 23:46:42] [main] [org.hibernate.validator.engine.resolver.DefaultTraversableResolver-81] - Instantiated an instance of org.hibernate.validator.engine.resolver.JPATraversableResolver.
[2016-05-09 23:46:42] [main] [org.springframework.web.servlet.mvc.method.annotation.RequestMappingHandlerAdapter-532] - Looking for @ControllerAdvice: org.springframework.boot.context.embedded.AnnotationConfigEmbeddedWebApplicationContext@1177ceaa: startup date [Mon May 09 23:46:33 CST 2016]; root of context hierarchy
[2016-05-09 23:46:42] [main] [org.springframework.web.servlet.handler.AbstractHandlerMethodMapping$MappingRegistry-534] - Mapped "{[/auth/login],methods=[GET]}" onto public java.lang.String com.demon.controller.AdminAuthController.loginGet()
[2016-05-09 23:46:42] [main] [org.springframework.web.servlet.handler.AbstractHandlerMethodMapping$MappingRegistry-534] - Mapped "{[/auth/login],methods=[POST]}" onto public java.lang.String com.demon.controller.AdminAuthController.loginPost()
[2016-05-09 23:46:42] [main] [org.springframework.web.servlet.handler.AbstractHandlerMethodMapping$MappingRegistry-534] - Mapped "{[/auth/logout]}" onto public java.lang.String com.demon.controller.AdminAuthController.logout()
[2016-05-09 23:46:42] [main] [org.springframework.web.servlet.handler.AbstractHandlerMethodMapping$MappingRegistry-534] - Mapped "{[/404]}" onto public java.lang.String com.demon.controller.AdminErrorController.page_404()
[2016-05-09 23:46:42] [main] [org.springframework.web.servlet.handler.AbstractHandlerMethodMapping$MappingRegistry-534] - Mapped "{[/403]}" onto public java.lang.String com.demon.controller.AdminErrorController.page_403()
[2016-05-09 23:46:42] [main] [org.springframework.web.servlet.handler.AbstractHandlerMethodMapping$MappingRegistry-534] - Mapped "{[/500]}" onto public java.lang.String com.demon.controller.AdminErrorController.page_500()
[2016-05-09 23:46:42] [main] [org.springframework.web.servlet.handler.AbstractHandlerMethodMapping$MappingRegistry-534] - Mapped "{[/manager/userPlatform/list],methods=[GET]}" onto public java.lang.String com.demon.controller.AdminManagerController.userPlatformList(org.springframework.ui.Model)
[2016-05-09 23:46:42] [main] [org.springframework.web.servlet.handler.AbstractHandlerMethodMapping$MappingRegistry-534] - Mapped "{[/manager/userPlatform],methods=[GET]}" onto public java.lang.String com.demon.controller.AdminManagerController.userPlatform(org.springframework.ui.Model)
[2016-05-09 23:46:42] [main] [org.springframework.web.servlet.handler.AbstractHandlerMethodMapping$MappingRegistry-534] - Mapped "{[/manager/userPlatform/{id}],methods=[GET]}" onto public java.lang.String com.demon.controller.AdminManagerController.userPlatformOperate(java.lang.String,org.springframework.ui.Model)
[2016-05-09 23:46:42] [main] [org.springframework.web.servlet.handler.AbstractHandlerMethodMapping$MappingRegistry-534] - Mapped "{[/manager/userPlatform/operate],methods=[POST]}" onto public java.lang.String com.demon.controller.AdminManagerController.userPlatformOperate(com.demon.domain.UserPlatform,org.springframework.validation.BindingResult,org.springframework.ui.Model)
[2016-05-09 23:46:42] [main] [org.springframework.web.servlet.handler.AbstractHandlerMethodMapping$MappingRegistry-534] - Mapped "{[/manager/userPlatform/del/{id}],methods=[POST]}" onto public java.lang.String com.demon.controller.AdminManagerController.userPlatformDel(java.lang.String)
[2016-05-09 23:46:42] [main] [org.springframework.web.servlet.handler.AbstractHandlerMethodMapping$MappingRegistry-534] - Mapped "{[/list]}" onto public java.lang.String com.demon.controller.AdminTableController.list()
[2016-05-09 23:46:42] [main] [org.springframework.web.servlet.handler.AbstractHandlerMethodMapping$MappingRegistry-534] - Mapped "{[/add]}" onto public java.lang.String com.demon.controller.AdminTableController.add()
[2016-05-09 23:46:42] [main] [org.springframework.web.servlet.handler.AbstractHandlerMethodMapping$MappingRegistry-534] - Mapped "{[/edit]}" onto public java.lang.String com.demon.controller.AdminTableController.edit()
[2016-05-09 23:46:42] [main] [org.springframework.web.servlet.handler.AbstractHandlerMethodMapping$MappingRegistry-534] - Mapped "{[/]}" onto public java.lang.String com.demon.controller.AdminWelcomeController.welcome(java.util.Map<java.lang.String, java.lang.Object>)
[2016-05-09 23:46:42] [main] [org.springframework.web.servlet.handler.AbstractHandlerMethodMapping$MappingRegistry-534] - Mapped "{[/error]}" onto public org.springframework.http.ResponseEntity<java.util.Map<java.lang.String, java.lang.Object>> org.springframework.boot.autoconfigure.web.BasicErrorController.error(javax.servlet.http.HttpServletRequest)
[2016-05-09 23:46:42] [main] [org.springframework.web.servlet.handler.AbstractHandlerMethodMapping$MappingRegistry-534] - Mapped "{[/error],produces=[text/html]}" onto public org.springframework.web.servlet.ModelAndView org.springframework.boot.autoconfigure.web.BasicErrorController.errorHtml(javax.servlet.http.HttpServletRequest,javax.servlet.http.HttpServletResponse)
[2016-05-09 23:46:42] [main] [org.springframework.web.servlet.handler.AbstractUrlHandlerMapping-341] - Mapped URL path [/static/**] onto handler of type [class org.springframework.web.servlet.resource.ResourceHttpRequestHandler]
[2016-05-09 23:46:42] [main] [org.springframework.web.servlet.handler.AbstractUrlHandlerMapping-341] - Mapped URL path [/webjars/**] onto handler of type [class org.springframework.web.servlet.resource.ResourceHttpRequestHandler]
[2016-05-09 23:46:42] [main] [org.springframework.web.servlet.handler.AbstractUrlHandlerMapping-341] - Mapped URL path [/**] onto handler of type [class org.springframework.web.servlet.resource.ResourceHttpRequestHandler]
[2016-05-09 23:46:42] [main] [org.springframework.web.servlet.handler.AbstractUrlHandlerMapping-341] - Mapped URL path [/**/favicon.ico] onto handler of type [class org.springframework.web.servlet.resource.ResourceHttpRequestHandler]
[2016-05-09 23:46:42] [main] [org.springframework.web.servlet.view.velocity.VelocityConfigurer-140] - ClasspathResourceLoader with name 'springMacro' added to configured VelocityEngine
[2016-05-09 23:46:43] [main] [org.springframework.jmx.export.MBeanExporter-431] - Registering beans for JMX exposure on startup
[2016-05-09 23:46:43] [main] [org.apache.juli.logging.DirectJDKLog-180] - Initializing ProtocolHandler ["http-nio-8080"]
[2016-05-09 23:46:43] [main] [org.apache.juli.logging.DirectJDKLog-180] - Starting ProtocolHandler ["http-nio-8080"]
[2016-05-09 23:46:43] [main] [org.apache.juli.logging.DirectJDKLog-180] - Using a shared selector for servlet write/read
[2016-05-09 23:46:43] [main] [org.springframework.boot.context.embedded.tomcat.TomcatEmbeddedServletContainer-162] - Tomcat started on port(s): 8080 (http)
[2016-05-09 23:46:43] [main] [org.springframework.boot.StartupInfoLogger-57] - Started DemonAdminApplication in 25.842 seconds (JVM running for 42.113)
[2016-05-09 23:47:01] [http-nio-8080-exec-1] [org.apache.juli.logging.DirectJDKLog-180] - Initializing Spring FrameworkServlet 'dispatcherServlet'
[2016-05-09 23:47:01] [http-nio-8080-exec-1] [org.springframework.web.servlet.FrameworkServlet-488] - FrameworkServlet 'dispatcherServlet': initialization started
[2016-05-09 23:47:01] [http-nio-8080-exec-1] [org.springframework.web.servlet.FrameworkServlet-507] - FrameworkServlet 'dispatcherServlet': initialization completed in 23 ms
[2016-05-09 23:47:01] [http-nio-8080-exec-1] [com.demon.DemonAdminApplicationFilter-32] - = RequestUrl=>http://localhost:8080/, Params=>null
[2016-05-09 23:47:41] [http-nio-8080-exec-2] [com.demon.DemonAdminApplicationFilter-32] - = RequestUrl=>http://localhost:8080/, Params=>null
[2016-05-09 23:47:46] [http-nio-8080-exec-3] [com.demon.DemonAdminApplicationFilter-32] - = RequestUrl=>http://localhost:8080/, Params=>null
[2016-05-09 23:48:02] [http-nio-8080-exec-4] [com.demon.DemonAdminApplicationFilter-32] - = RequestUrl=>http://localhost:8080/, Params=>null
[2016-05-09 23:48:23] [http-nio-8080-exec-5] [com.demon.DemonAdminApplicationFilter-32] - = RequestUrl=>http://localhost:8080/, Params=>null
[2016-05-09 23:48:28] [http-nio-8080-exec-6] [com.demon.DemonAdminApplicationFilter-32] - = RequestUrl=>http://localhost:8080/, Params=>null
[2016-05-09 23:48:55] [http-nio-8080-exec-7] [com.demon.DemonAdminApplicationFilter-32] - = RequestUrl=>http://localhost:8080/, Params=>null
[2016-05-09 23:48:59] [Thread-4] [org.springframework.context.support.AbstractApplicationContext-960] - Closing org.springframework.boot.context.embedded.AnnotationConfigEmbeddedWebApplicationContext@1177ceaa: startup date [Mon May 09 23:46:33 CST 2016]; root of context hierarchy
[2016-05-09 23:48:59] [Thread-4] [org.springframework.jmx.export.MBeanExporter-449] - Unregistering JMX-exposed beans on shutdown
[2016-05-09 23:48:59] [Thread-4] [org.springframework.orm.jpa.AbstractEntityManagerFactoryBean-481] - Closing JPA EntityManagerFactory for persistence unit 'default'
[2016-05-09 23:49:37] [main] [org.springframework.boot.StartupInfoLogger-48] - Starting DemonAdminApplication on cengningzhongdeMacBook-Pro.local with PID 15079 (/Users/zengningzhong/Documents/workspace-sts-develop/demon/demon-admin/target/classes started by zengningzhong in /Users/zengningzhong/Documents/workspace-sts-develop/demon/demon-admin)
[2016-05-09 23:49:37] [main] [org.springframework.boot.SpringApplication-670] - The following profiles are active: dev
[2016-05-09 23:49:37] [main] [org.springframework.context.support.AbstractApplicationContext-578] - Refreshing org.springframework.boot.context.embedded.AnnotationConfigEmbeddedWebApplicationContext@634a86c: startup date [Mon May 09 23:49:37 CST 2016]; root of context hierarchy
[2016-05-09 23:49:40] [main] [org.springframework.beans.factory.support.DefaultListableBeanFactory-839] - Overriding bean definition for bean 'beanNameViewResolver' with a different definition: replacing [Root bean: class [null]; scope=; abstract=false; lazyInit=false; autowireMode=3; dependencyCheck=0; autowireCandidate=true; primary=false; factoryBeanName=org.springframework.boot.autoconfigure.web.ErrorMvcAutoConfiguration$WhitelabelErrorViewConfiguration; factoryMethodName=beanNameViewResolver; initMethodName=null; destroyMethodName=(inferred); defined in class path resource [org/springframework/boot/autoconfigure/web/ErrorMvcAutoConfiguration$WhitelabelErrorViewConfiguration.class]] with [Root bean: class [null]; scope=; abstract=false; lazyInit=false; autowireMode=3; dependencyCheck=0; autowireCandidate=true; primary=false; factoryBeanName=org.springframework.boot.autoconfigure.web.WebMvcAutoConfiguration$WebMvcAutoConfigurationAdapter; factoryMethodName=beanNameViewResolver; initMethodName=null; destroyMethodName=(inferred); defined in class path resource [org/springframework/boot/autoconfigure/web/WebMvcAutoConfiguration$WebMvcAutoConfigurationAdapter.class]]
[2016-05-09 23:49:41] [main] [org.springframework.context.support.PostProcessorRegistrationDelegate$BeanPostProcessorChecker-328] - Bean 'org.springframework.transaction.annotation.ProxyTransactionManagementConfiguration' of type [class org.springframework.transaction.annotation.ProxyTransactionManagementConfiguration$$EnhancerBySpringCGLIB$$c829ceb2] is not eligible for getting processed by all BeanPostProcessors (for example: not eligible for auto-proxying)
[2016-05-09 23:49:42] [main] [org.hibernate.validator.engine.resolver.DefaultTraversableResolver-81] - Instantiated an instance of org.hibernate.validator.engine.resolver.JPATraversableResolver.
[2016-05-09 23:49:42] [main] [org.springframework.boot.context.embedded.tomcat.TomcatEmbeddedServletContainer-81] - Tomcat initialized with port(s): 8080 (http)
[2016-05-09 23:49:42] [main] [org.apache.juli.logging.DirectJDKLog-180] - Starting service Tomcat
[2016-05-09 23:49:42] [main] [org.apache.juli.logging.DirectJDKLog-180] - Starting Servlet Engine: Apache Tomcat/8.0.32
[2016-05-09 23:49:43] [localhost-startStop-1] [org.apache.juli.logging.DirectJDKLog-180] - Initializing Spring embedded WebApplicationContext
[2016-05-09 23:49:43] [localhost-startStop-1] [org.springframework.boot.context.embedded.EmbeddedWebApplicationContext-272] - Root WebApplicationContext: initialization completed in 5130 ms
[2016-05-09 23:49:43] [localhost-startStop-1] [org.springframework.boot.context.embedded.AbstractFilterRegistrationBean-258] - Mapping filter: 'hiddenHttpMethodFilter' to: [/*]
[2016-05-09 23:49:43] [localhost-startStop-1] [org.springframework.boot.context.embedded.AbstractFilterRegistrationBean-258] - Mapping filter: 'httpPutFormContentFilter' to: [/*]
[2016-05-09 23:49:43] [localhost-startStop-1] [org.springframework.boot.context.embedded.AbstractFilterRegistrationBean-258] - Mapping filter: 'requestContextFilter' to: [/*]
[2016-05-09 23:49:43] [localhost-startStop-1] [org.springframework.boot.context.embedded.AbstractFilterRegistrationBean-271] - Mapping filter: 'demonAdminApplicationFilter' to urls: [/*]
[2016-05-09 23:49:43] [localhost-startStop-1] [org.springframework.boot.context.embedded.AbstractFilterRegistrationBean-258] - Mapping filter: 'characterEncodingFilter' to: [/*]
[2016-05-09 23:49:43] [localhost-startStop-1] [org.springframework.boot.context.embedded.ServletRegistrationBean-189] - Mapping servlet: 'dispatcherServlet' to [/]
[2016-05-09 23:49:44] [main] [org.springframework.orm.jpa.LocalContainerEntityManagerFactoryBean-339] - Building JPA container EntityManagerFactory for persistence unit 'default'
[2016-05-09 23:49:44] [main] [org.hibernate.jpa.internal.util.LogHelper-46] - HHH000204: Processing PersistenceUnitInfo [
	name: default
	...]
[2016-05-09 23:49:44] [main] [org.hibernate.Version-54] - HHH000412: Hibernate Core {4.3.11.Final}
[2016-05-09 23:49:44] [main] [org.hibernate.cfg.Environment-239] - HHH000206: hibernate.properties not found
[2016-05-09 23:49:44] [main] [org.hibernate.cfg.Environment-346] - HHH000021: Bytecode provider name : javassist
[2016-05-09 23:49:44] [main] [org.hibernate.annotations.common.reflection.java.JavaReflectionManager-66] - HCANN000001: Hibernate Commons Annotations {4.0.5.Final}
[2016-05-09 23:49:45] [main] [org.hibernate.dialect.Dialect-145] - HHH000400: Using dialect: org.hibernate.dialect.MySQLDialect
[2016-05-09 23:49:45] [main] [org.hibernate.hql.internal.ast.ASTQueryTranslatorFactory-47] - HHH000397: Using ASTQueryTranslatorFactory
[2016-05-09 23:49:45] [main] [org.hibernate.validator.engine.resolver.DefaultTraversableResolver-81] - Instantiated an instance of org.hibernate.validator.engine.resolver.JPATraversableResolver.
[2016-05-09 23:49:45] [main] [org.hibernate.tool.hbm2ddl.SchemaValidator-157] - HHH000229: Running schema validator
[2016-05-09 23:49:45] [main] [org.hibernate.tool.hbm2ddl.SchemaValidator-165] - HHH000102: Fetching database metadata
[2016-05-09 23:49:45] [main] [org.hibernate.tool.hbm2ddl.TableMetadata-65] - HHH000261: Table found: boot.user_platform
[2016-05-09 23:49:45] [main] [org.hibernate.tool.hbm2ddl.TableMetadata-66] - HHH000037: Columns: [id, login_username, gmt_create, gmt_motify, login_password, role]
[2016-05-09 23:49:46] [main] [org.hibernate.validator.engine.resolver.DefaultTraversableResolver-81] - Instantiated an instance of org.hibernate.validator.engine.resolver.JPATraversableResolver.
[2016-05-09 23:49:46] [main] [org.springframework.web.servlet.mvc.method.annotation.RequestMappingHandlerAdapter-532] - Looking for @ControllerAdvice: org.springframework.boot.context.embedded.AnnotationConfigEmbeddedWebApplicationContext@634a86c: startup date [Mon May 09 23:49:37 CST 2016]; root of context hierarchy
[2016-05-09 23:49:47] [main] [org.springframework.web.servlet.handler.AbstractHandlerMethodMapping$MappingRegistry-534] - Mapped "{[/auth/login],methods=[GET]}" onto public java.lang.String com.demon.controller.AdminAuthController.loginGet()
[2016-05-09 23:49:47] [main] [org.springframework.web.servlet.handler.AbstractHandlerMethodMapping$MappingRegistry-534] - Mapped "{[/auth/login],methods=[POST]}" onto public java.lang.String com.demon.controller.AdminAuthController.loginPost()
[2016-05-09 23:49:47] [main] [org.springframework.web.servlet.handler.AbstractHandlerMethodMapping$MappingRegistry-534] - Mapped "{[/auth/logout]}" onto public java.lang.String com.demon.controller.AdminAuthController.logout()
[2016-05-09 23:49:47] [main] [org.springframework.web.servlet.handler.AbstractHandlerMethodMapping$MappingRegistry-534] - Mapped "{[/404]}" onto public java.lang.String com.demon.controller.AdminErrorController.page_404()
[2016-05-09 23:49:47] [main] [org.springframework.web.servlet.handler.AbstractHandlerMethodMapping$MappingRegistry-534] - Mapped "{[/403]}" onto public java.lang.String com.demon.controller.AdminErrorController.page_403()
[2016-05-09 23:49:47] [main] [org.springframework.web.servlet.handler.AbstractHandlerMethodMapping$MappingRegistry-534] - Mapped "{[/500]}" onto public java.lang.String com.demon.controller.AdminErrorController.page_500()
[2016-05-09 23:49:47] [main] [org.springframework.web.servlet.handler.AbstractHandlerMethodMapping$MappingRegistry-534] - Mapped "{[/manager/userPlatform/list],methods=[GET]}" onto public java.lang.String com.demon.controller.AdminManagerController.userPlatformList(org.springframework.ui.Model)
[2016-05-09 23:49:47] [main] [org.springframework.web.servlet.handler.AbstractHandlerMethodMapping$MappingRegistry-534] - Mapped "{[/manager/userPlatform],methods=[GET]}" onto public java.lang.String com.demon.controller.AdminManagerController.userPlatform(org.springframework.ui.Model)
[2016-05-09 23:49:47] [main] [org.springframework.web.servlet.handler.AbstractHandlerMethodMapping$MappingRegistry-534] - Mapped "{[/manager/userPlatform/{id}],methods=[GET]}" onto public java.lang.String com.demon.controller.AdminManagerController.userPlatformOperate(java.lang.String,org.springframework.ui.Model)
[2016-05-09 23:49:47] [main] [org.springframework.web.servlet.handler.AbstractHandlerMethodMapping$MappingRegistry-534] - Mapped "{[/manager/userPlatform/operate],methods=[POST]}" onto public java.lang.String com.demon.controller.AdminManagerController.userPlatformOperate(com.demon.domain.UserPlatform,org.springframework.validation.BindingResult,org.springframework.ui.Model)
[2016-05-09 23:49:47] [main] [org.springframework.web.servlet.handler.AbstractHandlerMethodMapping$MappingRegistry-534] - Mapped "{[/manager/userPlatform/del/{id}],methods=[POST]}" onto public java.lang.String com.demon.controller.AdminManagerController.userPlatformDel(java.lang.String)
[2016-05-09 23:49:47] [main] [org.springframework.web.servlet.handler.AbstractHandlerMethodMapping$MappingRegistry-534] - Mapped "{[/list]}" onto public java.lang.String com.demon.controller.AdminTableController.list()
[2016-05-09 23:49:47] [main] [org.springframework.web.servlet.handler.AbstractHandlerMethodMapping$MappingRegistry-534] - Mapped "{[/add]}" onto public java.lang.String com.demon.controller.AdminTableController.add()
[2016-05-09 23:49:47] [main] [org.springframework.web.servlet.handler.AbstractHandlerMethodMapping$MappingRegistry-534] - Mapped "{[/edit]}" onto public java.lang.String com.demon.controller.AdminTableController.edit()
[2016-05-09 23:49:47] [main] [org.springframework.web.servlet.handler.AbstractHandlerMethodMapping$MappingRegistry-534] - Mapped "{[/]}" onto public java.lang.String com.demon.controller.AdminWelcomeController.welcome(java.util.Map<java.lang.String, java.lang.Object>)
[2016-05-09 23:49:47] [main] [org.springframework.web.servlet.handler.AbstractHandlerMethodMapping$MappingRegistry-534] - Mapped "{[/error]}" onto public org.springframework.http.ResponseEntity<java.util.Map<java.lang.String, java.lang.Object>> org.springframework.boot.autoconfigure.web.BasicErrorController.error(javax.servlet.http.HttpServletRequest)
[2016-05-09 23:49:47] [main] [org.springframework.web.servlet.handler.AbstractHandlerMethodMapping$MappingRegistry-534] - Mapped "{[/error],produces=[text/html]}" onto public org.springframework.web.servlet.ModelAndView org.springframework.boot.autoconfigure.web.BasicErrorController.errorHtml(javax.servlet.http.HttpServletRequest,javax.servlet.http.HttpServletResponse)
[2016-05-09 23:49:47] [main] [org.springframework.web.servlet.handler.AbstractUrlHandlerMapping-341] - Mapped URL path [/static/**] onto handler of type [class org.springframework.web.servlet.resource.ResourceHttpRequestHandler]
[2016-05-09 23:49:47] [main] [org.springframework.web.servlet.handler.AbstractUrlHandlerMapping-341] - Mapped URL path [/webjars/**] onto handler of type [class org.springframework.web.servlet.resource.ResourceHttpRequestHandler]
[2016-05-09 23:49:47] [main] [org.springframework.web.servlet.handler.AbstractUrlHandlerMapping-341] - Mapped URL path [/**] onto handler of type [class org.springframework.web.servlet.resource.ResourceHttpRequestHandler]
[2016-05-09 23:49:47] [main] [org.springframework.web.servlet.handler.AbstractUrlHandlerMapping-341] - Mapped URL path [/**/favicon.ico] onto handler of type [class org.springframework.web.servlet.resource.ResourceHttpRequestHandler]
[2016-05-09 23:49:47] [main] [org.springframework.web.servlet.view.velocity.VelocityConfigurer-140] - ClasspathResourceLoader with name 'springMacro' added to configured VelocityEngine
[2016-05-09 23:49:47] [main] [org.springframework.jmx.export.MBeanExporter-431] - Registering beans for JMX exposure on startup
[2016-05-09 23:49:48] [main] [org.apache.juli.logging.DirectJDKLog-180] - Initializing ProtocolHandler ["http-nio-8080"]
[2016-05-09 23:49:48] [main] [org.apache.juli.logging.DirectJDKLog-180] - Starting ProtocolHandler ["http-nio-8080"]
[2016-05-09 23:49:48] [main] [org.apache.juli.logging.DirectJDKLog-180] - Using a shared selector for servlet write/read
[2016-05-09 23:49:48] [main] [org.springframework.boot.context.embedded.tomcat.TomcatEmbeddedServletContainer-162] - Tomcat started on port(s): 8080 (http)
[2016-05-09 23:49:48] [main] [org.springframework.boot.StartupInfoLogger-57] - Started DemonAdminApplication in 26.044 seconds (JVM running for 30.868)
[2016-05-09 23:49:50] [http-nio-8080-exec-1] [org.apache.juli.logging.DirectJDKLog-180] - Initializing Spring FrameworkServlet 'dispatcherServlet'
[2016-05-09 23:49:50] [http-nio-8080-exec-1] [org.springframework.web.servlet.FrameworkServlet-488] - FrameworkServlet 'dispatcherServlet': initialization started
[2016-05-09 23:49:50] [http-nio-8080-exec-1] [org.springframework.web.servlet.FrameworkServlet-507] - FrameworkServlet 'dispatcherServlet': initialization completed in 19 ms
[2016-05-09 23:49:50] [http-nio-8080-exec-1] [com.demon.DemonAdminApplicationFilter-32] - = RequestUrl=>http://localhost:8080/, Params=>null
[2016-05-09 23:51:01] [Thread-4] [org.springframework.context.support.AbstractApplicationContext-960] - Closing org.springframework.boot.context.embedded.AnnotationConfigEmbeddedWebApplicationContext@634a86c: startup date [Mon May 09 23:49:37 CST 2016]; root of context hierarchy
[2016-05-09 23:51:01] [Thread-4] [org.springframework.jmx.export.MBeanExporter-449] - Unregistering JMX-exposed beans on shutdown
[2016-05-09 23:51:01] [Thread-4] [org.springframework.orm.jpa.AbstractEntityManagerFactoryBean-481] - Closing JPA EntityManagerFactory for persistence unit 'default'
