[2016-05-12 21:46:47] [main] [org.springframework.boot.StartupInfoLogger-48] - Starting DemonAdminApplication on cengningzhongdeMacBook-Pro.local with PID 28058 (/Users/zengningzhong/Documents/workspace-sts-develop/demon/demon-admin/target/classes started by zengningzhong in /Users/zengningzhong/Documents/workspace-sts-develop/demon/demon-admin)
[2016-05-12 21:46:47] [main] [org.springframework.boot.SpringApplication-670] - The following profiles are active: dev
[2016-05-12 21:46:47] [main] [org.springframework.context.support.AbstractApplicationContext-578] - Refreshing org.springframework.boot.context.embedded.AnnotationConfigEmbeddedWebApplicationContext@fc150ad: startup date [Thu May 12 21:46:47 CST 2016]; root of context hierarchy
[2016-05-12 21:46:49] [main] [org.springframework.beans.factory.support.DefaultListableBeanFactory-839] - Overriding bean definition for bean 'beanNameViewResolver' with a different definition: replacing [Root bean: class [null]; scope=; abstract=false; lazyInit=false; autowireMode=3; dependencyCheck=0; autowireCandidate=true; primary=false; factoryBeanName=org.springframework.boot.autoconfigure.web.ErrorMvcAutoConfiguration$WhitelabelErrorViewConfiguration; factoryMethodName=beanNameViewResolver; initMethodName=null; destroyMethodName=(inferred); defined in class path resource [org/springframework/boot/autoconfigure/web/ErrorMvcAutoConfiguration$WhitelabelErrorViewConfiguration.class]] with [Root bean: class [null]; scope=; abstract=false; lazyInit=false; autowireMode=3; dependencyCheck=0; autowireCandidate=true; primary=false; factoryBeanName=org.springframework.boot.autoconfigure.web.WebMvcAutoConfiguration$WebMvcAutoConfigurationAdapter; factoryMethodName=beanNameViewResolver; initMethodName=null; destroyMethodName=(inferred); defined in class path resource [org/springframework/boot/autoconfigure/web/WebMvcAutoConfiguration$WebMvcAutoConfigurationAdapter.class]]
[2016-05-12 21:46:50] [main] [org.springframework.context.support.PostProcessorRegistrationDelegate$BeanPostProcessorChecker-328] - Bean 'org.springframework.transaction.annotation.ProxyTransactionManagementConfiguration' of type [class org.springframework.transaction.annotation.ProxyTransactionManagementConfiguration$$EnhancerBySpringCGLIB$$bfcc3d61] is not eligible for getting processed by all BeanPostProcessors (for example: not eligible for auto-proxying)
[2016-05-12 21:46:51] [main] [org.hibernate.validator.engine.resolver.DefaultTraversableResolver-81] - Instantiated an instance of org.hibernate.validator.engine.resolver.JPATraversableResolver.
[2016-05-12 21:46:51] [main] [org.springframework.boot.context.embedded.tomcat.TomcatEmbeddedServletContainer-81] - Tomcat initialized with port(s): 8080 (http)
[2016-05-12 21:46:51] [main] [org.apache.juli.logging.DirectJDKLog-180] - Starting service Tomcat
[2016-05-12 21:46:51] [main] [org.apache.juli.logging.DirectJDKLog-180] - Starting Servlet Engine: Apache Tomcat/8.0.32
[2016-05-12 21:46:51] [localhost-startStop-1] [org.apache.juli.logging.DirectJDKLog-180] - Initializing Spring embedded WebApplicationContext
[2016-05-12 21:46:51] [localhost-startStop-1] [org.springframework.boot.context.embedded.EmbeddedWebApplicationContext-272] - Root WebApplicationContext: initialization completed in 4345 ms
[2016-05-12 21:46:52] [localhost-startStop-1] [org.springframework.boot.context.embedded.AbstractFilterRegistrationBean-258] - Mapping filter: 'hiddenHttpMethodFilter' to: [/*]
[2016-05-12 21:46:52] [localhost-startStop-1] [org.springframework.boot.context.embedded.AbstractFilterRegistrationBean-258] - Mapping filter: 'httpPutFormContentFilter' to: [/*]
[2016-05-12 21:46:52] [localhost-startStop-1] [org.springframework.boot.context.embedded.AbstractFilterRegistrationBean-258] - Mapping filter: 'requestContextFilter' to: [/*]
[2016-05-12 21:46:52] [localhost-startStop-1] [org.springframework.boot.context.embedded.AbstractFilterRegistrationBean-271] - Mapping filter: 'demonAdminApplicationFilter' to urls: [/*]
[2016-05-12 21:46:52] [localhost-startStop-1] [org.springframework.boot.context.embedded.AbstractFilterRegistrationBean-258] - Mapping filter: 'characterEncodingFilter' to: [/*]
[2016-05-12 21:46:52] [localhost-startStop-1] [org.springframework.boot.context.embedded.ServletRegistrationBean-189] - Mapping servlet: 'dispatcherServlet' to [/]
[2016-05-12 21:46:52] [main] [org.springframework.orm.jpa.LocalContainerEntityManagerFactoryBean-339] - Building JPA container EntityManagerFactory for persistence unit 'default'
[2016-05-12 21:46:52] [main] [org.hibernate.jpa.internal.util.LogHelper-46] - HHH000204: Processing PersistenceUnitInfo [
	name: default
	...]
[2016-05-12 21:46:52] [main] [org.hibernate.Version-54] - HHH000412: Hibernate Core {4.3.11.Final}
[2016-05-12 21:46:52] [main] [org.hibernate.cfg.Environment-239] - HHH000206: hibernate.properties not found
[2016-05-12 21:46:52] [main] [org.hibernate.cfg.Environment-346] - HHH000021: Bytecode provider name : javassist
[2016-05-12 21:46:52] [main] [org.hibernate.annotations.common.reflection.java.JavaReflectionManager-66] - HCANN000001: Hibernate Commons Annotations {4.0.5.Final}
[2016-05-12 21:46:53] [main] [org.hibernate.dialect.Dialect-145] - HHH000400: Using dialect: org.hibernate.dialect.MySQLDialect
[2016-05-12 21:46:53] [main] [org.hibernate.hql.internal.ast.ASTQueryTranslatorFactory-47] - HHH000397: Using ASTQueryTranslatorFactory
[2016-05-12 21:46:53] [main] [org.hibernate.validator.engine.resolver.DefaultTraversableResolver-81] - Instantiated an instance of org.hibernate.validator.engine.resolver.JPATraversableResolver.
[2016-05-12 21:46:53] [main] [org.hibernate.tool.hbm2ddl.SchemaValidator-157] - HHH000229: Running schema validator
[2016-05-12 21:46:53] [main] [org.hibernate.tool.hbm2ddl.SchemaValidator-165] - HHH000102: Fetching database metadata
[2016-05-12 21:46:53] [main] [org.hibernate.tool.hbm2ddl.TableMetadata-65] - HHH000261: Table found: boot.user_platform
[2016-05-12 21:46:53] [main] [org.hibernate.tool.hbm2ddl.TableMetadata-66] - HHH000037: Columns: [id, login_username, gmt_create, gmt_motify, login_password, role]
[2016-05-12 21:46:54] [main] [org.hibernate.validator.engine.resolver.DefaultTraversableResolver-81] - Instantiated an instance of org.hibernate.validator.engine.resolver.JPATraversableResolver.
[2016-05-12 21:46:54] [main] [org.springframework.web.servlet.mvc.method.annotation.RequestMappingHandlerAdapter-532] - Looking for @ControllerAdvice: org.springframework.boot.context.embedded.AnnotationConfigEmbeddedWebApplicationContext@fc150ad: startup date [Thu May 12 21:46:47 CST 2016]; root of context hierarchy
[2016-05-12 21:46:54] [main] [org.springframework.web.servlet.handler.AbstractHandlerMethodMapping$MappingRegistry-534] - Mapped "{[/auth/login],methods=[GET]}" onto public java.lang.String com.demon.controller.AdminAuthController.loginGet(org.springframework.ui.Model)
[2016-05-12 21:46:54] [main] [org.springframework.web.servlet.handler.AbstractHandlerMethodMapping$MappingRegistry-534] - Mapped "{[/auth/login],methods=[POST]}" onto public java.lang.String com.demon.controller.AdminAuthController.loginPost(javax.servlet.http.HttpSession,com.demon.domain.UserPlatform,org.springframework.validation.BindingResult,org.springframework.ui.Model)
[2016-05-12 21:46:54] [main] [org.springframework.web.servlet.handler.AbstractHandlerMethodMapping$MappingRegistry-534] - Mapped "{[/auth/logout],methods=[GET]}" onto public java.lang.String com.demon.controller.AdminAuthController.logout(javax.servlet.http.HttpSession,org.springframework.ui.Model)
[2016-05-12 21:46:55] [main] [org.springframework.web.servlet.handler.AbstractHandlerMethodMapping$MappingRegistry-534] - Mapped "{[/404]}" onto public java.lang.String com.demon.controller.AdminErrorController.page_404()
[2016-05-12 21:46:55] [main] [org.springframework.web.servlet.handler.AbstractHandlerMethodMapping$MappingRegistry-534] - Mapped "{[/403]}" onto public java.lang.String com.demon.controller.AdminErrorController.page_403()
[2016-05-12 21:46:55] [main] [org.springframework.web.servlet.handler.AbstractHandlerMethodMapping$MappingRegistry-534] - Mapped "{[/500]}" onto public java.lang.String com.demon.controller.AdminErrorController.page_500()
[2016-05-12 21:46:55] [main] [org.springframework.web.servlet.handler.AbstractHandlerMethodMapping$MappingRegistry-534] - Mapped "{[/manager/userPlatform/list],methods=[GET]}" onto public java.lang.String com.demon.controller.AdminManagerController.userPlatformList(int,org.springframework.ui.Model)
[2016-05-12 21:46:55] [main] [org.springframework.web.servlet.handler.AbstractHandlerMethodMapping$MappingRegistry-534] - Mapped "{[/manager/userPlatform],methods=[GET]}" onto public java.lang.String com.demon.controller.AdminManagerController.userPlatform(org.springframework.ui.Model)
[2016-05-12 21:46:55] [main] [org.springframework.web.servlet.handler.AbstractHandlerMethodMapping$MappingRegistry-534] - Mapped "{[/manager/userPlatform/{id}],methods=[GET]}" onto public java.lang.String com.demon.controller.AdminManagerController.userPlatformOperate(java.lang.String,org.springframework.ui.Model)
[2016-05-12 21:46:55] [main] [org.springframework.web.servlet.handler.AbstractHandlerMethodMapping$MappingRegistry-534] - Mapped "{[/manager/userPlatform/operate],methods=[POST]}" onto public java.lang.String com.demon.controller.AdminManagerController.userPlatformOperate(com.demon.domain.UserPlatform,org.springframework.validation.BindingResult,org.springframework.ui.Model)
[2016-05-12 21:46:55] [main] [org.springframework.web.servlet.handler.AbstractHandlerMethodMapping$MappingRegistry-534] - Mapped "{[/manager/userPlatform/ajax/del],methods=[POST]}" onto public java.lang.String com.demon.controller.AdminManagerController.ajaxUserPlatformDel(java.lang.Long[])
[2016-05-12 21:46:55] [main] [org.springframework.web.servlet.handler.AbstractHandlerMethodMapping$MappingRegistry-534] - Mapped "{[/list]}" onto public java.lang.String com.demon.controller.AdminTableController.list()
[2016-05-12 21:46:55] [main] [org.springframework.web.servlet.handler.AbstractHandlerMethodMapping$MappingRegistry-534] - Mapped "{[/add]}" onto public java.lang.String com.demon.controller.AdminTableController.add()
[2016-05-12 21:46:55] [main] [org.springframework.web.servlet.handler.AbstractHandlerMethodMapping$MappingRegistry-534] - Mapped "{[/edit]}" onto public java.lang.String com.demon.controller.AdminTableController.edit()
[2016-05-12 21:46:55] [main] [org.springframework.web.servlet.handler.AbstractHandlerMethodMapping$MappingRegistry-534] - Mapped "{[/]}" onto public java.lang.String com.demon.controller.AdminWelcomeController.welcome(com.demon.access.AdminLoginer,java.util.Map<java.lang.String, java.lang.Object>)
[2016-05-12 21:46:55] [main] [org.springframework.web.servlet.handler.AbstractHandlerMethodMapping$MappingRegistry-534] - Mapped "{[/set]}" onto public java.lang.String com.demon.controller.AdminWelcomeController.welcomea(javax.servlet.http.HttpSession,java.util.Map<java.lang.String, java.lang.Object>)
[2016-05-12 21:46:55] [main] [org.springframework.web.servlet.handler.AbstractHandlerMethodMapping$MappingRegistry-534] - Mapped "{[/error]}" onto public org.springframework.http.ResponseEntity<java.util.Map<java.lang.String, java.lang.Object>> org.springframework.boot.autoconfigure.web.BasicErrorController.error(javax.servlet.http.HttpServletRequest)
[2016-05-12 21:46:55] [main] [org.springframework.web.servlet.handler.AbstractHandlerMethodMapping$MappingRegistry-534] - Mapped "{[/error],produces=[text/html]}" onto public org.springframework.web.servlet.ModelAndView org.springframework.boot.autoconfigure.web.BasicErrorController.errorHtml(javax.servlet.http.HttpServletRequest,javax.servlet.http.HttpServletResponse)
[2016-05-12 21:46:55] [main] [org.springframework.web.servlet.handler.AbstractUrlHandlerMapping-341] - Mapped URL path [/static/**] onto handler of type [class org.springframework.web.servlet.resource.ResourceHttpRequestHandler]
[2016-05-12 21:46:55] [main] [org.springframework.web.servlet.handler.AbstractUrlHandlerMapping-341] - Mapped URL path [/webjars/**] onto handler of type [class org.springframework.web.servlet.resource.ResourceHttpRequestHandler]
[2016-05-12 21:46:55] [main] [org.springframework.web.servlet.handler.AbstractUrlHandlerMapping-341] - Mapped URL path [/**] onto handler of type [class org.springframework.web.servlet.resource.ResourceHttpRequestHandler]
[2016-05-12 21:46:55] [main] [org.springframework.web.servlet.handler.AbstractUrlHandlerMapping-341] - Mapped URL path [/**/favicon.ico] onto handler of type [class org.springframework.web.servlet.resource.ResourceHttpRequestHandler]
[2016-05-12 21:46:55] [main] [org.springframework.web.servlet.view.velocity.VelocityConfigurer-140] - ClasspathResourceLoader with name 'springMacro' added to configured VelocityEngine
[2016-05-12 21:46:55] [main] [org.springframework.jmx.export.MBeanExporter-431] - Registering beans for JMX exposure on startup
[2016-05-12 21:46:55] [main] [org.apache.juli.logging.DirectJDKLog-180] - Initializing ProtocolHandler ["http-nio-8080"]
[2016-05-12 21:46:55] [main] [org.apache.juli.logging.DirectJDKLog-180] - Starting ProtocolHandler ["http-nio-8080"]
[2016-05-12 21:46:55] [main] [org.apache.juli.logging.DirectJDKLog-180] - Using a shared selector for servlet write/read
[2016-05-12 21:46:55] [main] [org.springframework.boot.context.embedded.tomcat.TomcatEmbeddedServletContainer-162] - Tomcat started on port(s): 8080 (http)
[2016-05-12 21:46:55] [main] [org.springframework.boot.StartupInfoLogger-57] - Started DemonAdminApplication in 24.079 seconds (JVM running for 29.05)
[2016-05-12 21:47:13] [http-nio-8080-exec-1] [org.apache.juli.logging.DirectJDKLog-180] - Initializing Spring FrameworkServlet 'dispatcherServlet'
[2016-05-12 21:47:13] [http-nio-8080-exec-1] [org.springframework.web.servlet.FrameworkServlet-488] - FrameworkServlet 'dispatcherServlet': initialization started
[2016-05-12 21:47:13] [http-nio-8080-exec-1] [org.springframework.web.servlet.FrameworkServlet-507] - FrameworkServlet 'dispatcherServlet': initialization completed in 16 ms
[2016-05-12 21:47:13] [http-nio-8080-exec-1] [com.demon.DemonAdminApplicationFilter-33] - = RequestUrl=>http://localhost:8080/, Params=>
[2016-05-12 21:47:13] [http-nio-8080-exec-2] [com.demon.DemonAdminApplicationFilter-33] - = RequestUrl=>http://localhost:8080/auth/login, Params=>
[2016-05-12 21:47:17] [http-nio-8080-exec-7] [com.demon.DemonAdminApplicationFilter-33] - = RequestUrl=>http://localhost:8080/auth/login, Params=>loginUsername=zhong&loginPassword=123456
[2016-05-12 21:47:22] [http-nio-8080-exec-7] [com.demon.DemonAdminApplicationFilter-33] - = RequestUrl=>http://localhost:8080/gettime, Params=>
[2016-05-12 21:47:25] [http-nio-8080-exec-8] [com.demon.DemonAdminApplicationFilter-33] - = RequestUrl=>http://localhost:8080/manager/userPlatform/list, Params=>
[2016-05-12 21:47:25] [http-nio-8080-exec-8] [com.demon.DemonAdminApplicationFilter-33] - = RequestUrl=>http://localhost:8080/gettime, Params=>
[2016-05-12 21:47:34] [http-nio-8080-exec-4] [com.demon.DemonAdminApplicationFilter-33] - = RequestUrl=>http://localhost:8080/manager/userPlatform/list, Params=>page=3
[2016-05-12 21:47:34] [http-nio-8080-exec-4] [com.demon.DemonAdminApplicationFilter-33] - = RequestUrl=>http://localhost:8080/gettime, Params=>
[2016-05-12 21:47:35] [http-nio-8080-exec-3] [com.demon.DemonAdminApplicationFilter-33] - = RequestUrl=>http://localhost:8080/manager/userPlatform/list, Params=>page=1
[2016-05-12 21:47:36] [http-nio-8080-exec-3] [com.demon.DemonAdminApplicationFilter-33] - = RequestUrl=>http://localhost:8080/gettime, Params=>
[2016-05-12 21:47:37] [http-nio-8080-exec-2] [com.demon.DemonAdminApplicationFilter-33] - = RequestUrl=>http://localhost:8080/manager/userPlatform/list, Params=>page=2
[2016-05-12 21:47:38] [http-nio-8080-exec-2] [com.demon.DemonAdminApplicationFilter-33] - = RequestUrl=>http://localhost:8080/gettime, Params=>
[2016-05-12 21:47:38] [http-nio-8080-exec-6] [com.demon.DemonAdminApplicationFilter-33] - = RequestUrl=>http://localhost:8080/manager/userPlatform/list, Params=>page=3
[2016-05-12 21:47:38] [http-nio-8080-exec-6] [com.demon.DemonAdminApplicationFilter-33] - = RequestUrl=>http://localhost:8080/gettime, Params=>
[2016-05-12 21:47:39] [http-nio-8080-exec-8] [com.demon.DemonAdminApplicationFilter-33] - = RequestUrl=>http://localhost:8080/manager/userPlatform/list, Params=>page=1
[2016-05-12 21:47:40] [http-nio-8080-exec-8] [com.demon.DemonAdminApplicationFilter-33] - = RequestUrl=>http://localhost:8080/gettime, Params=>
[2016-05-12 21:56:41] [http-nio-8080-exec-5] [com.demon.DemonAdminApplicationFilter-33] - = RequestUrl=>http://localhost:8080/manager/userPlatform/del, Params=>action=delete&ids=10000004
[2016-05-12 21:57:00] [http-nio-8080-exec-9] [com.demon.DemonAdminApplicationFilter-33] - = RequestUrl=>http://localhost:8080/manager/userPlatform/del, Params=>action=delete&chkall=1&ids=10000005
[2016-05-12 21:59:17] [http-nio-8080-exec-1] [com.demon.DemonAdminApplicationFilter-33] - = RequestUrl=>http://localhost:8080/manager/userPlatform/del, Params=>action=delete&chkall=1&ids=10000005
[2016-05-12 21:59:22] [http-nio-8080-exec-10] [com.demon.DemonAdminApplicationFilter-33] - = RequestUrl=>http://localhost:8080/manager/userPlatform/list, Params=>
[2016-05-12 21:59:22] [http-nio-8080-exec-10] [com.demon.DemonAdminApplicationFilter-33] - = RequestUrl=>http://localhost:8080/gettime, Params=>
[2016-05-12 21:59:24] [http-nio-8080-exec-6] [com.demon.DemonAdminApplicationFilter-33] - = RequestUrl=>http://localhost:8080/manager/userPlatform/list, Params=>page=4
[2016-05-12 21:59:24] [http-nio-8080-exec-6] [com.demon.DemonAdminApplicationFilter-33] - = RequestUrl=>http://localhost:8080/gettime, Params=>
[2016-05-12 21:59:25] [http-nio-8080-exec-3] [com.demon.DemonAdminApplicationFilter-33] - = RequestUrl=>http://localhost:8080/manager/userPlatform/list, Params=>page=6
[2016-05-12 21:59:25] [http-nio-8080-exec-3] [com.demon.DemonAdminApplicationFilter-33] - = RequestUrl=>http://localhost:8080/gettime, Params=>
[2016-05-12 21:59:26] [http-nio-8080-exec-5] [com.demon.DemonAdminApplicationFilter-33] - = RequestUrl=>http://localhost:8080/manager/userPlatform/list, Params=>page=11
[2016-05-12 21:59:26] [http-nio-8080-exec-5] [com.demon.DemonAdminApplicationFilter-33] - = RequestUrl=>http://localhost:8080/gettime, Params=>
[2016-05-12 21:59:27] [http-nio-8080-exec-9] [com.demon.DemonAdminApplicationFilter-33] - = RequestUrl=>http://localhost:8080/manager/userPlatform/list, Params=>page=12
[2016-05-12 21:59:27] [http-nio-8080-exec-9] [com.demon.DemonAdminApplicationFilter-33] - = RequestUrl=>http://localhost:8080/gettime, Params=>
[2016-05-12 21:59:28] [http-nio-8080-exec-2] [com.demon.DemonAdminApplicationFilter-33] - = RequestUrl=>http://localhost:8080/manager/userPlatform/list, Params=>page=3
[2016-05-12 21:59:28] [http-nio-8080-exec-2] [com.demon.DemonAdminApplicationFilter-33] - = RequestUrl=>http://localhost:8080/gettime, Params=>
[2016-05-12 21:59:36] [http-nio-8080-exec-3] [com.demon.DemonAdminApplicationFilter-33] - = RequestUrl=>http://localhost:8080/manager/userPlatform/list, Params=>
[2016-05-12 21:59:36] [http-nio-8080-exec-3] [com.demon.DemonAdminApplicationFilter-33] - = RequestUrl=>http://localhost:8080/gettime, Params=>
[2016-05-12 21:59:37] [http-nio-8080-exec-6] [com.demon.DemonAdminApplicationFilter-33] - = RequestUrl=>http://localhost:8080/manager/userPlatform/list, Params=>
[2016-05-12 21:59:37] [http-nio-8080-exec-6] [com.demon.DemonAdminApplicationFilter-33] - = RequestUrl=>http://localhost:8080/gettime, Params=>
[2016-05-12 21:59:38] [http-nio-8080-exec-10] [com.demon.DemonAdminApplicationFilter-33] - = RequestUrl=>http://localhost:8080/manager/userPlatform/list, Params=>
[2016-05-12 21:59:38] [http-nio-8080-exec-10] [com.demon.DemonAdminApplicationFilter-33] - = RequestUrl=>http://localhost:8080/gettime, Params=>
[2016-05-12 21:59:38] [http-nio-8080-exec-8] [com.demon.DemonAdminApplicationFilter-33] - = RequestUrl=>http://localhost:8080/manager/userPlatform/list, Params=>
[2016-05-12 21:59:39] [http-nio-8080-exec-8] [com.demon.DemonAdminApplicationFilter-33] - = RequestUrl=>http://localhost:8080/gettime, Params=>
[2016-05-12 21:59:39] [http-nio-8080-exec-1] [com.demon.DemonAdminApplicationFilter-33] - = RequestUrl=>http://localhost:8080/manager/userPlatform/list, Params=>
[2016-05-12 21:59:39] [http-nio-8080-exec-1] [com.demon.DemonAdminApplicationFilter-33] - = RequestUrl=>http://localhost:8080/gettime, Params=>
[2016-05-12 21:59:39] [http-nio-8080-exec-5] [com.demon.DemonAdminApplicationFilter-33] - = RequestUrl=>http://localhost:8080/manager/userPlatform/list, Params=>
[2016-05-12 21:59:39] [http-nio-8080-exec-5] [com.demon.DemonAdminApplicationFilter-33] - = RequestUrl=>http://localhost:8080/gettime, Params=>
[2016-05-12 21:59:39] [http-nio-8080-exec-7] [com.demon.DemonAdminApplicationFilter-33] - = RequestUrl=>http://localhost:8080/manager/userPlatform/list, Params=>
[2016-05-12 21:59:40] [http-nio-8080-exec-7] [com.demon.DemonAdminApplicationFilter-33] - = RequestUrl=>http://localhost:8080/gettime, Params=>
[2016-05-12 21:59:40] [http-nio-8080-exec-3] [com.demon.DemonAdminApplicationFilter-33] - = RequestUrl=>http://localhost:8080/manager/userPlatform/list, Params=>
[2016-05-12 21:59:40] [http-nio-8080-exec-3] [com.demon.DemonAdminApplicationFilter-33] - = RequestUrl=>http://localhost:8080/gettime, Params=>
[2016-05-12 21:59:40] [http-nio-8080-exec-9] [com.demon.DemonAdminApplicationFilter-33] - = RequestUrl=>http://localhost:8080/manager/userPlatform/list, Params=>
[2016-05-12 21:59:40] [http-nio-8080-exec-9] [com.demon.DemonAdminApplicationFilter-33] - = RequestUrl=>http://localhost:8080/gettime, Params=>
[2016-05-12 21:59:40] [http-nio-8080-exec-6] [com.demon.DemonAdminApplicationFilter-33] - = RequestUrl=>http://localhost:8080/manager/userPlatform/list, Params=>
[2016-05-12 21:59:40] [http-nio-8080-exec-6] [com.demon.DemonAdminApplicationFilter-33] - = RequestUrl=>http://localhost:8080/gettime, Params=>
[2016-05-12 21:59:41] [http-nio-8080-exec-8] [com.demon.DemonAdminApplicationFilter-33] - = RequestUrl=>http://localhost:8080/manager/userPlatform/list, Params=>
[2016-05-12 21:59:41] [http-nio-8080-exec-8] [com.demon.DemonAdminApplicationFilter-33] - = RequestUrl=>http://localhost:8080/gettime, Params=>
[2016-05-12 21:59:41] [http-nio-8080-exec-4] [com.demon.DemonAdminApplicationFilter-33] - = RequestUrl=>http://localhost:8080/manager/userPlatform/list, Params=>
[2016-05-12 21:59:41] [http-nio-8080-exec-4] [com.demon.DemonAdminApplicationFilter-33] - = RequestUrl=>http://localhost:8080/gettime, Params=>
[2016-05-12 21:59:44] [Thread-4] [org.springframework.context.support.AbstractApplicationContext-960] - Closing org.springframework.boot.context.embedded.AnnotationConfigEmbeddedWebApplicationContext@fc150ad: startup date [Thu May 12 21:46:47 CST 2016]; root of context hierarchy
[2016-05-12 21:59:44] [Thread-4] [org.springframework.jmx.export.MBeanExporter-449] - Unregistering JMX-exposed beans on shutdown
[2016-05-12 21:59:44] [Thread-4] [org.springframework.orm.jpa.AbstractEntityManagerFactoryBean-481] - Closing JPA EntityManagerFactory for persistence unit 'default'
[2016-05-12 22:00:09] [main] [org.springframework.boot.StartupInfoLogger-48] - Starting DemonAdminApplication on cengningzhongdeMacBook-Pro.local with PID 28072 (/Users/zengningzhong/Documents/workspace-sts-develop/demon/demon-admin/target/classes started by zengningzhong in /Users/zengningzhong/Documents/workspace-sts-develop/demon/demon-admin)
[2016-05-12 22:00:09] [main] [org.springframework.boot.SpringApplication-670] - The following profiles are active: dev
[2016-05-12 22:00:09] [main] [org.springframework.context.support.AbstractApplicationContext-578] - Refreshing org.springframework.boot.context.embedded.AnnotationConfigEmbeddedWebApplicationContext@63f4ad66: startup date [Thu May 12 22:00:09 CST 2016]; root of context hierarchy
[2016-05-12 22:00:12] [main] [org.springframework.beans.factory.support.DefaultListableBeanFactory-839] - Overriding bean definition for bean 'beanNameViewResolver' with a different definition: replacing [Root bean: class [null]; scope=; abstract=false; lazyInit=false; autowireMode=3; dependencyCheck=0; autowireCandidate=true; primary=false; factoryBeanName=org.springframework.boot.autoconfigure.web.ErrorMvcAutoConfiguration$WhitelabelErrorViewConfiguration; factoryMethodName=beanNameViewResolver; initMethodName=null; destroyMethodName=(inferred); defined in class path resource [org/springframework/boot/autoconfigure/web/ErrorMvcAutoConfiguration$WhitelabelErrorViewConfiguration.class]] with [Root bean: class [null]; scope=; abstract=false; lazyInit=false; autowireMode=3; dependencyCheck=0; autowireCandidate=true; primary=false; factoryBeanName=org.springframework.boot.autoconfigure.web.WebMvcAutoConfiguration$WebMvcAutoConfigurationAdapter; factoryMethodName=beanNameViewResolver; initMethodName=null; destroyMethodName=(inferred); defined in class path resource [org/springframework/boot/autoconfigure/web/WebMvcAutoConfiguration$WebMvcAutoConfigurationAdapter.class]]
[2016-05-12 22:00:14] [main] [org.springframework.context.support.PostProcessorRegistrationDelegate$BeanPostProcessorChecker-328] - Bean 'org.springframework.transaction.annotation.ProxyTransactionManagementConfiguration' of type [class org.springframework.transaction.annotation.ProxyTransactionManagementConfiguration$$EnhancerBySpringCGLIB$$cfa1006d] is not eligible for getting processed by all BeanPostProcessors (for example: not eligible for auto-proxying)
[2016-05-12 22:00:15] [main] [org.hibernate.validator.engine.resolver.DefaultTraversableResolver-81] - Instantiated an instance of org.hibernate.validator.engine.resolver.JPATraversableResolver.
[2016-05-12 22:00:16] [main] [org.springframework.boot.context.embedded.tomcat.TomcatEmbeddedServletContainer-81] - Tomcat initialized with port(s): 8080 (http)
[2016-05-12 22:00:16] [main] [org.apache.juli.logging.DirectJDKLog-180] - Starting service Tomcat
[2016-05-12 22:00:16] [main] [org.apache.juli.logging.DirectJDKLog-180] - Starting Servlet Engine: Apache Tomcat/8.0.32
[2016-05-12 22:00:16] [localhost-startStop-1] [org.apache.juli.logging.DirectJDKLog-180] - Initializing Spring embedded WebApplicationContext
[2016-05-12 22:00:16] [localhost-startStop-1] [org.springframework.boot.context.embedded.EmbeddedWebApplicationContext-272] - Root WebApplicationContext: initialization completed in 6860 ms
[2016-05-12 22:00:17] [localhost-startStop-1] [org.springframework.boot.context.embedded.AbstractFilterRegistrationBean-258] - Mapping filter: 'hiddenHttpMethodFilter' to: [/*]
[2016-05-12 22:00:17] [localhost-startStop-1] [org.springframework.boot.context.embedded.AbstractFilterRegistrationBean-258] - Mapping filter: 'httpPutFormContentFilter' to: [/*]
[2016-05-12 22:00:17] [localhost-startStop-1] [org.springframework.boot.context.embedded.AbstractFilterRegistrationBean-258] - Mapping filter: 'requestContextFilter' to: [/*]
[2016-05-12 22:00:17] [localhost-startStop-1] [org.springframework.boot.context.embedded.AbstractFilterRegistrationBean-271] - Mapping filter: 'demonAdminApplicationFilter' to urls: [/*]
[2016-05-12 22:00:17] [localhost-startStop-1] [org.springframework.boot.context.embedded.AbstractFilterRegistrationBean-258] - Mapping filter: 'characterEncodingFilter' to: [/*]
[2016-05-12 22:00:17] [localhost-startStop-1] [org.springframework.boot.context.embedded.ServletRegistrationBean-189] - Mapping servlet: 'dispatcherServlet' to [/]
[2016-05-12 22:00:17] [main] [org.springframework.orm.jpa.LocalContainerEntityManagerFactoryBean-339] - Building JPA container EntityManagerFactory for persistence unit 'default'
[2016-05-12 22:00:17] [main] [org.hibernate.jpa.internal.util.LogHelper-46] - HHH000204: Processing PersistenceUnitInfo [
	name: default
	...]
[2016-05-12 22:00:17] [main] [org.hibernate.Version-54] - HHH000412: Hibernate Core {4.3.11.Final}
[2016-05-12 22:00:17] [main] [org.hibernate.cfg.Environment-239] - HHH000206: hibernate.properties not found
[2016-05-12 22:00:17] [main] [org.hibernate.cfg.Environment-346] - HHH000021: Bytecode provider name : javassist
[2016-05-12 22:00:18] [main] [org.hibernate.annotations.common.reflection.java.JavaReflectionManager-66] - HCANN000001: Hibernate Commons Annotations {4.0.5.Final}
[2016-05-12 22:00:18] [main] [org.hibernate.dialect.Dialect-145] - HHH000400: Using dialect: org.hibernate.dialect.MySQLDialect
[2016-05-12 22:00:18] [main] [org.hibernate.hql.internal.ast.ASTQueryTranslatorFactory-47] - HHH000397: Using ASTQueryTranslatorFactory
[2016-05-12 22:00:18] [main] [org.hibernate.validator.engine.resolver.DefaultTraversableResolver-81] - Instantiated an instance of org.hibernate.validator.engine.resolver.JPATraversableResolver.
[2016-05-12 22:00:19] [main] [org.hibernate.tool.hbm2ddl.SchemaValidator-157] - HHH000229: Running schema validator
[2016-05-12 22:00:19] [main] [org.hibernate.tool.hbm2ddl.SchemaValidator-165] - HHH000102: Fetching database metadata
[2016-05-12 22:00:19] [main] [org.hibernate.tool.hbm2ddl.TableMetadata-65] - HHH000261: Table found: boot.user_platform
[2016-05-12 22:00:19] [main] [org.hibernate.tool.hbm2ddl.TableMetadata-66] - HHH000037: Columns: [id, login_username, gmt_create, gmt_motify, login_password, role]
[2016-05-12 22:00:20] [main] [org.hibernate.validator.engine.resolver.DefaultTraversableResolver-81] - Instantiated an instance of org.hibernate.validator.engine.resolver.JPATraversableResolver.
[2016-05-12 22:00:20] [main] [org.springframework.web.servlet.mvc.method.annotation.RequestMappingHandlerAdapter-532] - Looking for @ControllerAdvice: org.springframework.boot.context.embedded.AnnotationConfigEmbeddedWebApplicationContext@63f4ad66: startup date [Thu May 12 22:00:09 CST 2016]; root of context hierarchy
[2016-05-12 22:00:21] [main] [org.springframework.web.servlet.handler.AbstractHandlerMethodMapping$MappingRegistry-534] - Mapped "{[/auth/login],methods=[GET]}" onto public java.lang.String com.demon.controller.AdminAuthController.loginGet(org.springframework.ui.Model)
[2016-05-12 22:00:21] [main] [org.springframework.web.servlet.handler.AbstractHandlerMethodMapping$MappingRegistry-534] - Mapped "{[/auth/login],methods=[POST]}" onto public java.lang.String com.demon.controller.AdminAuthController.loginPost(javax.servlet.http.HttpSession,com.demon.domain.UserPlatform,org.springframework.validation.BindingResult,org.springframework.ui.Model)
[2016-05-12 22:00:21] [main] [org.springframework.web.servlet.handler.AbstractHandlerMethodMapping$MappingRegistry-534] - Mapped "{[/auth/logout],methods=[GET]}" onto public java.lang.String com.demon.controller.AdminAuthController.logout(javax.servlet.http.HttpSession,org.springframework.ui.Model)
[2016-05-12 22:00:21] [main] [org.springframework.web.servlet.handler.AbstractHandlerMethodMapping$MappingRegistry-534] - Mapped "{[/404]}" onto public java.lang.String com.demon.controller.AdminErrorController.page_404()
[2016-05-12 22:00:21] [main] [org.springframework.web.servlet.handler.AbstractHandlerMethodMapping$MappingRegistry-534] - Mapped "{[/403]}" onto public java.lang.String com.demon.controller.AdminErrorController.page_403()
[2016-05-12 22:00:21] [main] [org.springframework.web.servlet.handler.AbstractHandlerMethodMapping$MappingRegistry-534] - Mapped "{[/500]}" onto public java.lang.String com.demon.controller.AdminErrorController.page_500()
[2016-05-12 22:00:21] [main] [org.springframework.web.servlet.handler.AbstractHandlerMethodMapping$MappingRegistry-534] - Mapped "{[/manager/userPlatform/list],methods=[GET]}" onto public java.lang.String com.demon.controller.AdminManagerController.userPlatformList(int,org.springframework.ui.Model)
[2016-05-12 22:00:21] [main] [org.springframework.web.servlet.handler.AbstractHandlerMethodMapping$MappingRegistry-534] - Mapped "{[/manager/userPlatform],methods=[GET]}" onto public java.lang.String com.demon.controller.AdminManagerController.userPlatform(org.springframework.ui.Model)
[2016-05-12 22:00:21] [main] [org.springframework.web.servlet.handler.AbstractHandlerMethodMapping$MappingRegistry-534] - Mapped "{[/manager/userPlatform/{id}],methods=[GET]}" onto public java.lang.String com.demon.controller.AdminManagerController.userPlatformOperate(java.lang.String,org.springframework.ui.Model)
[2016-05-12 22:00:21] [main] [org.springframework.web.servlet.handler.AbstractHandlerMethodMapping$MappingRegistry-534] - Mapped "{[/manager/userPlatform/operate],methods=[POST]}" onto public java.lang.String com.demon.controller.AdminManagerController.userPlatformOperate(com.demon.domain.UserPlatform,org.springframework.validation.BindingResult,org.springframework.ui.Model)
[2016-05-12 22:00:21] [main] [org.springframework.web.servlet.handler.AbstractHandlerMethodMapping$MappingRegistry-534] - Mapped "{[/manager/userPlatform/ajax/del],methods=[POST]}" onto public java.lang.String com.demon.controller.AdminManagerController.ajaxUserPlatformDel(java.lang.Long[])
[2016-05-12 22:00:21] [main] [org.springframework.web.servlet.handler.AbstractHandlerMethodMapping$MappingRegistry-534] - Mapped "{[/list]}" onto public java.lang.String com.demon.controller.AdminTableController.list()
[2016-05-12 22:00:21] [main] [org.springframework.web.servlet.handler.AbstractHandlerMethodMapping$MappingRegistry-534] - Mapped "{[/add]}" onto public java.lang.String com.demon.controller.AdminTableController.add()
[2016-05-12 22:00:21] [main] [org.springframework.web.servlet.handler.AbstractHandlerMethodMapping$MappingRegistry-534] - Mapped "{[/edit]}" onto public java.lang.String com.demon.controller.AdminTableController.edit()
[2016-05-12 22:00:21] [main] [org.springframework.web.servlet.handler.AbstractHandlerMethodMapping$MappingRegistry-534] - Mapped "{[/]}" onto public java.lang.String com.demon.controller.AdminWelcomeController.welcome(com.demon.access.AdminLoginer,java.util.Map<java.lang.String, java.lang.Object>)
[2016-05-12 22:00:21] [main] [org.springframework.web.servlet.handler.AbstractHandlerMethodMapping$MappingRegistry-534] - Mapped "{[/set]}" onto public java.lang.String com.demon.controller.AdminWelcomeController.welcomea(javax.servlet.http.HttpSession,java.util.Map<java.lang.String, java.lang.Object>)
[2016-05-12 22:00:21] [main] [org.springframework.web.servlet.handler.AbstractHandlerMethodMapping$MappingRegistry-534] - Mapped "{[/error]}" onto public org.springframework.http.ResponseEntity<java.util.Map<java.lang.String, java.lang.Object>> org.springframework.boot.autoconfigure.web.BasicErrorController.error(javax.servlet.http.HttpServletRequest)
[2016-05-12 22:00:21] [main] [org.springframework.web.servlet.handler.AbstractHandlerMethodMapping$MappingRegistry-534] - Mapped "{[/error],produces=[text/html]}" onto public org.springframework.web.servlet.ModelAndView org.springframework.boot.autoconfigure.web.BasicErrorController.errorHtml(javax.servlet.http.HttpServletRequest,javax.servlet.http.HttpServletResponse)
[2016-05-12 22:00:21] [main] [org.springframework.web.servlet.handler.AbstractUrlHandlerMapping-341] - Mapped URL path [/static/**] onto handler of type [class org.springframework.web.servlet.resource.ResourceHttpRequestHandler]
[2016-05-12 22:00:21] [main] [org.springframework.web.servlet.handler.AbstractUrlHandlerMapping-341] - Mapped URL path [/webjars/**] onto handler of type [class org.springframework.web.servlet.resource.ResourceHttpRequestHandler]
[2016-05-12 22:00:21] [main] [org.springframework.web.servlet.handler.AbstractUrlHandlerMapping-341] - Mapped URL path [/**] onto handler of type [class org.springframework.web.servlet.resource.ResourceHttpRequestHandler]
[2016-05-12 22:00:21] [main] [org.springframework.web.servlet.handler.AbstractUrlHandlerMapping-341] - Mapped URL path [/**/favicon.ico] onto handler of type [class org.springframework.web.servlet.resource.ResourceHttpRequestHandler]
[2016-05-12 22:00:21] [main] [org.springframework.web.servlet.view.velocity.VelocityConfigurer-140] - ClasspathResourceLoader with name 'springMacro' added to configured VelocityEngine
[2016-05-12 22:00:22] [main] [org.springframework.jmx.export.MBeanExporter-431] - Registering beans for JMX exposure on startup
[2016-05-12 22:00:22] [main] [org.apache.juli.logging.DirectJDKLog-180] - Initializing ProtocolHandler ["http-nio-8080"]
[2016-05-12 22:00:22] [main] [org.apache.juli.logging.DirectJDKLog-180] - Starting ProtocolHandler ["http-nio-8080"]
[2016-05-12 22:00:22] [main] [org.apache.juli.logging.DirectJDKLog-180] - Using a shared selector for servlet write/read
[2016-05-12 22:00:22] [main] [org.springframework.boot.context.embedded.tomcat.TomcatEmbeddedServletContainer-162] - Tomcat started on port(s): 8080 (http)
[2016-05-12 22:00:22] [main] [org.springframework.boot.StartupInfoLogger-57] - Started DemonAdminApplication in 28.936 seconds (JVM running for 33.602)
[2016-05-12 22:00:22] [http-nio-8080-exec-1] [org.apache.juli.logging.DirectJDKLog-180] - Initializing Spring FrameworkServlet 'dispatcherServlet'
[2016-05-12 22:00:22] [http-nio-8080-exec-1] [org.springframework.web.servlet.FrameworkServlet-488] - FrameworkServlet 'dispatcherServlet': initialization started
[2016-05-12 22:00:22] [http-nio-8080-exec-1] [org.springframework.web.servlet.FrameworkServlet-507] - FrameworkServlet 'dispatcherServlet': initialization completed in 22 ms
[2016-05-12 22:00:22] [http-nio-8080-exec-1] [com.demon.DemonAdminApplicationFilter-33] - = RequestUrl=>http://localhost:8080/manager/userPlatform/list, Params=>
[2016-05-12 22:00:22] [http-nio-8080-exec-2] [com.demon.DemonAdminApplicationFilter-33] - = RequestUrl=>http://localhost:8080/manager/userPlatform/list, Params=>
[2016-05-12 22:00:22] [http-nio-8080-exec-4] [com.demon.DemonAdminApplicationFilter-33] - = RequestUrl=>http://localhost:8080/auth/login, Params=>
[2016-05-12 22:00:22] [http-nio-8080-exec-5] [com.demon.DemonAdminApplicationFilter-33] - = RequestUrl=>http://localhost:8080/manager/userPlatform/list, Params=>
[2016-05-12 22:00:22] [http-nio-8080-exec-6] [com.demon.DemonAdminApplicationFilter-33] - = RequestUrl=>http://localhost:8080/auth/login, Params=>
[2016-05-12 22:00:24] [http-nio-8080-exec-8] [com.demon.DemonAdminApplicationFilter-33] - = RequestUrl=>http://localhost:8080/auth/login, Params=>loginUsername=zhong&loginPassword=123456
[2016-05-12 22:00:30] [http-nio-8080-exec-8] [com.demon.DemonAdminApplicationFilter-33] - = RequestUrl=>http://localhost:8080/gettime, Params=>
[2016-05-12 22:00:32] [http-nio-8080-exec-7] [com.demon.DemonAdminApplicationFilter-33] - = RequestUrl=>http://localhost:8080/manager/userPlatform/list, Params=>
[2016-05-12 22:00:32] [http-nio-8080-exec-7] [com.demon.DemonAdminApplicationFilter-33] - = RequestUrl=>http://localhost:8080/gettime, Params=>
[2016-05-12 22:00:36] [http-nio-8080-exec-9] [com.demon.DemonAdminApplicationFilter-33] - = RequestUrl=>http://localhost:8080/manager/userPlatform/list, Params=>page=2
[2016-05-12 22:00:36] [http-nio-8080-exec-9] [com.demon.DemonAdminApplicationFilter-33] - = RequestUrl=>http://localhost:8080/gettime, Params=>
[2016-05-12 22:00:47] [http-nio-8080-exec-6] [com.demon.DemonAdminApplicationFilter-33] - = RequestUrl=>http://localhost:8080/manager/userPlatform/list, Params=>page=1
[2016-05-12 22:00:48] [http-nio-8080-exec-6] [com.demon.DemonAdminApplicationFilter-33] - = RequestUrl=>http://localhost:8080/gettime, Params=>
[2016-05-12 22:31:33] [http-nio-8080-exec-1] [com.demon.DemonAdminApplicationFilter-33] - = RequestUrl=>http://localhost:8080/manager/userPlatform/list, Params=>
[2016-05-12 22:31:33] [http-nio-8080-exec-8] [com.demon.DemonAdminApplicationFilter-33] - = RequestUrl=>http://localhost:8080/auth/login, Params=>
[2016-05-12 22:31:34] [http-nio-8080-exec-4] [com.demon.DemonAdminApplicationFilter-33] - = RequestUrl=>http://localhost:8080/auth/login, Params=>loginUsername=zhong&loginPassword=123456
[2016-05-12 22:31:34] [http-nio-8080-exec-4] [com.demon.DemonAdminApplicationFilter-33] - = RequestUrl=>http://localhost:8080/gettime, Params=>
[2016-05-12 22:31:35] [http-nio-8080-exec-10] [com.demon.DemonAdminApplicationFilter-33] - = RequestUrl=>http://localhost:8080/manager/userPlatform/list, Params=>
[2016-05-12 22:31:36] [http-nio-8080-exec-10] [com.demon.DemonAdminApplicationFilter-33] - = RequestUrl=>http://localhost:8080/gettime, Params=>
[2016-05-12 22:31:39] [http-nio-8080-exec-9] [com.demon.DemonAdminApplicationFilter-33] - = RequestUrl=>http://localhost:8080/manager/userPlatform/list, Params=>page=2
[2016-05-12 22:31:39] [http-nio-8080-exec-9] [com.demon.DemonAdminApplicationFilter-33] - = RequestUrl=>http://localhost:8080/gettime, Params=>
[2016-05-12 22:32:28] [http-nio-8080-exec-2] [com.demon.DemonAdminApplicationFilter-33] - = RequestUrl=>http://localhost:8080/manager/userPlatform/list, Params=>
[2016-05-12 22:32:28] [http-nio-8080-exec-2] [com.demon.DemonAdminApplicationFilter-33] - = RequestUrl=>http://localhost:8080/gettime, Params=>
[2016-05-12 22:32:30] [http-nio-8080-exec-8] [com.demon.DemonAdminApplicationFilter-33] - = RequestUrl=>http://localhost:8080/manager/userPlatform/list, Params=>page=2
[2016-05-12 22:32:30] [http-nio-8080-exec-8] [com.demon.DemonAdminApplicationFilter-33] - = RequestUrl=>http://localhost:8080/gettime, Params=>
[2016-05-12 22:32:33] [http-nio-8080-exec-5] [com.demon.DemonAdminApplicationFilter-33] - = RequestUrl=>http://localhost:8080/manager/userPlatform/ajax/del, Params=>chkall=1&ids[]=10000014
[2016-05-12 22:34:37] [http-nio-8080-exec-3] [com.demon.DemonAdminApplicationFilter-33] - = RequestUrl=>http://localhost:8080/manager/userPlatform/ajax/del, Params=>chkall=1&ids[]=10000014
[2016-05-12 22:35:05] [http-nio-8080-exec-7] [com.demon.DemonAdminApplicationFilter-33] - = RequestUrl=>http://localhost:8080/manager/userPlatform/ajax/del, Params=>chkall=1&ids[]=10000014
[2016-05-12 22:39:00] [http-nio-8080-exec-10] [com.demon.DemonAdminApplicationFilter-33] - = RequestUrl=>http://localhost:8080/manager/userPlatform/list, Params=>
[2016-05-12 22:39:00] [http-nio-8080-exec-10] [com.demon.DemonAdminApplicationFilter-33] - = RequestUrl=>http://localhost:8080/gettime, Params=>
[2016-05-12 22:39:05] [http-nio-8080-exec-1] [com.demon.DemonAdminApplicationFilter-33] - = RequestUrl=>http://localhost:8080/manager/userPlatform/ajax/del, Params=>chkall=1&ids[]=10000005
[2016-05-12 22:39:12] [http-nio-8080-exec-4] [com.demon.DemonAdminApplicationFilter-33] - = RequestUrl=>http://localhost:8080/manager/userPlatform/ajax/del, Params=>chkall=1&ids[]=10000005
[2016-05-12 22:39:40] [http-nio-8080-exec-6] [com.demon.DemonAdminApplicationFilter-33] - = RequestUrl=>http://localhost:8080/manager/userPlatform/list, Params=>
[2016-05-12 22:39:40] [http-nio-8080-exec-6] [com.demon.DemonAdminApplicationFilter-33] - = RequestUrl=>http://localhost:8080/gettime, Params=>
[2016-05-12 22:39:44] [http-nio-8080-exec-2] [com.demon.DemonAdminApplicationFilter-33] - = RequestUrl=>http://localhost:8080/manager/userPlatform/ajax/del, Params=>chkall=1&ids[]=10000005
[2016-05-12 22:40:20] [Thread-4] [org.springframework.context.support.AbstractApplicationContext-960] - Closing org.springframework.boot.context.embedded.AnnotationConfigEmbeddedWebApplicationContext@63f4ad66: startup date [Thu May 12 22:00:09 CST 2016]; root of context hierarchy
[2016-05-12 22:40:20] [Thread-4] [org.springframework.jmx.export.MBeanExporter-449] - Unregistering JMX-exposed beans on shutdown
[2016-05-12 22:40:20] [Thread-4] [org.springframework.orm.jpa.AbstractEntityManagerFactoryBean-481] - Closing JPA EntityManagerFactory for persistence unit 'default'
[2016-05-12 22:40:44] [main] [org.springframework.boot.StartupInfoLogger-48] - Starting DemonAdminApplication on cengningzhongdeMacBook-Pro.local with PID 28112 (/Users/zengningzhong/Documents/workspace-sts-develop/demon/demon-admin/target/classes started by zengningzhong in /Users/zengningzhong/Documents/workspace-sts-develop/demon/demon-admin)
[2016-05-12 22:40:44] [main] [org.springframework.boot.SpringApplication-670] - The following profiles are active: dev
[2016-05-12 22:40:44] [main] [org.springframework.context.support.AbstractApplicationContext-578] - Refreshing org.springframework.boot.context.embedded.AnnotationConfigEmbeddedWebApplicationContext@40134dbd: startup date [Thu May 12 22:40:44 CST 2016]; root of context hierarchy
[2016-05-12 22:40:46] [main] [org.springframework.beans.factory.support.DefaultListableBeanFactory-839] - Overriding bean definition for bean 'beanNameViewResolver' with a different definition: replacing [Root bean: class [null]; scope=; abstract=false; lazyInit=false; autowireMode=3; dependencyCheck=0; autowireCandidate=true; primary=false; factoryBeanName=org.springframework.boot.autoconfigure.web.ErrorMvcAutoConfiguration$WhitelabelErrorViewConfiguration; factoryMethodName=beanNameViewResolver; initMethodName=null; destroyMethodName=(inferred); defined in class path resource [org/springframework/boot/autoconfigure/web/ErrorMvcAutoConfiguration$WhitelabelErrorViewConfiguration.class]] with [Root bean: class [null]; scope=; abstract=false; lazyInit=false; autowireMode=3; dependencyCheck=0; autowireCandidate=true; primary=false; factoryBeanName=org.springframework.boot.autoconfigure.web.WebMvcAutoConfiguration$WebMvcAutoConfigurationAdapter; factoryMethodName=beanNameViewResolver; initMethodName=null; destroyMethodName=(inferred); defined in class path resource [org/springframework/boot/autoconfigure/web/WebMvcAutoConfiguration$WebMvcAutoConfigurationAdapter.class]]
[2016-05-12 22:40:47] [main] [org.springframework.context.support.PostProcessorRegistrationDelegate$BeanPostProcessorChecker-328] - Bean 'org.springframework.transaction.annotation.ProxyTransactionManagementConfiguration' of type [class org.springframework.transaction.annotation.ProxyTransactionManagementConfiguration$$EnhancerBySpringCGLIB$$d4914f05] is not eligible for getting processed by all BeanPostProcessors (for example: not eligible for auto-proxying)
[2016-05-12 22:40:48] [main] [org.hibernate.validator.engine.resolver.DefaultTraversableResolver-81] - Instantiated an instance of org.hibernate.validator.engine.resolver.JPATraversableResolver.
[2016-05-12 22:40:48] [main] [org.springframework.boot.context.embedded.tomcat.TomcatEmbeddedServletContainer-81] - Tomcat initialized with port(s): 8080 (http)
[2016-05-12 22:40:48] [main] [org.apache.juli.logging.DirectJDKLog-180] - Starting service Tomcat
[2016-05-12 22:40:48] [main] [org.apache.juli.logging.DirectJDKLog-180] - Starting Servlet Engine: Apache Tomcat/8.0.32
[2016-05-12 22:40:48] [localhost-startStop-1] [org.apache.juli.logging.DirectJDKLog-180] - Initializing Spring embedded WebApplicationContext
[2016-05-12 22:40:48] [localhost-startStop-1] [org.springframework.boot.context.embedded.EmbeddedWebApplicationContext-272] - Root WebApplicationContext: initialization completed in 4479 ms
[2016-05-12 22:40:49] [localhost-startStop-1] [org.springframework.boot.context.embedded.AbstractFilterRegistrationBean-258] - Mapping filter: 'hiddenHttpMethodFilter' to: [/*]
[2016-05-12 22:40:49] [localhost-startStop-1] [org.springframework.boot.context.embedded.AbstractFilterRegistrationBean-258] - Mapping filter: 'httpPutFormContentFilter' to: [/*]
[2016-05-12 22:40:49] [localhost-startStop-1] [org.springframework.boot.context.embedded.AbstractFilterRegistrationBean-258] - Mapping filter: 'requestContextFilter' to: [/*]
[2016-05-12 22:40:49] [localhost-startStop-1] [org.springframework.boot.context.embedded.AbstractFilterRegistrationBean-271] - Mapping filter: 'demonAdminApplicationFilter' to urls: [/*]
[2016-05-12 22:40:49] [localhost-startStop-1] [org.springframework.boot.context.embedded.AbstractFilterRegistrationBean-258] - Mapping filter: 'characterEncodingFilter' to: [/*]
[2016-05-12 22:40:49] [localhost-startStop-1] [org.springframework.boot.context.embedded.ServletRegistrationBean-189] - Mapping servlet: 'dispatcherServlet' to [/]
[2016-05-12 22:40:49] [main] [org.springframework.orm.jpa.LocalContainerEntityManagerFactoryBean-339] - Building JPA container EntityManagerFactory for persistence unit 'default'
[2016-05-12 22:40:49] [main] [org.hibernate.jpa.internal.util.LogHelper-46] - HHH000204: Processing PersistenceUnitInfo [
	name: default
	...]
[2016-05-12 22:40:49] [main] [org.hibernate.Version-54] - HHH000412: Hibernate Core {4.3.11.Final}
[2016-05-12 22:40:49] [main] [org.hibernate.cfg.Environment-239] - HHH000206: hibernate.properties not found
[2016-05-12 22:40:49] [main] [org.hibernate.cfg.Environment-346] - HHH000021: Bytecode provider name : javassist
[2016-05-12 22:40:50] [main] [org.hibernate.annotations.common.reflection.java.JavaReflectionManager-66] - HCANN000001: Hibernate Commons Annotations {4.0.5.Final}
[2016-05-12 22:40:50] [main] [org.hibernate.dialect.Dialect-145] - HHH000400: Using dialect: org.hibernate.dialect.MySQLDialect
[2016-05-12 22:40:50] [main] [org.hibernate.hql.internal.ast.ASTQueryTranslatorFactory-47] - HHH000397: Using ASTQueryTranslatorFactory
[2016-05-12 22:40:50] [main] [org.hibernate.validator.engine.resolver.DefaultTraversableResolver-81] - Instantiated an instance of org.hibernate.validator.engine.resolver.JPATraversableResolver.
[2016-05-12 22:40:51] [main] [org.hibernate.tool.hbm2ddl.SchemaValidator-157] - HHH000229: Running schema validator
[2016-05-12 22:40:51] [main] [org.hibernate.tool.hbm2ddl.SchemaValidator-165] - HHH000102: Fetching database metadata
[2016-05-12 22:40:51] [main] [org.hibernate.tool.hbm2ddl.TableMetadata-65] - HHH000261: Table found: boot.user_platform
[2016-05-12 22:40:51] [main] [org.hibernate.tool.hbm2ddl.TableMetadata-66] - HHH000037: Columns: [id, login_username, gmt_create, gmt_motify, login_password, role]
[2016-05-12 22:40:52] [main] [org.hibernate.validator.engine.resolver.DefaultTraversableResolver-81] - Instantiated an instance of org.hibernate.validator.engine.resolver.JPATraversableResolver.
[2016-05-12 22:40:52] [main] [org.springframework.web.servlet.mvc.method.annotation.RequestMappingHandlerAdapter-532] - Looking for @ControllerAdvice: org.springframework.boot.context.embedded.AnnotationConfigEmbeddedWebApplicationContext@40134dbd: startup date [Thu May 12 22:40:44 CST 2016]; root of context hierarchy
[2016-05-12 22:40:52] [main] [org.springframework.web.servlet.handler.AbstractHandlerMethodMapping$MappingRegistry-534] - Mapped "{[/auth/login],methods=[GET]}" onto public java.lang.String com.demon.controller.AdminAuthController.loginGet(org.springframework.ui.Model)
[2016-05-12 22:40:52] [main] [org.springframework.web.servlet.handler.AbstractHandlerMethodMapping$MappingRegistry-534] - Mapped "{[/auth/login],methods=[POST]}" onto public java.lang.String com.demon.controller.AdminAuthController.loginPost(javax.servlet.http.HttpSession,com.demon.domain.UserPlatform,org.springframework.validation.BindingResult,org.springframework.ui.Model)
[2016-05-12 22:40:52] [main] [org.springframework.web.servlet.handler.AbstractHandlerMethodMapping$MappingRegistry-534] - Mapped "{[/auth/logout],methods=[GET]}" onto public java.lang.String com.demon.controller.AdminAuthController.logout(javax.servlet.http.HttpSession,org.springframework.ui.Model)
[2016-05-12 22:40:52] [main] [org.springframework.web.servlet.handler.AbstractHandlerMethodMapping$MappingRegistry-534] - Mapped "{[/404]}" onto public java.lang.String com.demon.controller.AdminErrorController.page_404()
[2016-05-12 22:40:52] [main] [org.springframework.web.servlet.handler.AbstractHandlerMethodMapping$MappingRegistry-534] - Mapped "{[/403]}" onto public java.lang.String com.demon.controller.AdminErrorController.page_403()
[2016-05-12 22:40:52] [main] [org.springframework.web.servlet.handler.AbstractHandlerMethodMapping$MappingRegistry-534] - Mapped "{[/500]}" onto public java.lang.String com.demon.controller.AdminErrorController.page_500()
[2016-05-12 22:40:52] [main] [org.springframework.web.servlet.handler.AbstractHandlerMethodMapping$MappingRegistry-534] - Mapped "{[/manager/userPlatform/list],methods=[GET]}" onto public java.lang.String com.demon.controller.AdminManagerController.userPlatformList(int,org.springframework.ui.Model)
[2016-05-12 22:40:52] [main] [org.springframework.web.servlet.handler.AbstractHandlerMethodMapping$MappingRegistry-534] - Mapped "{[/manager/userPlatform],methods=[GET]}" onto public java.lang.String com.demon.controller.AdminManagerController.userPlatform(org.springframework.ui.Model)
[2016-05-12 22:40:52] [main] [org.springframework.web.servlet.handler.AbstractHandlerMethodMapping$MappingRegistry-534] - Mapped "{[/manager/userPlatform/{id}],methods=[GET]}" onto public java.lang.String com.demon.controller.AdminManagerController.userPlatformOperate(java.lang.String,org.springframework.ui.Model)
[2016-05-12 22:40:52] [main] [org.springframework.web.servlet.handler.AbstractHandlerMethodMapping$MappingRegistry-534] - Mapped "{[/manager/userPlatform/operate],methods=[POST]}" onto public java.lang.String com.demon.controller.AdminManagerController.userPlatformOperate(com.demon.domain.UserPlatform,org.springframework.validation.BindingResult,org.springframework.ui.Model)
[2016-05-12 22:40:52] [main] [org.springframework.web.servlet.handler.AbstractHandlerMethodMapping$MappingRegistry-534] - Mapped "{[/manager/userPlatform/ajax/del],methods=[POST]}" onto public java.lang.String com.demon.controller.AdminManagerController.ajaxUserPlatformDel(java.lang.Long[])
[2016-05-12 22:40:52] [main] [org.springframework.web.servlet.handler.AbstractHandlerMethodMapping$MappingRegistry-534] - Mapped "{[/list]}" onto public java.lang.String com.demon.controller.AdminTableController.list()
[2016-05-12 22:40:52] [main] [org.springframework.web.servlet.handler.AbstractHandlerMethodMapping$MappingRegistry-534] - Mapped "{[/add]}" onto public java.lang.String com.demon.controller.AdminTableController.add()
[2016-05-12 22:40:52] [main] [org.springframework.web.servlet.handler.AbstractHandlerMethodMapping$MappingRegistry-534] - Mapped "{[/edit]}" onto public java.lang.String com.demon.controller.AdminTableController.edit()
[2016-05-12 22:40:52] [main] [org.springframework.web.servlet.handler.AbstractHandlerMethodMapping$MappingRegistry-534] - Mapped "{[/]}" onto public java.lang.String com.demon.controller.AdminWelcomeController.welcome(com.demon.access.AdminLoginer,java.util.Map<java.lang.String, java.lang.Object>)
[2016-05-12 22:40:52] [main] [org.springframework.web.servlet.handler.AbstractHandlerMethodMapping$MappingRegistry-534] - Mapped "{[/set]}" onto public java.lang.String com.demon.controller.AdminWelcomeController.welcomea(javax.servlet.http.HttpSession,java.util.Map<java.lang.String, java.lang.Object>)
[2016-05-12 22:40:52] [main] [org.springframework.web.servlet.handler.AbstractHandlerMethodMapping$MappingRegistry-534] - Mapped "{[/error]}" onto public org.springframework.http.ResponseEntity<java.util.Map<java.lang.String, java.lang.Object>> org.springframework.boot.autoconfigure.web.BasicErrorController.error(javax.servlet.http.HttpServletRequest)
[2016-05-12 22:40:52] [main] [org.springframework.web.servlet.handler.AbstractHandlerMethodMapping$MappingRegistry-534] - Mapped "{[/error],produces=[text/html]}" onto public org.springframework.web.servlet.ModelAndView org.springframework.boot.autoconfigure.web.BasicErrorController.errorHtml(javax.servlet.http.HttpServletRequest,javax.servlet.http.HttpServletResponse)
[2016-05-12 22:40:52] [main] [org.springframework.web.servlet.handler.AbstractUrlHandlerMapping-341] - Mapped URL path [/static/**] onto handler of type [class org.springframework.web.servlet.resource.ResourceHttpRequestHandler]
[2016-05-12 22:40:52] [main] [org.springframework.web.servlet.handler.AbstractUrlHandlerMapping-341] - Mapped URL path [/webjars/**] onto handler of type [class org.springframework.web.servlet.resource.ResourceHttpRequestHandler]
[2016-05-12 22:40:52] [main] [org.springframework.web.servlet.handler.AbstractUrlHandlerMapping-341] - Mapped URL path [/**] onto handler of type [class org.springframework.web.servlet.resource.ResourceHttpRequestHandler]
[2016-05-12 22:40:52] [main] [org.springframework.web.servlet.handler.AbstractUrlHandlerMapping-341] - Mapped URL path [/**/favicon.ico] onto handler of type [class org.springframework.web.servlet.resource.ResourceHttpRequestHandler]
[2016-05-12 22:40:52] [main] [org.springframework.web.servlet.view.velocity.VelocityConfigurer-140] - ClasspathResourceLoader with name 'springMacro' added to configured VelocityEngine
[2016-05-12 22:40:53] [main] [org.springframework.jmx.export.MBeanExporter-431] - Registering beans for JMX exposure on startup
[2016-05-12 22:40:53] [main] [org.apache.juli.logging.DirectJDKLog-180] - Initializing ProtocolHandler ["http-nio-8080"]
[2016-05-12 22:40:53] [main] [org.apache.juli.logging.DirectJDKLog-180] - Starting ProtocolHandler ["http-nio-8080"]
[2016-05-12 22:40:53] [main] [org.apache.juli.logging.DirectJDKLog-180] - Using a shared selector for servlet write/read
[2016-05-12 22:40:53] [main] [org.springframework.boot.context.embedded.tomcat.TomcatEmbeddedServletContainer-162] - Tomcat started on port(s): 8080 (http)
[2016-05-12 22:40:53] [main] [org.springframework.boot.StartupInfoLogger-57] - Started DemonAdminApplication in 24.697 seconds (JVM running for 29.526)
[2016-05-12 22:40:56] [http-nio-8080-exec-1] [org.apache.juli.logging.DirectJDKLog-180] - Initializing Spring FrameworkServlet 'dispatcherServlet'
[2016-05-12 22:40:56] [http-nio-8080-exec-1] [org.springframework.web.servlet.FrameworkServlet-488] - FrameworkServlet 'dispatcherServlet': initialization started
[2016-05-12 22:40:56] [http-nio-8080-exec-1] [org.springframework.web.servlet.FrameworkServlet-507] - FrameworkServlet 'dispatcherServlet': initialization completed in 15 ms
[2016-05-12 22:40:56] [http-nio-8080-exec-1] [com.demon.DemonAdminApplicationFilter-33] - = RequestUrl=>http://localhost:8080/manager/userPlatform/list, Params=>
[2016-05-12 22:40:56] [http-nio-8080-exec-2] [com.demon.DemonAdminApplicationFilter-33] - = RequestUrl=>http://localhost:8080/auth/login, Params=>
[2016-05-12 22:40:57] [http-nio-8080-exec-8] [com.demon.DemonAdminApplicationFilter-33] - = RequestUrl=>http://localhost:8080/auth/login, Params=>loginUsername=zhong&loginPassword=123456
[2016-05-12 22:41:03] [http-nio-8080-exec-8] [com.demon.DemonAdminApplicationFilter-33] - = RequestUrl=>http://localhost:8080/gettime, Params=>
[2016-05-12 22:41:05] [http-nio-8080-exec-5] [com.demon.DemonAdminApplicationFilter-33] - = RequestUrl=>http://localhost:8080/manager/userPlatform/list, Params=>
[2016-05-12 22:41:05] [http-nio-8080-exec-5] [com.demon.DemonAdminApplicationFilter-33] - = RequestUrl=>http://localhost:8080/gettime, Params=>
[2016-05-12 22:41:07] [http-nio-8080-exec-1] [com.demon.DemonAdminApplicationFilter-33] - = RequestUrl=>http://localhost:8080/manager/userPlatform/ajax/del, Params=>chkall=1&ids[]=10000005
[2016-05-12 22:41:07] [http-nio-8080-exec-1] [com.demon.controller.AdminManagerController-85] - ids=>10000005
[2016-05-12 22:41:59] [http-nio-8080-exec-6] [com.demon.DemonAdminApplicationFilter-33] - = RequestUrl=>http://localhost:8080/manager/userPlatform/ajax/del, Params=>chkall=1&ids[]=10000005
[2016-05-12 22:41:59] [http-nio-8080-exec-6] [com.demon.controller.AdminManagerController$$EPkzzuLw-85] - ids=>[Ljava.lang.Long;@89a97b5
[2016-05-12 22:45:01] [Thread-4] [org.springframework.context.support.AbstractApplicationContext-960] - Closing org.springframework.boot.context.embedded.AnnotationConfigEmbeddedWebApplicationContext@40134dbd: startup date [Thu May 12 22:40:44 CST 2016]; root of context hierarchy
[2016-05-12 22:45:01] [Thread-4] [org.springframework.jmx.export.MBeanExporter-449] - Unregistering JMX-exposed beans on shutdown
[2016-05-12 22:45:01] [Thread-4] [org.springframework.orm.jpa.AbstractEntityManagerFactoryBean-481] - Closing JPA EntityManagerFactory for persistence unit 'default'
[2016-05-12 22:45:25] [main] [org.springframework.boot.StartupInfoLogger-48] - Starting DemonAdminApplication on cengningzhongdeMacBook-Pro.local with PID 28124 (/Users/zengningzhong/Documents/workspace-sts-develop/demon/demon-admin/target/classes started by zengningzhong in /Users/zengningzhong/Documents/workspace-sts-develop/demon/demon-admin)
[2016-05-12 22:45:25] [main] [org.springframework.boot.SpringApplication-670] - The following profiles are active: dev
[2016-05-12 22:45:25] [main] [org.springframework.context.support.AbstractApplicationContext-578] - Refreshing org.springframework.boot.context.embedded.AnnotationConfigEmbeddedWebApplicationContext@5c9795ef: startup date [Thu May 12 22:45:25 CST 2016]; root of context hierarchy
[2016-05-12 22:45:28] [main] [org.springframework.beans.factory.support.DefaultListableBeanFactory-839] - Overriding bean definition for bean 'beanNameViewResolver' with a different definition: replacing [Root bean: class [null]; scope=; abstract=false; lazyInit=false; autowireMode=3; dependencyCheck=0; autowireCandidate=true; primary=false; factoryBeanName=org.springframework.boot.autoconfigure.web.ErrorMvcAutoConfiguration$WhitelabelErrorViewConfiguration; factoryMethodName=beanNameViewResolver; initMethodName=null; destroyMethodName=(inferred); defined in class path resource [org/springframework/boot/autoconfigure/web/ErrorMvcAutoConfiguration$WhitelabelErrorViewConfiguration.class]] with [Root bean: class [null]; scope=; abstract=false; lazyInit=false; autowireMode=3; dependencyCheck=0; autowireCandidate=true; primary=false; factoryBeanName=org.springframework.boot.autoconfigure.web.WebMvcAutoConfiguration$WebMvcAutoConfigurationAdapter; factoryMethodName=beanNameViewResolver; initMethodName=null; destroyMethodName=(inferred); defined in class path resource [org/springframework/boot/autoconfigure/web/WebMvcAutoConfiguration$WebMvcAutoConfigurationAdapter.class]]
[2016-05-12 22:45:30] [main] [org.springframework.context.support.PostProcessorRegistrationDelegate$BeanPostProcessorChecker-328] - Bean 'org.springframework.transaction.annotation.ProxyTransactionManagementConfiguration' of type [class org.springframework.transaction.annotation.ProxyTransactionManagementConfiguration$$EnhancerBySpringCGLIB$$a9106aec] is not eligible for getting processed by all BeanPostProcessors (for example: not eligible for auto-proxying)
[2016-05-12 22:45:30] [main] [org.hibernate.validator.engine.resolver.DefaultTraversableResolver-81] - Instantiated an instance of org.hibernate.validator.engine.resolver.JPATraversableResolver.
[2016-05-12 22:45:31] [main] [org.springframework.boot.context.embedded.tomcat.TomcatEmbeddedServletContainer-81] - Tomcat initialized with port(s): 8080 (http)
[2016-05-12 22:45:31] [main] [org.apache.juli.logging.DirectJDKLog-180] - Starting service Tomcat
[2016-05-12 22:45:31] [main] [org.apache.juli.logging.DirectJDKLog-180] - Starting Servlet Engine: Apache Tomcat/8.0.32
[2016-05-12 22:45:31] [localhost-startStop-1] [org.apache.juli.logging.DirectJDKLog-180] - Initializing Spring embedded WebApplicationContext
[2016-05-12 22:45:31] [localhost-startStop-1] [org.springframework.boot.context.embedded.EmbeddedWebApplicationContext-272] - Root WebApplicationContext: initialization completed in 5698 ms
[2016-05-12 22:45:32] [localhost-startStop-1] [org.springframework.boot.context.embedded.AbstractFilterRegistrationBean-258] - Mapping filter: 'hiddenHttpMethodFilter' to: [/*]
[2016-05-12 22:45:32] [localhost-startStop-1] [org.springframework.boot.context.embedded.AbstractFilterRegistrationBean-258] - Mapping filter: 'httpPutFormContentFilter' to: [/*]
[2016-05-12 22:45:32] [localhost-startStop-1] [org.springframework.boot.context.embedded.AbstractFilterRegistrationBean-258] - Mapping filter: 'requestContextFilter' to: [/*]
[2016-05-12 22:45:32] [localhost-startStop-1] [org.springframework.boot.context.embedded.AbstractFilterRegistrationBean-271] - Mapping filter: 'demonAdminApplicationFilter' to urls: [/*]
[2016-05-12 22:45:32] [localhost-startStop-1] [org.springframework.boot.context.embedded.AbstractFilterRegistrationBean-258] - Mapping filter: 'characterEncodingFilter' to: [/*]
[2016-05-12 22:45:32] [localhost-startStop-1] [org.springframework.boot.context.embedded.ServletRegistrationBean-189] - Mapping servlet: 'dispatcherServlet' to [/]
[2016-05-12 22:45:32] [main] [org.springframework.orm.jpa.LocalContainerEntityManagerFactoryBean-339] - Building JPA container EntityManagerFactory for persistence unit 'default'
[2016-05-12 22:45:32] [main] [org.hibernate.jpa.internal.util.LogHelper-46] - HHH000204: Processing PersistenceUnitInfo [
	name: default
	...]
[2016-05-12 22:45:32] [main] [org.hibernate.Version-54] - HHH000412: Hibernate Core {4.3.11.Final}
[2016-05-12 22:45:32] [main] [org.hibernate.cfg.Environment-239] - HHH000206: hibernate.properties not found
[2016-05-12 22:45:32] [main] [org.hibernate.cfg.Environment-346] - HHH000021: Bytecode provider name : javassist
[2016-05-12 22:45:33] [main] [org.hibernate.annotations.common.reflection.java.JavaReflectionManager-66] - HCANN000001: Hibernate Commons Annotations {4.0.5.Final}
[2016-05-12 22:45:33] [main] [org.hibernate.dialect.Dialect-145] - HHH000400: Using dialect: org.hibernate.dialect.MySQLDialect
[2016-05-12 22:45:33] [main] [org.hibernate.hql.internal.ast.ASTQueryTranslatorFactory-47] - HHH000397: Using ASTQueryTranslatorFactory
[2016-05-12 22:45:33] [main] [org.hibernate.validator.engine.resolver.DefaultTraversableResolver-81] - Instantiated an instance of org.hibernate.validator.engine.resolver.JPATraversableResolver.
[2016-05-12 22:45:34] [main] [org.hibernate.tool.hbm2ddl.SchemaValidator-157] - HHH000229: Running schema validator
[2016-05-12 22:45:34] [main] [org.hibernate.tool.hbm2ddl.SchemaValidator-165] - HHH000102: Fetching database metadata
[2016-05-12 22:45:34] [main] [org.hibernate.tool.hbm2ddl.TableMetadata-65] - HHH000261: Table found: boot.user_platform
[2016-05-12 22:45:34] [main] [org.hibernate.tool.hbm2ddl.TableMetadata-66] - HHH000037: Columns: [id, login_username, gmt_create, gmt_motify, login_password, role]
[2016-05-12 22:45:35] [main] [org.hibernate.validator.engine.resolver.DefaultTraversableResolver-81] - Instantiated an instance of org.hibernate.validator.engine.resolver.JPATraversableResolver.
[2016-05-12 22:45:35] [main] [org.springframework.web.servlet.mvc.method.annotation.RequestMappingHandlerAdapter-532] - Looking for @ControllerAdvice: org.springframework.boot.context.embedded.AnnotationConfigEmbeddedWebApplicationContext@5c9795ef: startup date [Thu May 12 22:45:25 CST 2016]; root of context hierarchy
[2016-05-12 22:45:35] [main] [org.springframework.web.servlet.handler.AbstractHandlerMethodMapping$MappingRegistry-534] - Mapped "{[/auth/login],methods=[GET]}" onto public java.lang.String com.demon.controller.AdminAuthController.loginGet(org.springframework.ui.Model)
[2016-05-12 22:45:35] [main] [org.springframework.web.servlet.handler.AbstractHandlerMethodMapping$MappingRegistry-534] - Mapped "{[/auth/login],methods=[POST]}" onto public java.lang.String com.demon.controller.AdminAuthController.loginPost(javax.servlet.http.HttpSession,com.demon.domain.UserPlatform,org.springframework.validation.BindingResult,org.springframework.ui.Model)
[2016-05-12 22:45:35] [main] [org.springframework.web.servlet.handler.AbstractHandlerMethodMapping$MappingRegistry-534] - Mapped "{[/auth/logout],methods=[GET]}" onto public java.lang.String com.demon.controller.AdminAuthController.logout(javax.servlet.http.HttpSession,org.springframework.ui.Model)
[2016-05-12 22:45:35] [main] [org.springframework.web.servlet.handler.AbstractHandlerMethodMapping$MappingRegistry-534] - Mapped "{[/404]}" onto public java.lang.String com.demon.controller.AdminErrorController.page_404()
[2016-05-12 22:45:35] [main] [org.springframework.web.servlet.handler.AbstractHandlerMethodMapping$MappingRegistry-534] - Mapped "{[/403]}" onto public java.lang.String com.demon.controller.AdminErrorController.page_403()
[2016-05-12 22:45:35] [main] [org.springframework.web.servlet.handler.AbstractHandlerMethodMapping$MappingRegistry-534] - Mapped "{[/500]}" onto public java.lang.String com.demon.controller.AdminErrorController.page_500()
[2016-05-12 22:45:35] [main] [org.springframework.web.servlet.handler.AbstractHandlerMethodMapping$MappingRegistry-534] - Mapped "{[/manager/userPlatform/list],methods=[GET]}" onto public java.lang.String com.demon.controller.AdminManagerController.userPlatformList(int,org.springframework.ui.Model)
[2016-05-12 22:45:35] [main] [org.springframework.web.servlet.handler.AbstractHandlerMethodMapping$MappingRegistry-534] - Mapped "{[/manager/userPlatform],methods=[GET]}" onto public java.lang.String com.demon.controller.AdminManagerController.userPlatform(org.springframework.ui.Model)
[2016-05-12 22:45:35] [main] [org.springframework.web.servlet.handler.AbstractHandlerMethodMapping$MappingRegistry-534] - Mapped "{[/manager/userPlatform/{id}],methods=[GET]}" onto public java.lang.String com.demon.controller.AdminManagerController.userPlatformOperate(java.lang.String,org.springframework.ui.Model)
[2016-05-12 22:45:35] [main] [org.springframework.web.servlet.handler.AbstractHandlerMethodMapping$MappingRegistry-534] - Mapped "{[/manager/userPlatform/operate],methods=[POST]}" onto public java.lang.String com.demon.controller.AdminManagerController.userPlatformOperate(com.demon.domain.UserPlatform,org.springframework.validation.BindingResult,org.springframework.ui.Model)
[2016-05-12 22:45:35] [main] [org.springframework.web.servlet.handler.AbstractHandlerMethodMapping$MappingRegistry-534] - Mapped "{[/manager/userPlatform/ajax/del],methods=[POST]}" onto public java.lang.String com.demon.controller.AdminManagerController.ajaxUserPlatformDel(java.lang.Long[])
[2016-05-12 22:45:35] [main] [org.springframework.web.servlet.handler.AbstractHandlerMethodMapping$MappingRegistry-534] - Mapped "{[/list]}" onto public java.lang.String com.demon.controller.AdminTableController.list()
[2016-05-12 22:45:35] [main] [org.springframework.web.servlet.handler.AbstractHandlerMethodMapping$MappingRegistry-534] - Mapped "{[/add]}" onto public java.lang.String com.demon.controller.AdminTableController.add()
[2016-05-12 22:45:35] [main] [org.springframework.web.servlet.handler.AbstractHandlerMethodMapping$MappingRegistry-534] - Mapped "{[/edit]}" onto public java.lang.String com.demon.controller.AdminTableController.edit()
[2016-05-12 22:45:35] [main] [org.springframework.web.servlet.handler.AbstractHandlerMethodMapping$MappingRegistry-534] - Mapped "{[/gettime]}" onto public java.lang.String com.demon.controller.AdminWelcomeController.gettime()
[2016-05-12 22:45:35] [main] [org.springframework.web.servlet.handler.AbstractHandlerMethodMapping$MappingRegistry-534] - Mapped "{[/]}" onto public java.lang.String com.demon.controller.AdminWelcomeController.welcome(com.demon.access.AdminLoginer,java.util.Map<java.lang.String, java.lang.Object>)
[2016-05-12 22:45:35] [main] [org.springframework.web.servlet.handler.AbstractHandlerMethodMapping$MappingRegistry-534] - Mapped "{[/set]}" onto public java.lang.String com.demon.controller.AdminWelcomeController.welcomea(javax.servlet.http.HttpSession,java.util.Map<java.lang.String, java.lang.Object>)
[2016-05-12 22:45:35] [main] [org.springframework.web.servlet.handler.AbstractHandlerMethodMapping$MappingRegistry-534] - Mapped "{[/error]}" onto public org.springframework.http.ResponseEntity<java.util.Map<java.lang.String, java.lang.Object>> org.springframework.boot.autoconfigure.web.BasicErrorController.error(javax.servlet.http.HttpServletRequest)
[2016-05-12 22:45:35] [main] [org.springframework.web.servlet.handler.AbstractHandlerMethodMapping$MappingRegistry-534] - Mapped "{[/error],produces=[text/html]}" onto public org.springframework.web.servlet.ModelAndView org.springframework.boot.autoconfigure.web.BasicErrorController.errorHtml(javax.servlet.http.HttpServletRequest,javax.servlet.http.HttpServletResponse)
[2016-05-12 22:45:36] [main] [org.springframework.web.servlet.handler.AbstractUrlHandlerMapping-341] - Mapped URL path [/static/**] onto handler of type [class org.springframework.web.servlet.resource.ResourceHttpRequestHandler]
[2016-05-12 22:45:36] [main] [org.springframework.web.servlet.handler.AbstractUrlHandlerMapping-341] - Mapped URL path [/webjars/**] onto handler of type [class org.springframework.web.servlet.resource.ResourceHttpRequestHandler]
[2016-05-12 22:45:36] [main] [org.springframework.web.servlet.handler.AbstractUrlHandlerMapping-341] - Mapped URL path [/**] onto handler of type [class org.springframework.web.servlet.resource.ResourceHttpRequestHandler]
[2016-05-12 22:45:36] [main] [org.springframework.web.servlet.handler.AbstractUrlHandlerMapping-341] - Mapped URL path [/**/favicon.ico] onto handler of type [class org.springframework.web.servlet.resource.ResourceHttpRequestHandler]
[2016-05-12 22:45:36] [main] [org.springframework.web.servlet.view.velocity.VelocityConfigurer-140] - ClasspathResourceLoader with name 'springMacro' added to configured VelocityEngine
[2016-05-12 22:45:36] [main] [org.springframework.jmx.export.MBeanExporter-431] - Registering beans for JMX exposure on startup
[2016-05-12 22:45:36] [main] [org.apache.juli.logging.DirectJDKLog-180] - Initializing ProtocolHandler ["http-nio-8080"]
[2016-05-12 22:45:36] [main] [org.apache.juli.logging.DirectJDKLog-180] - Starting ProtocolHandler ["http-nio-8080"]
[2016-05-12 22:45:36] [main] [org.apache.juli.logging.DirectJDKLog-180] - Using a shared selector for servlet write/read
[2016-05-12 22:45:36] [main] [org.springframework.boot.context.embedded.tomcat.TomcatEmbeddedServletContainer-162] - Tomcat started on port(s): 8080 (http)
[2016-05-12 22:45:36] [main] [org.springframework.boot.StartupInfoLogger-57] - Started DemonAdminApplication in 27.055 seconds (JVM running for 31.968)
[2016-05-12 22:45:56] [http-nio-8080-exec-1] [org.apache.juli.logging.DirectJDKLog-180] - Initializing Spring FrameworkServlet 'dispatcherServlet'
[2016-05-12 22:45:56] [http-nio-8080-exec-1] [org.springframework.web.servlet.FrameworkServlet-488] - FrameworkServlet 'dispatcherServlet': initialization started
[2016-05-12 22:45:56] [http-nio-8080-exec-1] [org.springframework.web.servlet.FrameworkServlet-507] - FrameworkServlet 'dispatcherServlet': initialization completed in 25 ms
[2016-05-12 22:46:08] [http-nio-8080-exec-8] [com.demon.controller.AdminManagerController-85] - ids=>[Ljava.lang.Long;@426a775a
[2016-05-12 22:51:18] [http-nio-8080-exec-9] [com.demon.controller.AdminWelcomeController-56] - adminLoginValue=>AdminLoginValue [id=10000005, loginUsername=zhong, role=SUPER_ADMIN]
[2016-05-12 22:51:20] [http-nio-8080-exec-5] [com.demon.controller.AdminWelcomeController-56] - adminLoginValue=>AdminLoginValue [id=10000005, loginUsername=zhong, role=SUPER_ADMIN]
[2016-05-12 22:56:49] [Thread-4] [org.springframework.context.support.AbstractApplicationContext-960] - Closing org.springframework.boot.context.embedded.AnnotationConfigEmbeddedWebApplicationContext@5c9795ef: startup date [Thu May 12 22:45:25 CST 2016]; root of context hierarchy
[2016-05-12 22:56:49] [Thread-4] [org.springframework.jmx.export.MBeanExporter-449] - Unregistering JMX-exposed beans on shutdown
[2016-05-12 22:56:49] [Thread-4] [org.springframework.orm.jpa.AbstractEntityManagerFactoryBean-481] - Closing JPA EntityManagerFactory for persistence unit 'default'
[2016-05-12 22:57:00] [background-preinit] [org.hibernate.validator.util.Version-56] - Hibernate Validator 4.1.0.Final
[2016-05-12 22:57:00] [background-preinit] [org.hibernate.validator.engine.resolver.DefaultTraversableResolver-81] - Instantiated an instance of org.hibernate.validator.engine.resolver.JPATraversableResolver.
[2016-05-12 22:57:04] [main] [org.springframework.boot.StartupInfoLogger-48] - Starting DemonAdminApplication on cengningzhongdeMacBook-Pro.local with PID 28160 (/Users/zengningzhong/Documents/workspace-sts-develop/demon/demon-admin/target/classes started by zengningzhong in /Users/zengningzhong/Documents/workspace-sts-develop/demon/demon-admin)
[2016-05-12 22:57:04] [main] [org.springframework.boot.SpringApplication-670] - The following profiles are active: dev
[2016-05-12 22:57:04] [main] [org.springframework.context.support.AbstractApplicationContext-578] - Refreshing org.springframework.boot.context.embedded.AnnotationConfigEmbeddedWebApplicationContext@401623f: startup date [Thu May 12 22:57:04 CST 2016]; root of context hierarchy
[2016-05-12 22:57:07] [main] [org.springframework.beans.factory.support.DefaultListableBeanFactory-839] - Overriding bean definition for bean 'beanNameViewResolver' with a different definition: replacing [Root bean: class [null]; scope=; abstract=false; lazyInit=false; autowireMode=3; dependencyCheck=0; autowireCandidate=true; primary=false; factoryBeanName=org.springframework.boot.autoconfigure.web.ErrorMvcAutoConfiguration$WhitelabelErrorViewConfiguration; factoryMethodName=beanNameViewResolver; initMethodName=null; destroyMethodName=(inferred); defined in class path resource [org/springframework/boot/autoconfigure/web/ErrorMvcAutoConfiguration$WhitelabelErrorViewConfiguration.class]] with [Root bean: class [null]; scope=; abstract=false; lazyInit=false; autowireMode=3; dependencyCheck=0; autowireCandidate=true; primary=false; factoryBeanName=org.springframework.boot.autoconfigure.web.WebMvcAutoConfiguration$WebMvcAutoConfigurationAdapter; factoryMethodName=beanNameViewResolver; initMethodName=null; destroyMethodName=(inferred); defined in class path resource [org/springframework/boot/autoconfigure/web/WebMvcAutoConfiguration$WebMvcAutoConfigurationAdapter.class]]
[2016-05-12 22:57:08] [main] [org.springframework.context.support.PostProcessorRegistrationDelegate$BeanPostProcessorChecker-328] - Bean 'org.springframework.transaction.annotation.ProxyTransactionManagementConfiguration' of type [class org.springframework.transaction.annotation.ProxyTransactionManagementConfiguration$$EnhancerBySpringCGLIB$$c6389f5e] is not eligible for getting processed by all BeanPostProcessors (for example: not eligible for auto-proxying)
[2016-05-12 22:57:08] [main] [org.hibernate.validator.engine.resolver.DefaultTraversableResolver-81] - Instantiated an instance of org.hibernate.validator.engine.resolver.JPATraversableResolver.
[2016-05-12 22:57:09] [main] [org.springframework.boot.context.embedded.tomcat.TomcatEmbeddedServletContainer-81] - Tomcat initialized with port(s): 8080 (http)
[2016-05-12 22:57:09] [main] [org.apache.juli.logging.DirectJDKLog-180] - Starting service Tomcat
[2016-05-12 22:57:09] [main] [org.apache.juli.logging.DirectJDKLog-180] - Starting Servlet Engine: Apache Tomcat/8.0.32
[2016-05-12 22:57:09] [localhost-startStop-1] [org.apache.juli.logging.DirectJDKLog-180] - Initializing Spring embedded WebApplicationContext
[2016-05-12 22:57:09] [localhost-startStop-1] [org.springframework.boot.context.embedded.EmbeddedWebApplicationContext-272] - Root WebApplicationContext: initialization completed in 4375 ms
[2016-05-12 22:57:09] [localhost-startStop-1] [org.springframework.boot.context.embedded.AbstractFilterRegistrationBean-258] - Mapping filter: 'hiddenHttpMethodFilter' to: [/*]
[2016-05-12 22:57:09] [localhost-startStop-1] [org.springframework.boot.context.embedded.AbstractFilterRegistrationBean-258] - Mapping filter: 'httpPutFormContentFilter' to: [/*]
[2016-05-12 22:57:09] [localhost-startStop-1] [org.springframework.boot.context.embedded.AbstractFilterRegistrationBean-258] - Mapping filter: 'requestContextFilter' to: [/*]
[2016-05-12 22:57:09] [localhost-startStop-1] [org.springframework.boot.context.embedded.AbstractFilterRegistrationBean-271] - Mapping filter: 'demonAdminApplicationFilter' to urls: [/*]
[2016-05-12 22:57:09] [localhost-startStop-1] [org.springframework.boot.context.embedded.AbstractFilterRegistrationBean-258] - Mapping filter: 'characterEncodingFilter' to: [/*]
[2016-05-12 22:57:09] [localhost-startStop-1] [org.springframework.boot.context.embedded.ServletRegistrationBean-189] - Mapping servlet: 'dispatcherServlet' to [/]
[2016-05-12 22:57:10] [main] [org.springframework.orm.jpa.LocalContainerEntityManagerFactoryBean-339] - Building JPA container EntityManagerFactory for persistence unit 'default'
[2016-05-12 22:57:10] [main] [org.hibernate.jpa.internal.util.LogHelper-46] - HHH000204: Processing PersistenceUnitInfo [
	name: default
	...]
[2016-05-12 22:57:10] [main] [org.hibernate.Version-54] - HHH000412: Hibernate Core {4.3.11.Final}
[2016-05-12 22:57:10] [main] [org.hibernate.cfg.Environment-239] - HHH000206: hibernate.properties not found
[2016-05-12 22:57:10] [main] [org.hibernate.cfg.Environment-346] - HHH000021: Bytecode provider name : javassist
[2016-05-12 22:57:10] [main] [org.hibernate.annotations.common.reflection.java.JavaReflectionManager-66] - HCANN000001: Hibernate Commons Annotations {4.0.5.Final}
[2016-05-12 22:57:11] [main] [org.hibernate.dialect.Dialect-145] - HHH000400: Using dialect: org.hibernate.dialect.MySQLDialect
[2016-05-12 22:57:11] [main] [org.hibernate.hql.internal.ast.ASTQueryTranslatorFactory-47] - HHH000397: Using ASTQueryTranslatorFactory
[2016-05-12 22:57:11] [main] [org.hibernate.validator.engine.resolver.DefaultTraversableResolver-81] - Instantiated an instance of org.hibernate.validator.engine.resolver.JPATraversableResolver.
[2016-05-12 22:57:11] [main] [org.hibernate.tool.hbm2ddl.SchemaValidator-157] - HHH000229: Running schema validator
[2016-05-12 22:57:11] [main] [org.hibernate.tool.hbm2ddl.SchemaValidator-165] - HHH000102: Fetching database metadata
[2016-05-12 22:57:11] [main] [org.hibernate.tool.hbm2ddl.TableMetadata-65] - HHH000261: Table found: boot.user_platform
[2016-05-12 22:57:11] [main] [org.hibernate.tool.hbm2ddl.TableMetadata-66] - HHH000037: Columns: [id, login_username, gmt_create, gmt_motify, login_password, role]
[2016-05-12 22:57:12] [main] [org.hibernate.validator.engine.resolver.DefaultTraversableResolver-81] - Instantiated an instance of org.hibernate.validator.engine.resolver.JPATraversableResolver.
[2016-05-12 22:57:12] [main] [org.springframework.web.servlet.mvc.method.annotation.RequestMappingHandlerAdapter-532] - Looking for @ControllerAdvice: org.springframework.boot.context.embedded.AnnotationConfigEmbeddedWebApplicationContext@401623f: startup date [Thu May 12 22:57:04 CST 2016]; root of context hierarchy
[2016-05-12 22:57:12] [main] [org.springframework.web.servlet.handler.AbstractHandlerMethodMapping$MappingRegistry-534] - Mapped "{[/auth/login],methods=[GET]}" onto public java.lang.String com.demon.controller.AdminAuthController.loginGet(org.springframework.ui.Model)
[2016-05-12 22:57:12] [main] [org.springframework.web.servlet.handler.AbstractHandlerMethodMapping$MappingRegistry-534] - Mapped "{[/auth/login],methods=[POST]}" onto public java.lang.String com.demon.controller.AdminAuthController.loginPost(javax.servlet.http.HttpSession,com.demon.domain.UserPlatform,org.springframework.validation.BindingResult,org.springframework.ui.Model)
[2016-05-12 22:57:12] [main] [org.springframework.web.servlet.handler.AbstractHandlerMethodMapping$MappingRegistry-534] - Mapped "{[/auth/logout],methods=[GET]}" onto public java.lang.String com.demon.controller.AdminAuthController.logout(javax.servlet.http.HttpSession,org.springframework.ui.Model)
[2016-05-12 22:57:12] [main] [org.springframework.web.servlet.handler.AbstractHandlerMethodMapping$MappingRegistry-534] - Mapped "{[/404]}" onto public java.lang.String com.demon.controller.AdminErrorController.page_404()
[2016-05-12 22:57:12] [main] [org.springframework.web.servlet.handler.AbstractHandlerMethodMapping$MappingRegistry-534] - Mapped "{[/403]}" onto public java.lang.String com.demon.controller.AdminErrorController.page_403()
[2016-05-12 22:57:12] [main] [org.springframework.web.servlet.handler.AbstractHandlerMethodMapping$MappingRegistry-534] - Mapped "{[/500]}" onto public java.lang.String com.demon.controller.AdminErrorController.page_500()
[2016-05-12 22:57:12] [main] [org.springframework.web.servlet.handler.AbstractHandlerMethodMapping$MappingRegistry-534] - Mapped "{[/manager/userPlatform/list],methods=[GET]}" onto public java.lang.String com.demon.controller.AdminManagerController.userPlatformList(int,org.springframework.ui.Model)
[2016-05-12 22:57:12] [main] [org.springframework.web.servlet.handler.AbstractHandlerMethodMapping$MappingRegistry-534] - Mapped "{[/manager/userPlatform],methods=[GET]}" onto public java.lang.String com.demon.controller.AdminManagerController.userPlatform(org.springframework.ui.Model)
[2016-05-12 22:57:12] [main] [org.springframework.web.servlet.handler.AbstractHandlerMethodMapping$MappingRegistry-534] - Mapped "{[/manager/userPlatform/{id}],methods=[GET]}" onto public java.lang.String com.demon.controller.AdminManagerController.userPlatformOperate(java.lang.String,org.springframework.ui.Model)
[2016-05-12 22:57:12] [main] [org.springframework.web.servlet.handler.AbstractHandlerMethodMapping$MappingRegistry-534] - Mapped "{[/manager/userPlatform/operate],methods=[POST]}" onto public java.lang.String com.demon.controller.AdminManagerController.userPlatformOperate(com.demon.domain.UserPlatform,org.springframework.validation.BindingResult,org.springframework.ui.Model)
[2016-05-12 22:57:12] [main] [org.springframework.web.servlet.handler.AbstractHandlerMethodMapping$MappingRegistry-534] - Mapped "{[/manager/userPlatform/ajax/del],methods=[POST]}" onto public java.lang.String com.demon.controller.AdminManagerController.ajaxUserPlatformDel(java.lang.Long[])
[2016-05-12 22:57:12] [main] [org.springframework.web.servlet.handler.AbstractHandlerMethodMapping$MappingRegistry-534] - Mapped "{[/list]}" onto public java.lang.String com.demon.controller.AdminTableController.list()
[2016-05-12 22:57:12] [main] [org.springframework.web.servlet.handler.AbstractHandlerMethodMapping$MappingRegistry-534] - Mapped "{[/add]}" onto public java.lang.String com.demon.controller.AdminTableController.add()
[2016-05-12 22:57:12] [main] [org.springframework.web.servlet.handler.AbstractHandlerMethodMapping$MappingRegistry-534] - Mapped "{[/edit]}" onto public java.lang.String com.demon.controller.AdminTableController.edit()
[2016-05-12 22:57:12] [main] [org.springframework.web.servlet.handler.AbstractHandlerMethodMapping$MappingRegistry-534] - Mapped "{[/gettime]}" onto public java.lang.String com.demon.controller.AdminWelcomeController.gettime()
[2016-05-12 22:57:12] [main] [org.springframework.web.servlet.handler.AbstractHandlerMethodMapping$MappingRegistry-534] - Mapped "{[/]}" onto public java.lang.String com.demon.controller.AdminWelcomeController.welcome(com.demon.access.AdminLoginer,java.util.Map<java.lang.String, java.lang.Object>)
[2016-05-12 22:57:12] [main] [org.springframework.web.servlet.handler.AbstractHandlerMethodMapping$MappingRegistry-534] - Mapped "{[/set]}" onto public java.lang.String com.demon.controller.AdminWelcomeController.welcomea(javax.servlet.http.HttpSession,java.util.Map<java.lang.String, java.lang.Object>)
[2016-05-12 22:57:12] [main] [org.springframework.web.servlet.handler.AbstractHandlerMethodMapping$MappingRegistry-534] - Mapped "{[/error]}" onto public org.springframework.http.ResponseEntity<java.util.Map<java.lang.String, java.lang.Object>> org.springframework.boot.autoconfigure.web.BasicErrorController.error(javax.servlet.http.HttpServletRequest)
[2016-05-12 22:57:12] [main] [org.springframework.web.servlet.handler.AbstractHandlerMethodMapping$MappingRegistry-534] - Mapped "{[/error],produces=[text/html]}" onto public org.springframework.web.servlet.ModelAndView org.springframework.boot.autoconfigure.web.BasicErrorController.errorHtml(javax.servlet.http.HttpServletRequest,javax.servlet.http.HttpServletResponse)
[2016-05-12 22:57:12] [main] [org.springframework.web.servlet.handler.AbstractUrlHandlerMapping-341] - Mapped URL path [/static/**] onto handler of type [class org.springframework.web.servlet.resource.ResourceHttpRequestHandler]
[2016-05-12 22:57:12] [main] [org.springframework.web.servlet.handler.AbstractUrlHandlerMapping-341] - Mapped URL path [/webjars/**] onto handler of type [class org.springframework.web.servlet.resource.ResourceHttpRequestHandler]
[2016-05-12 22:57:12] [main] [org.springframework.web.servlet.handler.AbstractUrlHandlerMapping-341] - Mapped URL path [/**] onto handler of type [class org.springframework.web.servlet.resource.ResourceHttpRequestHandler]
[2016-05-12 22:57:12] [main] [org.springframework.web.servlet.handler.AbstractUrlHandlerMapping-341] - Mapped URL path [/**/favicon.ico] onto handler of type [class org.springframework.web.servlet.resource.ResourceHttpRequestHandler]
[2016-05-12 22:57:13] [main] [org.springframework.web.servlet.view.velocity.VelocityConfigurer-140] - ClasspathResourceLoader with name 'springMacro' added to configured VelocityEngine
[2016-05-12 22:57:13] [main] [org.springframework.jmx.export.MBeanExporter-431] - Registering beans for JMX exposure on startup
[2016-05-12 22:57:13] [main] [org.apache.juli.logging.DirectJDKLog-180] - Initializing ProtocolHandler ["http-nio-8080"]
[2016-05-12 22:57:13] [main] [org.apache.juli.logging.DirectJDKLog-180] - Starting ProtocolHandler ["http-nio-8080"]
[2016-05-12 22:57:13] [main] [org.apache.juli.logging.DirectJDKLog-180] - Using a shared selector for servlet write/read
[2016-05-12 22:57:13] [main] [org.springframework.boot.context.embedded.tomcat.TomcatEmbeddedServletContainer-162] - Tomcat started on port(s): 8080 (http)
[2016-05-12 22:57:13] [main] [org.springframework.boot.StartupInfoLogger-57] - Started DemonAdminApplication in 14.457 seconds (JVM running for 18.944)
[2016-05-12 22:57:20] [http-nio-8080-exec-1] [org.apache.juli.logging.DirectJDKLog-180] - Initializing Spring FrameworkServlet 'dispatcherServlet'
[2016-05-12 22:57:20] [http-nio-8080-exec-1] [org.springframework.web.servlet.FrameworkServlet-488] - FrameworkServlet 'dispatcherServlet': initialization started
[2016-05-12 22:57:20] [http-nio-8080-exec-1] [org.springframework.web.servlet.FrameworkServlet-507] - FrameworkServlet 'dispatcherServlet': initialization completed in 18 ms
[2016-05-12 22:57:20] [http-nio-8080-exec-1] [com.demon.DemonAdminApplicationFilter-33] - = RequestUrl=>http://localhost:8080/manager/userPlatform/list, Params=>
[2016-05-12 22:57:20] [http-nio-8080-exec-2] [com.demon.DemonAdminApplicationFilter-33] - = RequestUrl=>http://localhost:8080/auth/login, Params=>
[2016-05-12 22:57:22] [http-nio-8080-exec-4] [com.demon.DemonAdminApplicationFilter-33] - = RequestUrl=>http://localhost:8080/auth/login, Params=>loginUsername=zhong&loginPassword=123456
[2016-05-12 22:57:27] [http-nio-8080-exec-4] [com.demon.DemonAdminApplicationFilter-33] - = RequestUrl=>http://localhost:8080/gettime, Params=>
[2016-05-12 22:59:41] [http-nio-8080-exec-3] [com.demon.DemonAdminApplicationFilter-33] - = RequestUrl=>http://localhost:8080/manager/userPlatform/list, Params=>
[2016-05-12 22:59:41] [http-nio-8080-exec-3] [com.demon.DemonAdminApplicationFilter-33] - = RequestUrl=>http://localhost:8080/gettime, Params=>
[2016-05-12 23:00:43] [http-nio-8080-exec-9] [com.demon.DemonAdminApplicationFilter-33] - = RequestUrl=>http://localhost:8080/, Params=>
[2016-05-12 23:00:43] [http-nio-8080-exec-9] [com.demon.controller.AdminWelcomeController$$EPl04Nvc-56] - adminLoginValue=>AdminLoginValue [id=10000005, loginUsername=zhong, role=SUPER_ADMIN]
[2016-05-12 23:00:48] [http-nio-8080-exec-5] [com.demon.DemonAdminApplicationFilter-33] - = RequestUrl=>http://localhost:8080/manager/userPlatform/list, Params=>
[2016-05-12 23:00:48] [http-nio-8080-exec-10] [com.demon.DemonAdminApplicationFilter-33] - = RequestUrl=>http://localhost:8080/gettime, Params=>
[2016-05-12 23:01:00] [http-nio-8080-exec-8] [com.demon.DemonAdminApplicationFilter-33] - = RequestUrl=>http://localhost:8080/manager/userPlatform/ajax/del, Params=>chkall=1&ids[]=10000005
[2016-05-12 23:01:00] [http-nio-8080-exec-8] [com.demon.controller.AdminManagerController-85] - ids=>[Ljava.lang.Long;@47fdf768
[2016-05-12 23:10:49] [Thread-4] [org.springframework.context.support.AbstractApplicationContext-960] - Closing org.springframework.boot.context.embedded.AnnotationConfigEmbeddedWebApplicationContext@401623f: startup date [Thu May 12 22:57:04 CST 2016]; root of context hierarchy
[2016-05-12 23:10:49] [Thread-4] [org.springframework.jmx.export.MBeanExporter-449] - Unregistering JMX-exposed beans on shutdown
[2016-05-12 23:10:49] [Thread-4] [org.springframework.orm.jpa.AbstractEntityManagerFactoryBean-481] - Closing JPA EntityManagerFactory for persistence unit 'default'
