[2016-06-12 23:31:46] [main] [org.springframework.boot.StartupInfoLogger-48] - Starting DemonAdminApplication on cengningzhongdeMacBook-Pro.local with PID 37168 (/Users/zengningzhong/Documents/workspace-sts-develop/demon/demon-admin/target/classes started by zengningzhong in /Users/zengningzhong/Documents/workspace-sts-develop/demon/demon-admin)
[2016-06-12 23:31:46] [main] [org.springframework.boot.SpringApplication-670] - The following profiles are active: dev,devmysql
[2016-06-12 23:31:46] [background-preinit] [org.hibernate.validator.util.Version-56] - Hibernate Validator 4.1.0.Final
[2016-06-12 23:31:46] [background-preinit] [org.hibernate.validator.engine.resolver.DefaultTraversableResolver-81] - Instantiated an instance of org.hibernate.validator.engine.resolver.JPATraversableResolver.
[2016-06-12 23:31:46] [main] [org.springframework.context.support.AbstractApplicationContext-578] - Refreshing org.springframework.boot.context.embedded.AnnotationConfigEmbeddedWebApplicationContext@145538c5: startup date [Sun Jun 12 23:31:46 CST 2016]; root of context hierarchy
[2016-06-12 23:31:50] [main] [org.springframework.beans.factory.support.DefaultListableBeanFactory-839] - Overriding bean definition for bean 'beanNameViewResolver' with a different definition: replacing [Root bean: class [null]; scope=; abstract=false; lazyInit=false; autowireMode=3; dependencyCheck=0; autowireCandidate=true; primary=false; factoryBeanName=org.springframework.boot.autoconfigure.web.ErrorMvcAutoConfiguration$WhitelabelErrorViewConfiguration; factoryMethodName=beanNameViewResolver; initMethodName=null; destroyMethodName=(inferred); defined in class path resource [org/springframework/boot/autoconfigure/web/ErrorMvcAutoConfiguration$WhitelabelErrorViewConfiguration.class]] with [Root bean: class [null]; scope=; abstract=false; lazyInit=false; autowireMode=3; dependencyCheck=0; autowireCandidate=true; primary=false; factoryBeanName=org.springframework.boot.autoconfigure.web.WebMvcAutoConfiguration$WebMvcAutoConfigurationAdapter; factoryMethodName=beanNameViewResolver; initMethodName=null; destroyMethodName=(inferred); defined in class path resource [org/springframework/boot/autoconfigure/web/WebMvcAutoConfiguration$WebMvcAutoConfigurationAdapter.class]]
[2016-06-12 23:31:52] [main] [org.springframework.context.support.PostProcessorRegistrationDelegate$BeanPostProcessorChecker-328] - Bean 'org.springframework.transaction.annotation.ProxyTransactionManagementConfiguration' of type [class org.springframework.transaction.annotation.ProxyTransactionManagementConfiguration$$EnhancerBySpringCGLIB$$99886091] is not eligible for getting processed by all BeanPostProcessors (for example: not eligible for auto-proxying)
[2016-06-12 23:31:52] [main] [org.hibernate.validator.engine.resolver.DefaultTraversableResolver-81] - Instantiated an instance of org.hibernate.validator.engine.resolver.JPATraversableResolver.
[2016-06-12 23:31:53] [main] [org.springframework.boot.context.embedded.tomcat.TomcatEmbeddedServletContainer-81] - Tomcat initialized with port(s): 8080 (http)
[2016-06-12 23:31:53] [main] [org.apache.juli.logging.DirectJDKLog-180] - Starting service Tomcat
[2016-06-12 23:31:53] [main] [org.apache.juli.logging.DirectJDKLog-180] - Starting Servlet Engine: Apache Tomcat/8.0.32
[2016-06-12 23:31:53] [localhost-startStop-1] [org.apache.juli.logging.DirectJDKLog-180] - Initializing Spring embedded WebApplicationContext
[2016-06-12 23:31:53] [localhost-startStop-1] [org.springframework.boot.context.embedded.EmbeddedWebApplicationContext-272] - Root WebApplicationContext: initialization completed in 6325 ms
[2016-06-12 23:31:53] [localhost-startStop-1] [org.springframework.boot.context.embedded.AbstractFilterRegistrationBean-258] - Mapping filter: 'hiddenHttpMethodFilter' to: [/*]
[2016-06-12 23:31:53] [localhost-startStop-1] [org.springframework.boot.context.embedded.AbstractFilterRegistrationBean-258] - Mapping filter: 'httpPutFormContentFilter' to: [/*]
[2016-06-12 23:31:53] [localhost-startStop-1] [org.springframework.boot.context.embedded.AbstractFilterRegistrationBean-258] - Mapping filter: 'requestContextFilter' to: [/*]
[2016-06-12 23:31:53] [localhost-startStop-1] [org.springframework.boot.context.embedded.AbstractFilterRegistrationBean-271] - Mapping filter: 'demonAdminApplicationFilter' to urls: [/*]
[2016-06-12 23:31:53] [localhost-startStop-1] [org.springframework.boot.context.embedded.AbstractFilterRegistrationBean-258] - Mapping filter: 'characterEncodingFilter' to: [/*]
[2016-06-12 23:31:53] [localhost-startStop-1] [org.springframework.boot.context.embedded.ServletRegistrationBean-189] - Mapping servlet: 'dispatcherServlet' to [/]
[2016-06-12 23:31:54] [main] [org.springframework.orm.jpa.LocalContainerEntityManagerFactoryBean-339] - Building JPA container EntityManagerFactory for persistence unit 'default'
[2016-06-12 23:31:54] [main] [org.hibernate.jpa.internal.util.LogHelper-46] - HHH000204: Processing PersistenceUnitInfo [
	name: default
	...]
[2016-06-12 23:31:54] [main] [org.hibernate.Version-54] - HHH000412: Hibernate Core {4.3.11.Final}
[2016-06-12 23:31:54] [main] [org.hibernate.cfg.Environment-239] - HHH000206: hibernate.properties not found
[2016-06-12 23:31:54] [main] [org.hibernate.cfg.Environment-346] - HHH000021: Bytecode provider name : javassist
[2016-06-12 23:31:54] [main] [org.hibernate.annotations.common.reflection.java.JavaReflectionManager-66] - HCANN000001: Hibernate Commons Annotations {4.0.5.Final}
[2016-06-12 23:31:55] [main] [org.hibernate.dialect.Dialect-145] - HHH000400: Using dialect: org.hibernate.dialect.MySQLDialect
[2016-06-12 23:31:55] [main] [org.hibernate.engine.jdbc.internal.LobCreatorBuilder-88] - HHH000422: Disabling contextual LOB creation as connection was null
[2016-06-12 23:31:55] [main] [org.hibernate.hql.internal.ast.ASTQueryTranslatorFactory-47] - HHH000397: Using ASTQueryTranslatorFactory
[2016-06-12 23:31:55] [main] [org.hibernate.validator.engine.resolver.DefaultTraversableResolver-81] - Instantiated an instance of org.hibernate.validator.engine.resolver.JPATraversableResolver.
[2016-06-12 23:31:55] [main] [org.hibernate.tool.hbm2ddl.SchemaValidator-157] - HHH000229: Running schema validator
[2016-06-12 23:31:55] [main] [org.hibernate.tool.hbm2ddl.SchemaValidator-165] - HHH000102: Fetching database metadata
[2016-06-12 23:31:57] [main] [org.hibernate.validator.engine.resolver.DefaultTraversableResolver-81] - Instantiated an instance of org.hibernate.validator.engine.resolver.JPATraversableResolver.
[2016-06-12 23:31:57] [main] [org.springframework.web.servlet.mvc.method.annotation.RequestMappingHandlerAdapter-532] - Looking for @ControllerAdvice: org.springframework.boot.context.embedded.AnnotationConfigEmbeddedWebApplicationContext@145538c5: startup date [Sun Jun 12 23:31:46 CST 2016]; root of context hierarchy
[2016-06-12 23:31:57] [main] [org.springframework.web.servlet.handler.AbstractHandlerMethodMapping$MappingRegistry-534] - Mapped "{[/ajax/hello]}" onto public com.demon.domain.result.ResultJson com.demon.controller.AdminAjaxController.thing()
[2016-06-12 23:31:57] [main] [org.springframework.web.servlet.handler.AbstractHandlerMethodMapping$MappingRegistry-534] - Mapped "{[/ajax/userPlatform/del],methods=[POST]}" onto public com.demon.domain.result.ResultJson com.demon.controller.AdminAjaxController.ajaxUserPlatformDel(java.util.List<java.lang.Long>)
[2016-06-12 23:31:57] [main] [org.springframework.web.servlet.handler.AbstractHandlerMethodMapping$MappingRegistry-534] - Mapped "{[/auth/login],methods=[GET]}" onto public java.lang.String com.demon.controller.AdminAuthController.loginGet(org.springframework.ui.Model)
[2016-06-12 23:31:57] [main] [org.springframework.web.servlet.handler.AbstractHandlerMethodMapping$MappingRegistry-534] - Mapped "{[/auth/login],methods=[POST]}" onto public java.lang.String com.demon.controller.AdminAuthController.loginPost(javax.servlet.http.HttpSession,com.demon.domain.UserPlatform,org.springframework.validation.BindingResult,org.springframework.ui.Model)
[2016-06-12 23:31:57] [main] [org.springframework.web.servlet.handler.AbstractHandlerMethodMapping$MappingRegistry-534] - Mapped "{[/auth/logout],methods=[GET]}" onto public java.lang.String com.demon.controller.AdminAuthController.logout(javax.servlet.http.HttpSession,org.springframework.ui.Model)
[2016-06-12 23:31:57] [main] [org.springframework.web.servlet.handler.AbstractHandlerMethodMapping$MappingRegistry-534] - Mapped "{[/404]}" onto public java.lang.String com.demon.controller.AdminErrorController.page_404()
[2016-06-12 23:31:57] [main] [org.springframework.web.servlet.handler.AbstractHandlerMethodMapping$MappingRegistry-534] - Mapped "{[/403]}" onto public java.lang.String com.demon.controller.AdminErrorController.page_403()
[2016-06-12 23:31:57] [main] [org.springframework.web.servlet.handler.AbstractHandlerMethodMapping$MappingRegistry-534] - Mapped "{[/500]}" onto public java.lang.String com.demon.controller.AdminErrorController.page_500()
[2016-06-12 23:31:57] [main] [org.springframework.web.servlet.handler.AbstractHandlerMethodMapping$MappingRegistry-534] - Mapped "{[/manager/userPlatform/list],methods=[GET]}" onto public java.lang.String com.demon.controller.AdminManagerController.userPlatformList(int,org.springframework.ui.Model)
[2016-06-12 23:31:57] [main] [org.springframework.web.servlet.handler.AbstractHandlerMethodMapping$MappingRegistry-534] - Mapped "{[/manager/userPlatform],methods=[GET]}" onto public java.lang.String com.demon.controller.AdminManagerController.userPlatform(org.springframework.ui.Model)
[2016-06-12 23:31:57] [main] [org.springframework.web.servlet.handler.AbstractHandlerMethodMapping$MappingRegistry-534] - Mapped "{[/manager/userPlatform/{id}],methods=[GET]}" onto public java.lang.String com.demon.controller.AdminManagerController.userPlatformOperate(java.lang.String,org.springframework.ui.Model)
[2016-06-12 23:31:57] [main] [org.springframework.web.servlet.handler.AbstractHandlerMethodMapping$MappingRegistry-534] - Mapped "{[/manager/userPlatform/operate],methods=[POST]}" onto public java.lang.String com.demon.controller.AdminManagerController.userPlatformOperate(com.demon.domain.UserPlatform,org.springframework.validation.BindingResult,org.springframework.ui.Model)
[2016-06-12 23:31:57] [main] [org.springframework.web.servlet.handler.AbstractHandlerMethodMapping$MappingRegistry-534] - Mapped "{[/list]}" onto public java.lang.String com.demon.controller.AdminTableController.list()
[2016-06-12 23:31:57] [main] [org.springframework.web.servlet.handler.AbstractHandlerMethodMapping$MappingRegistry-534] - Mapped "{[/add]}" onto public java.lang.String com.demon.controller.AdminTableController.add()
[2016-06-12 23:31:57] [main] [org.springframework.web.servlet.handler.AbstractHandlerMethodMapping$MappingRegistry-534] - Mapped "{[/edit]}" onto public java.lang.String com.demon.controller.AdminTableController.edit()
[2016-06-12 23:31:57] [main] [org.springframework.web.servlet.handler.AbstractHandlerMethodMapping$MappingRegistry-534] - Mapped "{[/gettime]}" onto public java.lang.String com.demon.controller.AdminWelcomeController.gettime()
[2016-06-12 23:31:57] [main] [org.springframework.web.servlet.handler.AbstractHandlerMethodMapping$MappingRegistry-534] - Mapped "{[/]}" onto public java.lang.String com.demon.controller.AdminWelcomeController.welcome(com.demon.access.AdminLoginer,java.util.Map<java.lang.String, java.lang.Object>)
[2016-06-12 23:31:57] [main] [org.springframework.web.servlet.handler.AbstractHandlerMethodMapping$MappingRegistry-534] - Mapped "{[/set]}" onto public java.lang.String com.demon.controller.AdminWelcomeController.welcomea(javax.servlet.http.HttpSession,java.util.Map<java.lang.String, java.lang.Object>)
[2016-06-12 23:31:57] [main] [org.springframework.web.servlet.handler.AbstractHandlerMethodMapping$MappingRegistry-534] - Mapped "{[/error]}" onto public org.springframework.http.ResponseEntity<java.util.Map<java.lang.String, java.lang.Object>> org.springframework.boot.autoconfigure.web.BasicErrorController.error(javax.servlet.http.HttpServletRequest)
[2016-06-12 23:31:57] [main] [org.springframework.web.servlet.handler.AbstractHandlerMethodMapping$MappingRegistry-534] - Mapped "{[/error],produces=[text/html]}" onto public org.springframework.web.servlet.ModelAndView org.springframework.boot.autoconfigure.web.BasicErrorController.errorHtml(javax.servlet.http.HttpServletRequest,javax.servlet.http.HttpServletResponse)
[2016-06-12 23:31:57] [main] [org.springframework.web.servlet.handler.AbstractUrlHandlerMapping-341] - Mapped URL path [/static/**] onto handler of type [class org.springframework.web.servlet.resource.ResourceHttpRequestHandler]
[2016-06-12 23:31:57] [main] [org.springframework.web.servlet.handler.AbstractUrlHandlerMapping-341] - Mapped URL path [/webjars/**] onto handler of type [class org.springframework.web.servlet.resource.ResourceHttpRequestHandler]
[2016-06-12 23:31:57] [main] [org.springframework.web.servlet.handler.AbstractUrlHandlerMapping-341] - Mapped URL path [/**] onto handler of type [class org.springframework.web.servlet.resource.ResourceHttpRequestHandler]
[2016-06-12 23:31:58] [main] [org.springframework.web.servlet.handler.AbstractUrlHandlerMapping-341] - Mapped URL path [/**/favicon.ico] onto handler of type [class org.springframework.web.servlet.resource.ResourceHttpRequestHandler]
[2016-06-12 23:32:03] [main] [org.springframework.web.servlet.view.velocity.VelocityConfigurer-140] - ClasspathResourceLoader with name 'springMacro' added to configured VelocityEngine
[2016-06-12 23:32:03] [main] [org.springframework.jmx.export.MBeanExporter-431] - Registering beans for JMX exposure on startup
[2016-06-12 23:32:03] [main] [org.apache.juli.logging.DirectJDKLog-180] - Initializing ProtocolHandler ["http-nio-8080"]
[2016-06-12 23:32:03] [main] [org.apache.juli.logging.DirectJDKLog-180] - Starting ProtocolHandler ["http-nio-8080"]
[2016-06-12 23:32:04] [main] [org.apache.juli.logging.DirectJDKLog-180] - Using a shared selector for servlet write/read
[2016-06-12 23:32:04] [main] [org.springframework.boot.context.embedded.tomcat.TomcatEmbeddedServletContainer-162] - Tomcat started on port(s): 8080 (http)
[2016-06-12 23:32:04] [main] [org.springframework.boot.StartupInfoLogger-57] - Started DemonAdminApplication in 18.192 seconds (JVM running for 19.957)
[2016-06-12 23:32:40] [RMI TCP Connection(2)-192.168.1.100] [org.springframework.boot.admin.SpringApplicationAdminMXBeanRegistrar$SpringApplicationAdmin-122] - Application shutdown requested.
[2016-06-12 23:32:40] [RMI TCP Connection(2)-192.168.1.100] [org.springframework.context.support.AbstractApplicationContext-960] - Closing org.springframework.boot.context.embedded.AnnotationConfigEmbeddedWebApplicationContext@145538c5: startup date [Sun Jun 12 23:31:46 CST 2016]; root of context hierarchy
[2016-06-12 23:32:40] [RMI TCP Connection(2)-192.168.1.100] [org.springframework.jmx.export.MBeanExporter-449] - Unregistering JMX-exposed beans on shutdown
[2016-06-12 23:32:40] [RMI TCP Connection(2)-192.168.1.100] [org.springframework.orm.jpa.AbstractEntityManagerFactoryBean-481] - Closing JPA EntityManagerFactory for persistence unit 'default'
[2016-06-12 23:32:49] [main] [org.springframework.boot.StartupInfoLogger-48] - Starting DemonAdminApplication on cengningzhongdeMacBook-Pro.local with PID 37169 (/Users/zengningzhong/Documents/workspace-sts-develop/demon/demon-admin/target/classes started by zengningzhong in /Users/zengningzhong/Documents/workspace-sts-develop/demon/demon-admin)
[2016-06-12 23:32:49] [main] [org.springframework.boot.SpringApplication-670] - The following profiles are active: dev,devcore,devmysql
[2016-06-12 23:32:49] [background-preinit] [org.hibernate.validator.util.Version-56] - Hibernate Validator 4.1.0.Final
[2016-06-12 23:32:49] [background-preinit] [org.hibernate.validator.engine.resolver.DefaultTraversableResolver-81] - Instantiated an instance of org.hibernate.validator.engine.resolver.JPATraversableResolver.
[2016-06-12 23:32:49] [main] [org.springframework.context.support.AbstractApplicationContext-578] - Refreshing org.springframework.boot.context.embedded.AnnotationConfigEmbeddedWebApplicationContext@3385ed94: startup date [Sun Jun 12 23:32:49 CST 2016]; root of context hierarchy
[2016-06-12 23:32:52] [main] [org.springframework.beans.factory.support.DefaultListableBeanFactory-839] - Overriding bean definition for bean 'beanNameViewResolver' with a different definition: replacing [Root bean: class [null]; scope=; abstract=false; lazyInit=false; autowireMode=3; dependencyCheck=0; autowireCandidate=true; primary=false; factoryBeanName=org.springframework.boot.autoconfigure.web.ErrorMvcAutoConfiguration$WhitelabelErrorViewConfiguration; factoryMethodName=beanNameViewResolver; initMethodName=null; destroyMethodName=(inferred); defined in class path resource [org/springframework/boot/autoconfigure/web/ErrorMvcAutoConfiguration$WhitelabelErrorViewConfiguration.class]] with [Root bean: class [null]; scope=; abstract=false; lazyInit=false; autowireMode=3; dependencyCheck=0; autowireCandidate=true; primary=false; factoryBeanName=org.springframework.boot.autoconfigure.web.WebMvcAutoConfiguration$WebMvcAutoConfigurationAdapter; factoryMethodName=beanNameViewResolver; initMethodName=null; destroyMethodName=(inferred); defined in class path resource [org/springframework/boot/autoconfigure/web/WebMvcAutoConfiguration$WebMvcAutoConfigurationAdapter.class]]
[2016-06-12 23:32:53] [main] [org.springframework.context.support.PostProcessorRegistrationDelegate$BeanPostProcessorChecker-328] - Bean 'org.springframework.transaction.annotation.ProxyTransactionManagementConfiguration' of type [class org.springframework.transaction.annotation.ProxyTransactionManagementConfiguration$$EnhancerBySpringCGLIB$$8347b16d] is not eligible for getting processed by all BeanPostProcessors (for example: not eligible for auto-proxying)
[2016-06-12 23:32:54] [main] [org.hibernate.validator.engine.resolver.DefaultTraversableResolver-81] - Instantiated an instance of org.hibernate.validator.engine.resolver.JPATraversableResolver.
[2016-06-12 23:32:54] [main] [org.springframework.boot.context.embedded.tomcat.TomcatEmbeddedServletContainer-81] - Tomcat initialized with port(s): 8080 (http)
[2016-06-12 23:32:54] [main] [org.apache.juli.logging.DirectJDKLog-180] - Starting service Tomcat
[2016-06-12 23:32:54] [main] [org.apache.juli.logging.DirectJDKLog-180] - Starting Servlet Engine: Apache Tomcat/8.0.32
[2016-06-12 23:32:55] [localhost-startStop-1] [org.apache.juli.logging.DirectJDKLog-180] - Initializing Spring embedded WebApplicationContext
[2016-06-12 23:32:55] [localhost-startStop-1] [org.springframework.boot.context.embedded.EmbeddedWebApplicationContext-272] - Root WebApplicationContext: initialization completed in 5747 ms
[2016-06-12 23:32:55] [localhost-startStop-1] [org.springframework.boot.context.embedded.AbstractFilterRegistrationBean-258] - Mapping filter: 'hiddenHttpMethodFilter' to: [/*]
[2016-06-12 23:32:55] [localhost-startStop-1] [org.springframework.boot.context.embedded.AbstractFilterRegistrationBean-258] - Mapping filter: 'httpPutFormContentFilter' to: [/*]
[2016-06-12 23:32:55] [localhost-startStop-1] [org.springframework.boot.context.embedded.AbstractFilterRegistrationBean-258] - Mapping filter: 'requestContextFilter' to: [/*]
[2016-06-12 23:32:55] [localhost-startStop-1] [org.springframework.boot.context.embedded.AbstractFilterRegistrationBean-271] - Mapping filter: 'demonAdminApplicationFilter' to urls: [/*]
[2016-06-12 23:32:55] [localhost-startStop-1] [org.springframework.boot.context.embedded.AbstractFilterRegistrationBean-258] - Mapping filter: 'characterEncodingFilter' to: [/*]
[2016-06-12 23:32:55] [localhost-startStop-1] [org.springframework.boot.context.embedded.ServletRegistrationBean-189] - Mapping servlet: 'dispatcherServlet' to [/]
[2016-06-12 23:32:56] [main] [org.springframework.orm.jpa.LocalContainerEntityManagerFactoryBean-339] - Building JPA container EntityManagerFactory for persistence unit 'default'
[2016-06-12 23:32:56] [main] [org.hibernate.jpa.internal.util.LogHelper-46] - HHH000204: Processing PersistenceUnitInfo [
	name: default
	...]
[2016-06-12 23:32:56] [main] [org.hibernate.Version-54] - HHH000412: Hibernate Core {4.3.11.Final}
[2016-06-12 23:32:56] [main] [org.hibernate.cfg.Environment-239] - HHH000206: hibernate.properties not found
[2016-06-12 23:32:56] [main] [org.hibernate.cfg.Environment-346] - HHH000021: Bytecode provider name : javassist
[2016-06-12 23:32:56] [main] [org.hibernate.annotations.common.reflection.java.JavaReflectionManager-66] - HCANN000001: Hibernate Commons Annotations {4.0.5.Final}
[2016-06-12 23:32:57] [main] [org.hibernate.dialect.Dialect-145] - HHH000400: Using dialect: org.hibernate.dialect.MySQLDialect
[2016-06-12 23:32:57] [main] [org.hibernate.engine.jdbc.internal.LobCreatorBuilder-88] - HHH000422: Disabling contextual LOB creation as connection was null
[2016-06-12 23:32:57] [main] [org.hibernate.hql.internal.ast.ASTQueryTranslatorFactory-47] - HHH000397: Using ASTQueryTranslatorFactory
[2016-06-12 23:32:57] [main] [org.hibernate.validator.engine.resolver.DefaultTraversableResolver-81] - Instantiated an instance of org.hibernate.validator.engine.resolver.JPATraversableResolver.
[2016-06-12 23:32:58] [main] [org.hibernate.tool.hbm2ddl.SchemaValidator-157] - HHH000229: Running schema validator
[2016-06-12 23:32:58] [main] [org.hibernate.tool.hbm2ddl.SchemaValidator-165] - HHH000102: Fetching database metadata
[2016-06-12 23:33:00] [main] [org.hibernate.validator.engine.resolver.DefaultTraversableResolver-81] - Instantiated an instance of org.hibernate.validator.engine.resolver.JPATraversableResolver.
[2016-06-12 23:33:01] [main] [org.springframework.web.servlet.mvc.method.annotation.RequestMappingHandlerAdapter-532] - Looking for @ControllerAdvice: org.springframework.boot.context.embedded.AnnotationConfigEmbeddedWebApplicationContext@3385ed94: startup date [Sun Jun 12 23:32:49 CST 2016]; root of context hierarchy
[2016-06-12 23:33:01] [main] [org.springframework.web.servlet.handler.AbstractHandlerMethodMapping$MappingRegistry-534] - Mapped "{[/ajax/hello]}" onto public com.demon.domain.result.ResultJson com.demon.controller.AdminAjaxController.thing()
[2016-06-12 23:33:01] [main] [org.springframework.web.servlet.handler.AbstractHandlerMethodMapping$MappingRegistry-534] - Mapped "{[/ajax/userPlatform/del],methods=[POST]}" onto public com.demon.domain.result.ResultJson com.demon.controller.AdminAjaxController.ajaxUserPlatformDel(java.util.List<java.lang.Long>)
[2016-06-12 23:33:01] [main] [org.springframework.web.servlet.handler.AbstractHandlerMethodMapping$MappingRegistry-534] - Mapped "{[/auth/login],methods=[GET]}" onto public java.lang.String com.demon.controller.AdminAuthController.loginGet(org.springframework.ui.Model)
[2016-06-12 23:33:01] [main] [org.springframework.web.servlet.handler.AbstractHandlerMethodMapping$MappingRegistry-534] - Mapped "{[/auth/login],methods=[POST]}" onto public java.lang.String com.demon.controller.AdminAuthController.loginPost(javax.servlet.http.HttpSession,com.demon.domain.UserPlatform,org.springframework.validation.BindingResult,org.springframework.ui.Model)
[2016-06-12 23:33:01] [main] [org.springframework.web.servlet.handler.AbstractHandlerMethodMapping$MappingRegistry-534] - Mapped "{[/auth/logout],methods=[GET]}" onto public java.lang.String com.demon.controller.AdminAuthController.logout(javax.servlet.http.HttpSession,org.springframework.ui.Model)
[2016-06-12 23:33:01] [main] [org.springframework.web.servlet.handler.AbstractHandlerMethodMapping$MappingRegistry-534] - Mapped "{[/404]}" onto public java.lang.String com.demon.controller.AdminErrorController.page_404()
[2016-06-12 23:33:01] [main] [org.springframework.web.servlet.handler.AbstractHandlerMethodMapping$MappingRegistry-534] - Mapped "{[/403]}" onto public java.lang.String com.demon.controller.AdminErrorController.page_403()
[2016-06-12 23:33:01] [main] [org.springframework.web.servlet.handler.AbstractHandlerMethodMapping$MappingRegistry-534] - Mapped "{[/500]}" onto public java.lang.String com.demon.controller.AdminErrorController.page_500()
[2016-06-12 23:33:01] [main] [org.springframework.web.servlet.handler.AbstractHandlerMethodMapping$MappingRegistry-534] - Mapped "{[/manager/userPlatform/list],methods=[GET]}" onto public java.lang.String com.demon.controller.AdminManagerController.userPlatformList(int,org.springframework.ui.Model)
[2016-06-12 23:33:01] [main] [org.springframework.web.servlet.handler.AbstractHandlerMethodMapping$MappingRegistry-534] - Mapped "{[/manager/userPlatform],methods=[GET]}" onto public java.lang.String com.demon.controller.AdminManagerController.userPlatform(org.springframework.ui.Model)
[2016-06-12 23:33:01] [main] [org.springframework.web.servlet.handler.AbstractHandlerMethodMapping$MappingRegistry-534] - Mapped "{[/manager/userPlatform/{id}],methods=[GET]}" onto public java.lang.String com.demon.controller.AdminManagerController.userPlatformOperate(java.lang.String,org.springframework.ui.Model)
[2016-06-12 23:33:01] [main] [org.springframework.web.servlet.handler.AbstractHandlerMethodMapping$MappingRegistry-534] - Mapped "{[/manager/userPlatform/operate],methods=[POST]}" onto public java.lang.String com.demon.controller.AdminManagerController.userPlatformOperate(com.demon.domain.UserPlatform,org.springframework.validation.BindingResult,org.springframework.ui.Model)
[2016-06-12 23:33:01] [main] [org.springframework.web.servlet.handler.AbstractHandlerMethodMapping$MappingRegistry-534] - Mapped "{[/list]}" onto public java.lang.String com.demon.controller.AdminTableController.list()
[2016-06-12 23:33:01] [main] [org.springframework.web.servlet.handler.AbstractHandlerMethodMapping$MappingRegistry-534] - Mapped "{[/add]}" onto public java.lang.String com.demon.controller.AdminTableController.add()
[2016-06-12 23:33:01] [main] [org.springframework.web.servlet.handler.AbstractHandlerMethodMapping$MappingRegistry-534] - Mapped "{[/edit]}" onto public java.lang.String com.demon.controller.AdminTableController.edit()
[2016-06-12 23:33:01] [main] [org.springframework.web.servlet.handler.AbstractHandlerMethodMapping$MappingRegistry-534] - Mapped "{[/gettime]}" onto public java.lang.String com.demon.controller.AdminWelcomeController.gettime()
[2016-06-12 23:33:01] [main] [org.springframework.web.servlet.handler.AbstractHandlerMethodMapping$MappingRegistry-534] - Mapped "{[/]}" onto public java.lang.String com.demon.controller.AdminWelcomeController.welcome(com.demon.access.AdminLoginer,java.util.Map<java.lang.String, java.lang.Object>)
[2016-06-12 23:33:01] [main] [org.springframework.web.servlet.handler.AbstractHandlerMethodMapping$MappingRegistry-534] - Mapped "{[/set]}" onto public java.lang.String com.demon.controller.AdminWelcomeController.welcomea(javax.servlet.http.HttpSession,java.util.Map<java.lang.String, java.lang.Object>)
[2016-06-12 23:33:01] [main] [org.springframework.web.servlet.handler.AbstractHandlerMethodMapping$MappingRegistry-534] - Mapped "{[/error]}" onto public org.springframework.http.ResponseEntity<java.util.Map<java.lang.String, java.lang.Object>> org.springframework.boot.autoconfigure.web.BasicErrorController.error(javax.servlet.http.HttpServletRequest)
[2016-06-12 23:33:01] [main] [org.springframework.web.servlet.handler.AbstractHandlerMethodMapping$MappingRegistry-534] - Mapped "{[/error],produces=[text/html]}" onto public org.springframework.web.servlet.ModelAndView org.springframework.boot.autoconfigure.web.BasicErrorController.errorHtml(javax.servlet.http.HttpServletRequest,javax.servlet.http.HttpServletResponse)
[2016-06-12 23:33:01] [main] [org.springframework.web.servlet.handler.AbstractUrlHandlerMapping-341] - Mapped URL path [/static/**] onto handler of type [class org.springframework.web.servlet.resource.ResourceHttpRequestHandler]
[2016-06-12 23:33:01] [main] [org.springframework.web.servlet.handler.AbstractUrlHandlerMapping-341] - Mapped URL path [/webjars/**] onto handler of type [class org.springframework.web.servlet.resource.ResourceHttpRequestHandler]
[2016-06-12 23:33:01] [main] [org.springframework.web.servlet.handler.AbstractUrlHandlerMapping-341] - Mapped URL path [/**] onto handler of type [class org.springframework.web.servlet.resource.ResourceHttpRequestHandler]
[2016-06-12 23:33:01] [main] [org.springframework.web.servlet.handler.AbstractUrlHandlerMapping-341] - Mapped URL path [/**/favicon.ico] onto handler of type [class org.springframework.web.servlet.resource.ResourceHttpRequestHandler]
[2016-06-12 23:33:06] [main] [org.springframework.web.servlet.view.velocity.VelocityConfigurer-140] - ClasspathResourceLoader with name 'springMacro' added to configured VelocityEngine
[2016-06-12 23:33:06] [main] [org.springframework.jmx.export.MBeanExporter-431] - Registering beans for JMX exposure on startup
[2016-06-12 23:33:06] [main] [org.apache.juli.logging.DirectJDKLog-180] - Initializing ProtocolHandler ["http-nio-8080"]
[2016-06-12 23:33:06] [main] [org.apache.juli.logging.DirectJDKLog-180] - Starting ProtocolHandler ["http-nio-8080"]
[2016-06-12 23:33:06] [main] [org.apache.juli.logging.DirectJDKLog-180] - Using a shared selector for servlet write/read
[2016-06-12 23:33:06] [main] [org.springframework.boot.context.embedded.tomcat.TomcatEmbeddedServletContainer-162] - Tomcat started on port(s): 8080 (http)
[2016-06-12 23:33:06] [main] [org.springframework.boot.StartupInfoLogger-57] - Started DemonAdminApplication in 18.738 seconds (JVM running for 20.192)
[2016-06-12 23:34:26] [RMI TCP Connection(2)-192.168.1.100] [org.springframework.boot.admin.SpringApplicationAdminMXBeanRegistrar$SpringApplicationAdmin-122] - Application shutdown requested.
[2016-06-12 23:34:26] [RMI TCP Connection(2)-192.168.1.100] [org.springframework.context.support.AbstractApplicationContext-960] - Closing org.springframework.boot.context.embedded.AnnotationConfigEmbeddedWebApplicationContext@3385ed94: startup date [Sun Jun 12 23:32:49 CST 2016]; root of context hierarchy
[2016-06-12 23:34:26] [RMI TCP Connection(2)-192.168.1.100] [org.springframework.jmx.export.MBeanExporter-449] - Unregistering JMX-exposed beans on shutdown
[2016-06-12 23:34:26] [RMI TCP Connection(2)-192.168.1.100] [org.springframework.orm.jpa.AbstractEntityManagerFactoryBean-481] - Closing JPA EntityManagerFactory for persistence unit 'default'
[2016-06-12 23:34:35] [main] [org.springframework.boot.StartupInfoLogger-48] - Starting DemonAdminApplication on cengningzhongdeMacBook-Pro.local with PID 37199 (/Users/zengningzhong/Documents/workspace-sts-develop/demon/demon-admin/target/classes started by zengningzhong in /Users/zengningzhong/Documents/workspace-sts-develop/demon/demon-admin)
[2016-06-12 23:34:35] [main] [org.springframework.boot.SpringApplication-670] - The following profiles are active: dev,devcore,devmysql
[2016-06-12 23:34:35] [main] [org.springframework.context.support.AbstractApplicationContext-578] - Refreshing org.springframework.boot.context.embedded.AnnotationConfigEmbeddedWebApplicationContext@538540a3: startup date [Sun Jun 12 23:34:35 CST 2016]; root of context hierarchy
[2016-06-12 23:34:35] [background-preinit] [org.hibernate.validator.util.Version-56] - Hibernate Validator 4.1.0.Final
[2016-06-12 23:34:35] [background-preinit] [org.hibernate.validator.engine.resolver.DefaultTraversableResolver-81] - Instantiated an instance of org.hibernate.validator.engine.resolver.JPATraversableResolver.
[2016-06-12 23:34:38] [main] [org.springframework.beans.factory.support.DefaultListableBeanFactory-839] - Overriding bean definition for bean 'beanNameViewResolver' with a different definition: replacing [Root bean: class [null]; scope=; abstract=false; lazyInit=false; autowireMode=3; dependencyCheck=0; autowireCandidate=true; primary=false; factoryBeanName=org.springframework.boot.autoconfigure.web.ErrorMvcAutoConfiguration$WhitelabelErrorViewConfiguration; factoryMethodName=beanNameViewResolver; initMethodName=null; destroyMethodName=(inferred); defined in class path resource [org/springframework/boot/autoconfigure/web/ErrorMvcAutoConfiguration$WhitelabelErrorViewConfiguration.class]] with [Root bean: class [null]; scope=; abstract=false; lazyInit=false; autowireMode=3; dependencyCheck=0; autowireCandidate=true; primary=false; factoryBeanName=org.springframework.boot.autoconfigure.web.WebMvcAutoConfiguration$WebMvcAutoConfigurationAdapter; factoryMethodName=beanNameViewResolver; initMethodName=null; destroyMethodName=(inferred); defined in class path resource [org/springframework/boot/autoconfigure/web/WebMvcAutoConfiguration$WebMvcAutoConfigurationAdapter.class]]
[2016-06-12 23:34:39] [main] [org.springframework.context.support.PostProcessorRegistrationDelegate$BeanPostProcessorChecker-328] - Bean 'org.springframework.transaction.annotation.ProxyTransactionManagementConfiguration' of type [class org.springframework.transaction.annotation.ProxyTransactionManagementConfiguration$$EnhancerBySpringCGLIB$$2564295f] is not eligible for getting processed by all BeanPostProcessors (for example: not eligible for auto-proxying)
[2016-06-12 23:34:39] [main] [org.hibernate.validator.engine.resolver.DefaultTraversableResolver-81] - Instantiated an instance of org.hibernate.validator.engine.resolver.JPATraversableResolver.
[2016-06-12 23:34:40] [main] [org.springframework.boot.context.embedded.tomcat.TomcatEmbeddedServletContainer-81] - Tomcat initialized with port(s): 8080 (http)
[2016-06-12 23:34:40] [main] [org.apache.juli.logging.DirectJDKLog-180] - Starting service Tomcat
[2016-06-12 23:34:40] [main] [org.apache.juli.logging.DirectJDKLog-180] - Starting Servlet Engine: Apache Tomcat/8.0.32
[2016-06-12 23:34:40] [localhost-startStop-1] [org.apache.juli.logging.DirectJDKLog-180] - Initializing Spring embedded WebApplicationContext
[2016-06-12 23:34:40] [localhost-startStop-1] [org.springframework.boot.context.embedded.EmbeddedWebApplicationContext-272] - Root WebApplicationContext: initialization completed in 5053 ms
[2016-06-12 23:34:40] [localhost-startStop-1] [org.springframework.boot.context.embedded.AbstractFilterRegistrationBean-258] - Mapping filter: 'hiddenHttpMethodFilter' to: [/*]
[2016-06-12 23:34:40] [localhost-startStop-1] [org.springframework.boot.context.embedded.AbstractFilterRegistrationBean-258] - Mapping filter: 'httpPutFormContentFilter' to: [/*]
[2016-06-12 23:34:40] [localhost-startStop-1] [org.springframework.boot.context.embedded.AbstractFilterRegistrationBean-258] - Mapping filter: 'requestContextFilter' to: [/*]
[2016-06-12 23:34:40] [localhost-startStop-1] [org.springframework.boot.context.embedded.AbstractFilterRegistrationBean-271] - Mapping filter: 'demonAdminApplicationFilter' to urls: [/*]
[2016-06-12 23:34:40] [localhost-startStop-1] [org.springframework.boot.context.embedded.AbstractFilterRegistrationBean-258] - Mapping filter: 'characterEncodingFilter' to: [/*]
[2016-06-12 23:34:40] [localhost-startStop-1] [org.springframework.boot.context.embedded.ServletRegistrationBean-189] - Mapping servlet: 'dispatcherServlet' to [/]
[2016-06-12 23:34:41] [main] [org.springframework.orm.jpa.LocalContainerEntityManagerFactoryBean-339] - Building JPA container EntityManagerFactory for persistence unit 'default'
[2016-06-12 23:34:41] [main] [org.hibernate.jpa.internal.util.LogHelper-46] - HHH000204: Processing PersistenceUnitInfo [
	name: default
	...]
[2016-06-12 23:34:41] [main] [org.hibernate.Version-54] - HHH000412: Hibernate Core {4.3.11.Final}
[2016-06-12 23:34:41] [main] [org.hibernate.cfg.Environment-239] - HHH000206: hibernate.properties not found
[2016-06-12 23:34:41] [main] [org.hibernate.cfg.Environment-346] - HHH000021: Bytecode provider name : javassist
[2016-06-12 23:34:41] [main] [org.hibernate.annotations.common.reflection.java.JavaReflectionManager-66] - HCANN000001: Hibernate Commons Annotations {4.0.5.Final}
[2016-06-12 23:34:42] [main] [org.hibernate.dialect.Dialect-145] - HHH000400: Using dialect: org.hibernate.dialect.MySQLDialect
[2016-06-12 23:34:42] [main] [org.hibernate.engine.jdbc.internal.LobCreatorBuilder-88] - HHH000422: Disabling contextual LOB creation as connection was null
[2016-06-12 23:34:43] [main] [org.hibernate.hql.internal.ast.ASTQueryTranslatorFactory-47] - HHH000397: Using ASTQueryTranslatorFactory
[2016-06-12 23:34:43] [main] [org.hibernate.validator.engine.resolver.DefaultTraversableResolver-81] - Instantiated an instance of org.hibernate.validator.engine.resolver.JPATraversableResolver.
[2016-06-12 23:34:43] [main] [org.hibernate.tool.hbm2ddl.SchemaValidator-157] - HHH000229: Running schema validator
[2016-06-12 23:34:43] [main] [org.hibernate.tool.hbm2ddl.SchemaValidator-165] - HHH000102: Fetching database metadata
[2016-06-12 23:34:45] [main] [org.hibernate.validator.engine.resolver.DefaultTraversableResolver-81] - Instantiated an instance of org.hibernate.validator.engine.resolver.JPATraversableResolver.
[2016-06-12 23:34:45] [main] [org.springframework.web.servlet.mvc.method.annotation.RequestMappingHandlerAdapter-532] - Looking for @ControllerAdvice: org.springframework.boot.context.embedded.AnnotationConfigEmbeddedWebApplicationContext@538540a3: startup date [Sun Jun 12 23:34:35 CST 2016]; root of context hierarchy
[2016-06-12 23:34:45] [main] [org.springframework.web.servlet.handler.AbstractHandlerMethodMapping$MappingRegistry-534] - Mapped "{[/ajax/hello]}" onto public com.demon.domain.result.ResultJson com.demon.controller.AdminAjaxController.thing()
[2016-06-12 23:34:45] [main] [org.springframework.web.servlet.handler.AbstractHandlerMethodMapping$MappingRegistry-534] - Mapped "{[/ajax/userPlatform/del],methods=[POST]}" onto public com.demon.domain.result.ResultJson com.demon.controller.AdminAjaxController.ajaxUserPlatformDel(java.util.List<java.lang.Long>)
[2016-06-12 23:34:45] [main] [org.springframework.web.servlet.handler.AbstractHandlerMethodMapping$MappingRegistry-534] - Mapped "{[/auth/login],methods=[GET]}" onto public java.lang.String com.demon.controller.AdminAuthController.loginGet(org.springframework.ui.Model)
[2016-06-12 23:34:45] [main] [org.springframework.web.servlet.handler.AbstractHandlerMethodMapping$MappingRegistry-534] - Mapped "{[/auth/login],methods=[POST]}" onto public java.lang.String com.demon.controller.AdminAuthController.loginPost(javax.servlet.http.HttpSession,com.demon.domain.UserPlatform,org.springframework.validation.BindingResult,org.springframework.ui.Model)
[2016-06-12 23:34:45] [main] [org.springframework.web.servlet.handler.AbstractHandlerMethodMapping$MappingRegistry-534] - Mapped "{[/auth/logout],methods=[GET]}" onto public java.lang.String com.demon.controller.AdminAuthController.logout(javax.servlet.http.HttpSession,org.springframework.ui.Model)
[2016-06-12 23:34:45] [main] [org.springframework.web.servlet.handler.AbstractHandlerMethodMapping$MappingRegistry-534] - Mapped "{[/404]}" onto public java.lang.String com.demon.controller.AdminErrorController.page_404()
[2016-06-12 23:34:45] [main] [org.springframework.web.servlet.handler.AbstractHandlerMethodMapping$MappingRegistry-534] - Mapped "{[/403]}" onto public java.lang.String com.demon.controller.AdminErrorController.page_403()
[2016-06-12 23:34:45] [main] [org.springframework.web.servlet.handler.AbstractHandlerMethodMapping$MappingRegistry-534] - Mapped "{[/500]}" onto public java.lang.String com.demon.controller.AdminErrorController.page_500()
[2016-06-12 23:34:45] [main] [org.springframework.web.servlet.handler.AbstractHandlerMethodMapping$MappingRegistry-534] - Mapped "{[/manager/userPlatform/list],methods=[GET]}" onto public java.lang.String com.demon.controller.AdminManagerController.userPlatformList(int,org.springframework.ui.Model)
[2016-06-12 23:34:45] [main] [org.springframework.web.servlet.handler.AbstractHandlerMethodMapping$MappingRegistry-534] - Mapped "{[/manager/userPlatform],methods=[GET]}" onto public java.lang.String com.demon.controller.AdminManagerController.userPlatform(org.springframework.ui.Model)
[2016-06-12 23:34:45] [main] [org.springframework.web.servlet.handler.AbstractHandlerMethodMapping$MappingRegistry-534] - Mapped "{[/manager/userPlatform/{id}],methods=[GET]}" onto public java.lang.String com.demon.controller.AdminManagerController.userPlatformOperate(java.lang.String,org.springframework.ui.Model)
[2016-06-12 23:34:45] [main] [org.springframework.web.servlet.handler.AbstractHandlerMethodMapping$MappingRegistry-534] - Mapped "{[/manager/userPlatform/operate],methods=[POST]}" onto public java.lang.String com.demon.controller.AdminManagerController.userPlatformOperate(com.demon.domain.UserPlatform,org.springframework.validation.BindingResult,org.springframework.ui.Model)
[2016-06-12 23:34:45] [main] [org.springframework.web.servlet.handler.AbstractHandlerMethodMapping$MappingRegistry-534] - Mapped "{[/list]}" onto public java.lang.String com.demon.controller.AdminTableController.list()
[2016-06-12 23:34:45] [main] [org.springframework.web.servlet.handler.AbstractHandlerMethodMapping$MappingRegistry-534] - Mapped "{[/add]}" onto public java.lang.String com.demon.controller.AdminTableController.add()
[2016-06-12 23:34:45] [main] [org.springframework.web.servlet.handler.AbstractHandlerMethodMapping$MappingRegistry-534] - Mapped "{[/edit]}" onto public java.lang.String com.demon.controller.AdminTableController.edit()
[2016-06-12 23:34:45] [main] [org.springframework.web.servlet.handler.AbstractHandlerMethodMapping$MappingRegistry-534] - Mapped "{[/gettime]}" onto public java.lang.String com.demon.controller.AdminWelcomeController.gettime()
[2016-06-12 23:34:45] [main] [org.springframework.web.servlet.handler.AbstractHandlerMethodMapping$MappingRegistry-534] - Mapped "{[/]}" onto public java.lang.String com.demon.controller.AdminWelcomeController.welcome(com.demon.access.AdminLoginer,java.util.Map<java.lang.String, java.lang.Object>)
[2016-06-12 23:34:45] [main] [org.springframework.web.servlet.handler.AbstractHandlerMethodMapping$MappingRegistry-534] - Mapped "{[/set]}" onto public java.lang.String com.demon.controller.AdminWelcomeController.welcomea(javax.servlet.http.HttpSession,java.util.Map<java.lang.String, java.lang.Object>)
[2016-06-12 23:34:45] [main] [org.springframework.web.servlet.handler.AbstractHandlerMethodMapping$MappingRegistry-534] - Mapped "{[/error]}" onto public org.springframework.http.ResponseEntity<java.util.Map<java.lang.String, java.lang.Object>> org.springframework.boot.autoconfigure.web.BasicErrorController.error(javax.servlet.http.HttpServletRequest)
[2016-06-12 23:34:45] [main] [org.springframework.web.servlet.handler.AbstractHandlerMethodMapping$MappingRegistry-534] - Mapped "{[/error],produces=[text/html]}" onto public org.springframework.web.servlet.ModelAndView org.springframework.boot.autoconfigure.web.BasicErrorController.errorHtml(javax.servlet.http.HttpServletRequest,javax.servlet.http.HttpServletResponse)
[2016-06-12 23:34:45] [main] [org.springframework.web.servlet.handler.AbstractUrlHandlerMapping-341] - Mapped URL path [/static/**] onto handler of type [class org.springframework.web.servlet.resource.ResourceHttpRequestHandler]
[2016-06-12 23:34:45] [main] [org.springframework.web.servlet.handler.AbstractUrlHandlerMapping-341] - Mapped URL path [/webjars/**] onto handler of type [class org.springframework.web.servlet.resource.ResourceHttpRequestHandler]
[2016-06-12 23:34:45] [main] [org.springframework.web.servlet.handler.AbstractUrlHandlerMapping-341] - Mapped URL path [/**] onto handler of type [class org.springframework.web.servlet.resource.ResourceHttpRequestHandler]
[2016-06-12 23:34:45] [main] [org.springframework.web.servlet.handler.AbstractUrlHandlerMapping-341] - Mapped URL path [/**/favicon.ico] onto handler of type [class org.springframework.web.servlet.resource.ResourceHttpRequestHandler]
[2016-06-12 23:34:49] [main] [org.springframework.web.servlet.view.velocity.VelocityConfigurer-140] - ClasspathResourceLoader with name 'springMacro' added to configured VelocityEngine
[2016-06-12 23:34:49] [main] [org.springframework.jmx.export.MBeanExporter-431] - Registering beans for JMX exposure on startup
[2016-06-12 23:34:49] [main] [org.apache.juli.logging.DirectJDKLog-180] - Initializing ProtocolHandler ["http-nio-8080"]
[2016-06-12 23:34:49] [main] [org.apache.juli.logging.DirectJDKLog-180] - Starting ProtocolHandler ["http-nio-8080"]
[2016-06-12 23:34:49] [main] [org.apache.juli.logging.DirectJDKLog-180] - Using a shared selector for servlet write/read
[2016-06-12 23:34:49] [main] [org.springframework.boot.context.embedded.tomcat.TomcatEmbeddedServletContainer-162] - Tomcat started on port(s): 8080 (http)
[2016-06-12 23:34:49] [main] [org.springframework.boot.StartupInfoLogger-57] - Started DemonAdminApplication in 16.047 seconds (JVM running for 17.175)
[2016-06-12 23:36:06] [RMI TCP Connection(2)-192.168.1.100] [org.springframework.boot.admin.SpringApplicationAdminMXBeanRegistrar$SpringApplicationAdmin-122] - Application shutdown requested.
[2016-06-12 23:36:06] [RMI TCP Connection(2)-192.168.1.100] [org.springframework.context.support.AbstractApplicationContext-960] - Closing org.springframework.boot.context.embedded.AnnotationConfigEmbeddedWebApplicationContext@538540a3: startup date [Sun Jun 12 23:34:35 CST 2016]; root of context hierarchy
[2016-06-12 23:36:06] [RMI TCP Connection(2)-192.168.1.100] [org.springframework.jmx.export.MBeanExporter-449] - Unregistering JMX-exposed beans on shutdown
[2016-06-12 23:36:06] [RMI TCP Connection(2)-192.168.1.100] [org.springframework.orm.jpa.AbstractEntityManagerFactoryBean-481] - Closing JPA EntityManagerFactory for persistence unit 'default'
[2016-06-12 23:40:55] [background-preinit] [org.hibernate.validator.util.Version-56] - Hibernate Validator 4.1.0.Final
[2016-06-12 23:40:55] [background-preinit] [org.hibernate.validator.engine.resolver.DefaultTraversableResolver-81] - Instantiated an instance of org.hibernate.validator.engine.resolver.JPATraversableResolver.
[2016-06-12 23:40:55] [main] [org.springframework.boot.StartupInfoLogger-48] - Starting DemonAdminApplication on cengningzhongdeMacBook-Pro.local with PID 37208 (/Users/zengningzhong/Documents/workspace-sts-develop/demon/demon-admin/target/classes started by zengningzhong in /Users/zengningzhong/Documents/workspace-sts-develop/demon/demon-admin)
[2016-06-12 23:40:55] [main] [org.springframework.boot.SpringApplication-670] - The following profiles are active: dev,devcore,devmysql
[2016-06-12 23:40:56] [main] [org.springframework.context.support.AbstractApplicationContext-578] - Refreshing org.springframework.boot.context.embedded.AnnotationConfigEmbeddedWebApplicationContext@3385ed94: startup date [Sun Jun 12 23:40:56 CST 2016]; root of context hierarchy
[2016-06-12 23:40:59] [main] [org.springframework.beans.factory.support.DefaultListableBeanFactory-839] - Overriding bean definition for bean 'beanNameViewResolver' with a different definition: replacing [Root bean: class [null]; scope=; abstract=false; lazyInit=false; autowireMode=3; dependencyCheck=0; autowireCandidate=true; primary=false; factoryBeanName=org.springframework.boot.autoconfigure.web.ErrorMvcAutoConfiguration$WhitelabelErrorViewConfiguration; factoryMethodName=beanNameViewResolver; initMethodName=null; destroyMethodName=(inferred); defined in class path resource [org/springframework/boot/autoconfigure/web/ErrorMvcAutoConfiguration$WhitelabelErrorViewConfiguration.class]] with [Root bean: class [null]; scope=; abstract=false; lazyInit=false; autowireMode=3; dependencyCheck=0; autowireCandidate=true; primary=false; factoryBeanName=org.springframework.boot.autoconfigure.web.WebMvcAutoConfiguration$WebMvcAutoConfigurationAdapter; factoryMethodName=beanNameViewResolver; initMethodName=null; destroyMethodName=(inferred); defined in class path resource [org/springframework/boot/autoconfigure/web/WebMvcAutoConfiguration$WebMvcAutoConfigurationAdapter.class]]
[2016-06-12 23:41:00] [main] [org.springframework.context.support.PostProcessorRegistrationDelegate$BeanPostProcessorChecker-328] - Bean 'org.springframework.transaction.annotation.ProxyTransactionManagementConfiguration' of type [class org.springframework.transaction.annotation.ProxyTransactionManagementConfiguration$$EnhancerBySpringCGLIB$$7a68f194] is not eligible for getting processed by all BeanPostProcessors (for example: not eligible for auto-proxying)
[2016-06-12 23:41:00] [main] [org.hibernate.validator.engine.resolver.DefaultTraversableResolver-81] - Instantiated an instance of org.hibernate.validator.engine.resolver.JPATraversableResolver.
[2016-06-12 23:41:01] [main] [org.springframework.boot.context.embedded.tomcat.TomcatEmbeddedServletContainer-81] - Tomcat initialized with port(s): 8080 (http)
[2016-06-12 23:41:01] [main] [org.apache.juli.logging.DirectJDKLog-180] - Starting service Tomcat
[2016-06-12 23:41:01] [main] [org.apache.juli.logging.DirectJDKLog-180] - Starting Servlet Engine: Apache Tomcat/8.0.32
[2016-06-12 23:41:01] [localhost-startStop-1] [org.apache.juli.logging.DirectJDKLog-180] - Initializing Spring embedded WebApplicationContext
[2016-06-12 23:41:01] [localhost-startStop-1] [org.springframework.boot.context.embedded.EmbeddedWebApplicationContext-272] - Root WebApplicationContext: initialization completed in 5550 ms
[2016-06-12 23:41:02] [localhost-startStop-1] [org.springframework.boot.context.embedded.AbstractFilterRegistrationBean-258] - Mapping filter: 'hiddenHttpMethodFilter' to: [/*]
[2016-06-12 23:41:02] [localhost-startStop-1] [org.springframework.boot.context.embedded.AbstractFilterRegistrationBean-258] - Mapping filter: 'httpPutFormContentFilter' to: [/*]
[2016-06-12 23:41:02] [localhost-startStop-1] [org.springframework.boot.context.embedded.AbstractFilterRegistrationBean-258] - Mapping filter: 'requestContextFilter' to: [/*]
[2016-06-12 23:41:02] [localhost-startStop-1] [org.springframework.boot.context.embedded.AbstractFilterRegistrationBean-271] - Mapping filter: 'demonAdminApplicationFilter' to urls: [/*]
[2016-06-12 23:41:02] [localhost-startStop-1] [org.springframework.boot.context.embedded.AbstractFilterRegistrationBean-258] - Mapping filter: 'characterEncodingFilter' to: [/*]
[2016-06-12 23:41:02] [localhost-startStop-1] [org.springframework.boot.context.embedded.ServletRegistrationBean-189] - Mapping servlet: 'dispatcherServlet' to [/]
[2016-06-12 23:41:02] [main] [org.springframework.orm.jpa.LocalContainerEntityManagerFactoryBean-339] - Building JPA container EntityManagerFactory for persistence unit 'default'
[2016-06-12 23:41:02] [main] [org.hibernate.jpa.internal.util.LogHelper-46] - HHH000204: Processing PersistenceUnitInfo [
	name: default
	...]
[2016-06-12 23:41:02] [main] [org.hibernate.Version-54] - HHH000412: Hibernate Core {4.3.11.Final}
[2016-06-12 23:41:02] [main] [org.hibernate.cfg.Environment-239] - HHH000206: hibernate.properties not found
[2016-06-12 23:41:02] [main] [org.hibernate.cfg.Environment-346] - HHH000021: Bytecode provider name : javassist
[2016-06-12 23:41:03] [main] [org.hibernate.annotations.common.reflection.java.JavaReflectionManager-66] - HCANN000001: Hibernate Commons Annotations {4.0.5.Final}
[2016-06-12 23:41:03] [main] [org.hibernate.dialect.Dialect-145] - HHH000400: Using dialect: org.hibernate.dialect.MySQLDialect
[2016-06-12 23:41:03] [main] [org.hibernate.engine.jdbc.internal.LobCreatorBuilder-88] - HHH000422: Disabling contextual LOB creation as connection was null
[2016-06-12 23:41:04] [main] [org.hibernate.hql.internal.ast.ASTQueryTranslatorFactory-47] - HHH000397: Using ASTQueryTranslatorFactory
[2016-06-12 23:41:04] [main] [org.hibernate.validator.engine.resolver.DefaultTraversableResolver-81] - Instantiated an instance of org.hibernate.validator.engine.resolver.JPATraversableResolver.
[2016-06-12 23:41:04] [main] [org.hibernate.tool.hbm2ddl.SchemaValidator-157] - HHH000229: Running schema validator
[2016-06-12 23:41:04] [main] [org.hibernate.tool.hbm2ddl.SchemaValidator-165] - HHH000102: Fetching database metadata
[2016-06-12 23:41:05] [main] [org.hibernate.validator.engine.resolver.DefaultTraversableResolver-81] - Instantiated an instance of org.hibernate.validator.engine.resolver.JPATraversableResolver.
[2016-06-12 23:41:05] [main] [org.springframework.web.servlet.mvc.method.annotation.RequestMappingHandlerAdapter-532] - Looking for @ControllerAdvice: org.springframework.boot.context.embedded.AnnotationConfigEmbeddedWebApplicationContext@3385ed94: startup date [Sun Jun 12 23:40:56 CST 2016]; root of context hierarchy
[2016-06-12 23:41:06] [main] [org.springframework.web.servlet.handler.AbstractHandlerMethodMapping$MappingRegistry-534] - Mapped "{[/ajax/hello]}" onto public com.demon.domain.result.ResultJson com.demon.controller.AdminAjaxController.thing()
[2016-06-12 23:41:06] [main] [org.springframework.web.servlet.handler.AbstractHandlerMethodMapping$MappingRegistry-534] - Mapped "{[/ajax/userPlatform/del],methods=[POST]}" onto public com.demon.domain.result.ResultJson com.demon.controller.AdminAjaxController.ajaxUserPlatformDel(java.util.List<java.lang.Long>)
[2016-06-12 23:41:06] [main] [org.springframework.web.servlet.handler.AbstractHandlerMethodMapping$MappingRegistry-534] - Mapped "{[/auth/login],methods=[GET]}" onto public java.lang.String com.demon.controller.AdminAuthController.loginGet(org.springframework.ui.Model)
[2016-06-12 23:41:06] [main] [org.springframework.web.servlet.handler.AbstractHandlerMethodMapping$MappingRegistry-534] - Mapped "{[/auth/login],methods=[POST]}" onto public java.lang.String com.demon.controller.AdminAuthController.loginPost(javax.servlet.http.HttpSession,com.demon.domain.UserPlatform,org.springframework.validation.BindingResult,org.springframework.ui.Model)
[2016-06-12 23:41:06] [main] [org.springframework.web.servlet.handler.AbstractHandlerMethodMapping$MappingRegistry-534] - Mapped "{[/auth/logout],methods=[GET]}" onto public java.lang.String com.demon.controller.AdminAuthController.logout(javax.servlet.http.HttpSession,org.springframework.ui.Model)
[2016-06-12 23:41:06] [main] [org.springframework.web.servlet.handler.AbstractHandlerMethodMapping$MappingRegistry-534] - Mapped "{[/404]}" onto public java.lang.String com.demon.controller.AdminErrorController.page_404()
[2016-06-12 23:41:06] [main] [org.springframework.web.servlet.handler.AbstractHandlerMethodMapping$MappingRegistry-534] - Mapped "{[/403]}" onto public java.lang.String com.demon.controller.AdminErrorController.page_403()
[2016-06-12 23:41:06] [main] [org.springframework.web.servlet.handler.AbstractHandlerMethodMapping$MappingRegistry-534] - Mapped "{[/500]}" onto public java.lang.String com.demon.controller.AdminErrorController.page_500()
[2016-06-12 23:41:06] [main] [org.springframework.web.servlet.handler.AbstractHandlerMethodMapping$MappingRegistry-534] - Mapped "{[/manager/userPlatform/list],methods=[GET]}" onto public java.lang.String com.demon.controller.AdminManagerController.userPlatformList(int,org.springframework.ui.Model)
[2016-06-12 23:41:06] [main] [org.springframework.web.servlet.handler.AbstractHandlerMethodMapping$MappingRegistry-534] - Mapped "{[/manager/userPlatform],methods=[GET]}" onto public java.lang.String com.demon.controller.AdminManagerController.userPlatform(org.springframework.ui.Model)
[2016-06-12 23:41:06] [main] [org.springframework.web.servlet.handler.AbstractHandlerMethodMapping$MappingRegistry-534] - Mapped "{[/manager/userPlatform/{id}],methods=[GET]}" onto public java.lang.String com.demon.controller.AdminManagerController.userPlatformOperate(java.lang.String,org.springframework.ui.Model)
[2016-06-12 23:41:06] [main] [org.springframework.web.servlet.handler.AbstractHandlerMethodMapping$MappingRegistry-534] - Mapped "{[/manager/userPlatform/operate],methods=[POST]}" onto public java.lang.String com.demon.controller.AdminManagerController.userPlatformOperate(com.demon.domain.UserPlatform,org.springframework.validation.BindingResult,org.springframework.ui.Model)
[2016-06-12 23:41:06] [main] [org.springframework.web.servlet.handler.AbstractHandlerMethodMapping$MappingRegistry-534] - Mapped "{[/list]}" onto public java.lang.String com.demon.controller.AdminTableController.list()
[2016-06-12 23:41:06] [main] [org.springframework.web.servlet.handler.AbstractHandlerMethodMapping$MappingRegistry-534] - Mapped "{[/add]}" onto public java.lang.String com.demon.controller.AdminTableController.add()
[2016-06-12 23:41:06] [main] [org.springframework.web.servlet.handler.AbstractHandlerMethodMapping$MappingRegistry-534] - Mapped "{[/edit]}" onto public java.lang.String com.demon.controller.AdminTableController.edit()
[2016-06-12 23:41:06] [main] [org.springframework.web.servlet.handler.AbstractHandlerMethodMapping$MappingRegistry-534] - Mapped "{[/gettime]}" onto public java.lang.String com.demon.controller.AdminWelcomeController.gettime()
[2016-06-12 23:41:06] [main] [org.springframework.web.servlet.handler.AbstractHandlerMethodMapping$MappingRegistry-534] - Mapped "{[/]}" onto public java.lang.String com.demon.controller.AdminWelcomeController.welcome(com.demon.access.AdminLoginer,java.util.Map<java.lang.String, java.lang.Object>)
[2016-06-12 23:41:06] [main] [org.springframework.web.servlet.handler.AbstractHandlerMethodMapping$MappingRegistry-534] - Mapped "{[/set]}" onto public java.lang.String com.demon.controller.AdminWelcomeController.welcomea(javax.servlet.http.HttpSession,java.util.Map<java.lang.String, java.lang.Object>)
[2016-06-12 23:41:06] [main] [org.springframework.web.servlet.handler.AbstractHandlerMethodMapping$MappingRegistry-534] - Mapped "{[/error]}" onto public org.springframework.http.ResponseEntity<java.util.Map<java.lang.String, java.lang.Object>> org.springframework.boot.autoconfigure.web.BasicErrorController.error(javax.servlet.http.HttpServletRequest)
[2016-06-12 23:41:06] [main] [org.springframework.web.servlet.handler.AbstractHandlerMethodMapping$MappingRegistry-534] - Mapped "{[/error],produces=[text/html]}" onto public org.springframework.web.servlet.ModelAndView org.springframework.boot.autoconfigure.web.BasicErrorController.errorHtml(javax.servlet.http.HttpServletRequest,javax.servlet.http.HttpServletResponse)
[2016-06-12 23:41:06] [main] [org.springframework.web.servlet.handler.AbstractUrlHandlerMapping-341] - Mapped URL path [/static/**] onto handler of type [class org.springframework.web.servlet.resource.ResourceHttpRequestHandler]
[2016-06-12 23:41:06] [main] [org.springframework.web.servlet.handler.AbstractUrlHandlerMapping-341] - Mapped URL path [/webjars/**] onto handler of type [class org.springframework.web.servlet.resource.ResourceHttpRequestHandler]
[2016-06-12 23:41:06] [main] [org.springframework.web.servlet.handler.AbstractUrlHandlerMapping-341] - Mapped URL path [/**] onto handler of type [class org.springframework.web.servlet.resource.ResourceHttpRequestHandler]
[2016-06-12 23:41:06] [main] [org.springframework.web.servlet.handler.AbstractUrlHandlerMapping-341] - Mapped URL path [/**/favicon.ico] onto handler of type [class org.springframework.web.servlet.resource.ResourceHttpRequestHandler]
[2016-06-12 23:41:13] [main] [org.springframework.web.servlet.view.velocity.VelocityConfigurer-140] - ClasspathResourceLoader with name 'springMacro' added to configured VelocityEngine
[2016-06-12 23:41:13] [main] [org.springframework.jmx.export.MBeanExporter-431] - Registering beans for JMX exposure on startup
[2016-06-12 23:41:13] [main] [org.apache.juli.logging.DirectJDKLog-180] - Initializing ProtocolHandler ["http-nio-8080"]
[2016-06-12 23:41:13] [main] [org.apache.juli.logging.DirectJDKLog-180] - Starting ProtocolHandler ["http-nio-8080"]
[2016-06-12 23:41:13] [main] [org.apache.juli.logging.DirectJDKLog-180] - Using a shared selector for servlet write/read
[2016-06-12 23:41:14] [main] [org.springframework.boot.context.embedded.tomcat.TomcatEmbeddedServletContainer-162] - Tomcat started on port(s): 8080 (http)
[2016-06-12 23:41:14] [main] [org.springframework.boot.StartupInfoLogger-57] - Started DemonAdminApplication in 19.222 seconds (JVM running for 21.363)
[2016-06-12 23:42:44] [RMI TCP Connection(2)-192.168.1.100] [org.springframework.boot.admin.SpringApplicationAdminMXBeanRegistrar$SpringApplicationAdmin-122] - Application shutdown requested.
[2016-06-12 23:42:44] [RMI TCP Connection(2)-192.168.1.100] [org.springframework.context.support.AbstractApplicationContext-960] - Closing org.springframework.boot.context.embedded.AnnotationConfigEmbeddedWebApplicationContext@3385ed94: startup date [Sun Jun 12 23:40:56 CST 2016]; root of context hierarchy
[2016-06-12 23:42:44] [RMI TCP Connection(2)-192.168.1.100] [org.springframework.jmx.export.MBeanExporter-449] - Unregistering JMX-exposed beans on shutdown
[2016-06-12 23:42:44] [RMI TCP Connection(2)-192.168.1.100] [org.springframework.orm.jpa.AbstractEntityManagerFactoryBean-481] - Closing JPA EntityManagerFactory for persistence unit 'default'
[2016-06-12 23:44:38] [main] [org.springframework.boot.StartupInfoLogger-48] - Starting DemonAdminApplication on cengningzhongdeMacBook-Pro.local with PID 37661 (/Users/zengningzhong/Documents/workspace-sts-develop/demon/demon-admin/target/classes started by zengningzhong in /Users/zengningzhong/Documents/workspace-sts-develop/demon/demon-admin)
[2016-06-12 23:44:38] [main] [org.springframework.boot.SpringApplication-670] - The following profiles are active: dev,devcore,devmysql
[2016-06-12 23:44:38] [background-preinit] [org.hibernate.validator.util.Version-56] - Hibernate Validator 4.1.0.Final
[2016-06-12 23:44:38] [background-preinit] [org.hibernate.validator.engine.resolver.DefaultTraversableResolver-81] - Instantiated an instance of org.hibernate.validator.engine.resolver.JPATraversableResolver.
[2016-06-12 23:44:38] [main] [org.springframework.context.support.AbstractApplicationContext-578] - Refreshing org.springframework.boot.context.embedded.AnnotationConfigEmbeddedWebApplicationContext@629c9985: startup date [Sun Jun 12 23:44:38 CST 2016]; root of context hierarchy
[2016-06-12 23:44:41] [main] [org.springframework.beans.factory.support.DefaultListableBeanFactory-839] - Overriding bean definition for bean 'beanNameViewResolver' with a different definition: replacing [Root bean: class [null]; scope=; abstract=false; lazyInit=false; autowireMode=3; dependencyCheck=0; autowireCandidate=true; primary=false; factoryBeanName=org.springframework.boot.autoconfigure.web.ErrorMvcAutoConfiguration$WhitelabelErrorViewConfiguration; factoryMethodName=beanNameViewResolver; initMethodName=null; destroyMethodName=(inferred); defined in class path resource [org/springframework/boot/autoconfigure/web/ErrorMvcAutoConfiguration$WhitelabelErrorViewConfiguration.class]] with [Root bean: class [null]; scope=; abstract=false; lazyInit=false; autowireMode=3; dependencyCheck=0; autowireCandidate=true; primary=false; factoryBeanName=org.springframework.boot.autoconfigure.web.WebMvcAutoConfiguration$WebMvcAutoConfigurationAdapter; factoryMethodName=beanNameViewResolver; initMethodName=null; destroyMethodName=(inferred); defined in class path resource [org/springframework/boot/autoconfigure/web/WebMvcAutoConfiguration$WebMvcAutoConfigurationAdapter.class]]
[2016-06-12 23:44:42] [main] [org.springframework.context.support.PostProcessorRegistrationDelegate$BeanPostProcessorChecker-328] - Bean 'org.springframework.transaction.annotation.ProxyTransactionManagementConfiguration' of type [class org.springframework.transaction.annotation.ProxyTransactionManagementConfiguration$$EnhancerBySpringCGLIB$$715ca25c] is not eligible for getting processed by all BeanPostProcessors (for example: not eligible for auto-proxying)
[2016-06-12 23:44:43] [main] [org.hibernate.validator.engine.resolver.DefaultTraversableResolver-81] - Instantiated an instance of org.hibernate.validator.engine.resolver.JPATraversableResolver.
[2016-06-12 23:44:43] [main] [org.springframework.boot.context.embedded.tomcat.TomcatEmbeddedServletContainer-81] - Tomcat initialized with port(s): 8080 (http)
[2016-06-12 23:44:43] [main] [org.apache.juli.logging.DirectJDKLog-180] - Starting service Tomcat
[2016-06-12 23:44:43] [main] [org.apache.juli.logging.DirectJDKLog-180] - Starting Servlet Engine: Apache Tomcat/8.0.32
[2016-06-12 23:44:43] [localhost-startStop-1] [org.apache.juli.logging.DirectJDKLog-180] - Initializing Spring embedded WebApplicationContext
[2016-06-12 23:44:43] [localhost-startStop-1] [org.springframework.boot.context.embedded.EmbeddedWebApplicationContext-272] - Root WebApplicationContext: initialization completed in 5464 ms
[2016-06-12 23:44:44] [localhost-startStop-1] [org.springframework.boot.context.embedded.AbstractFilterRegistrationBean-258] - Mapping filter: 'hiddenHttpMethodFilter' to: [/*]
[2016-06-12 23:44:44] [localhost-startStop-1] [org.springframework.boot.context.embedded.AbstractFilterRegistrationBean-258] - Mapping filter: 'httpPutFormContentFilter' to: [/*]
[2016-06-12 23:44:44] [localhost-startStop-1] [org.springframework.boot.context.embedded.AbstractFilterRegistrationBean-258] - Mapping filter: 'requestContextFilter' to: [/*]
[2016-06-12 23:44:44] [localhost-startStop-1] [org.springframework.boot.context.embedded.AbstractFilterRegistrationBean-271] - Mapping filter: 'demonAdminApplicationFilter' to urls: [/*]
[2016-06-12 23:44:44] [localhost-startStop-1] [org.springframework.boot.context.embedded.AbstractFilterRegistrationBean-258] - Mapping filter: 'characterEncodingFilter' to: [/*]
[2016-06-12 23:44:44] [localhost-startStop-1] [org.springframework.boot.context.embedded.ServletRegistrationBean-189] - Mapping servlet: 'dispatcherServlet' to [/]
[2016-06-12 23:44:44] [main] [org.springframework.orm.jpa.LocalContainerEntityManagerFactoryBean-339] - Building JPA container EntityManagerFactory for persistence unit 'default'
[2016-06-12 23:44:44] [main] [org.hibernate.jpa.internal.util.LogHelper-46] - HHH000204: Processing PersistenceUnitInfo [
	name: default
	...]
[2016-06-12 23:44:44] [main] [org.hibernate.Version-54] - HHH000412: Hibernate Core {4.3.11.Final}
[2016-06-12 23:44:44] [main] [org.hibernate.cfg.Environment-239] - HHH000206: hibernate.properties not found
[2016-06-12 23:44:44] [main] [org.hibernate.cfg.Environment-346] - HHH000021: Bytecode provider name : javassist
[2016-06-12 23:44:45] [main] [org.hibernate.annotations.common.reflection.java.JavaReflectionManager-66] - HCANN000001: Hibernate Commons Annotations {4.0.5.Final}
[2016-06-12 23:44:45] [main] [org.hibernate.dialect.Dialect-145] - HHH000400: Using dialect: org.hibernate.dialect.MySQLDialect
[2016-06-12 23:44:45] [main] [org.hibernate.engine.jdbc.internal.LobCreatorBuilder-88] - HHH000422: Disabling contextual LOB creation as connection was null
[2016-06-12 23:44:46] [main] [org.hibernate.hql.internal.ast.ASTQueryTranslatorFactory-47] - HHH000397: Using ASTQueryTranslatorFactory
[2016-06-12 23:44:46] [main] [org.hibernate.validator.engine.resolver.DefaultTraversableResolver-81] - Instantiated an instance of org.hibernate.validator.engine.resolver.JPATraversableResolver.
[2016-06-12 23:44:46] [main] [org.hibernate.tool.hbm2ddl.SchemaValidator-157] - HHH000229: Running schema validator
[2016-06-12 23:44:46] [main] [org.hibernate.tool.hbm2ddl.SchemaValidator-165] - HHH000102: Fetching database metadata
[2016-06-12 23:44:48] [main] [org.hibernate.validator.engine.resolver.DefaultTraversableResolver-81] - Instantiated an instance of org.hibernate.validator.engine.resolver.JPATraversableResolver.
[2016-06-12 23:44:48] [main] [org.springframework.web.servlet.mvc.method.annotation.RequestMappingHandlerAdapter-532] - Looking for @ControllerAdvice: org.springframework.boot.context.embedded.AnnotationConfigEmbeddedWebApplicationContext@629c9985: startup date [Sun Jun 12 23:44:38 CST 2016]; root of context hierarchy
[2016-06-12 23:44:48] [main] [org.springframework.web.servlet.handler.AbstractHandlerMethodMapping$MappingRegistry-534] - Mapped "{[/ajax/hello]}" onto public com.demon.domain.result.ResultJson com.demon.controller.AdminAjaxController.thing()
[2016-06-12 23:44:48] [main] [org.springframework.web.servlet.handler.AbstractHandlerMethodMapping$MappingRegistry-534] - Mapped "{[/ajax/userPlatform/del],methods=[POST]}" onto public com.demon.domain.result.ResultJson com.demon.controller.AdminAjaxController.ajaxUserPlatformDel(java.util.List<java.lang.Long>)
[2016-06-12 23:44:48] [main] [org.springframework.web.servlet.handler.AbstractHandlerMethodMapping$MappingRegistry-534] - Mapped "{[/auth/login],methods=[GET]}" onto public java.lang.String com.demon.controller.AdminAuthController.loginGet(org.springframework.ui.Model)
[2016-06-12 23:44:48] [main] [org.springframework.web.servlet.handler.AbstractHandlerMethodMapping$MappingRegistry-534] - Mapped "{[/auth/login],methods=[POST]}" onto public java.lang.String com.demon.controller.AdminAuthController.loginPost(javax.servlet.http.HttpSession,com.demon.domain.UserPlatform,org.springframework.validation.BindingResult,org.springframework.ui.Model)
[2016-06-12 23:44:48] [main] [org.springframework.web.servlet.handler.AbstractHandlerMethodMapping$MappingRegistry-534] - Mapped "{[/auth/logout],methods=[GET]}" onto public java.lang.String com.demon.controller.AdminAuthController.logout(javax.servlet.http.HttpSession,org.springframework.ui.Model)
[2016-06-12 23:44:48] [main] [org.springframework.web.servlet.handler.AbstractHandlerMethodMapping$MappingRegistry-534] - Mapped "{[/404]}" onto public java.lang.String com.demon.controller.AdminErrorController.page_404()
[2016-06-12 23:44:48] [main] [org.springframework.web.servlet.handler.AbstractHandlerMethodMapping$MappingRegistry-534] - Mapped "{[/403]}" onto public java.lang.String com.demon.controller.AdminErrorController.page_403()
[2016-06-12 23:44:48] [main] [org.springframework.web.servlet.handler.AbstractHandlerMethodMapping$MappingRegistry-534] - Mapped "{[/500]}" onto public java.lang.String com.demon.controller.AdminErrorController.page_500()
[2016-06-12 23:44:48] [main] [org.springframework.web.servlet.handler.AbstractHandlerMethodMapping$MappingRegistry-534] - Mapped "{[/manager/userPlatform/list],methods=[GET]}" onto public java.lang.String com.demon.controller.AdminManagerController.userPlatformList(int,org.springframework.ui.Model)
[2016-06-12 23:44:48] [main] [org.springframework.web.servlet.handler.AbstractHandlerMethodMapping$MappingRegistry-534] - Mapped "{[/manager/userPlatform],methods=[GET]}" onto public java.lang.String com.demon.controller.AdminManagerController.userPlatform(org.springframework.ui.Model)
[2016-06-12 23:44:48] [main] [org.springframework.web.servlet.handler.AbstractHandlerMethodMapping$MappingRegistry-534] - Mapped "{[/manager/userPlatform/{id}],methods=[GET]}" onto public java.lang.String com.demon.controller.AdminManagerController.userPlatformOperate(java.lang.String,org.springframework.ui.Model)
[2016-06-12 23:44:48] [main] [org.springframework.web.servlet.handler.AbstractHandlerMethodMapping$MappingRegistry-534] - Mapped "{[/manager/userPlatform/operate],methods=[POST]}" onto public java.lang.String com.demon.controller.AdminManagerController.userPlatformOperate(com.demon.domain.UserPlatform,org.springframework.validation.BindingResult,org.springframework.ui.Model)
[2016-06-12 23:44:48] [main] [org.springframework.web.servlet.handler.AbstractHandlerMethodMapping$MappingRegistry-534] - Mapped "{[/list]}" onto public java.lang.String com.demon.controller.AdminTableController.list()
[2016-06-12 23:44:48] [main] [org.springframework.web.servlet.handler.AbstractHandlerMethodMapping$MappingRegistry-534] - Mapped "{[/add]}" onto public java.lang.String com.demon.controller.AdminTableController.add()
[2016-06-12 23:44:48] [main] [org.springframework.web.servlet.handler.AbstractHandlerMethodMapping$MappingRegistry-534] - Mapped "{[/edit]}" onto public java.lang.String com.demon.controller.AdminTableController.edit()
[2016-06-12 23:44:48] [main] [org.springframework.web.servlet.handler.AbstractHandlerMethodMapping$MappingRegistry-534] - Mapped "{[/gettime]}" onto public java.lang.String com.demon.controller.AdminWelcomeController.gettime()
[2016-06-12 23:44:48] [main] [org.springframework.web.servlet.handler.AbstractHandlerMethodMapping$MappingRegistry-534] - Mapped "{[/]}" onto public java.lang.String com.demon.controller.AdminWelcomeController.welcome(com.demon.access.AdminLoginer,java.util.Map<java.lang.String, java.lang.Object>)
[2016-06-12 23:44:48] [main] [org.springframework.web.servlet.handler.AbstractHandlerMethodMapping$MappingRegistry-534] - Mapped "{[/set]}" onto public java.lang.String com.demon.controller.AdminWelcomeController.welcomea(javax.servlet.http.HttpSession,java.util.Map<java.lang.String, java.lang.Object>)
[2016-06-12 23:44:48] [main] [org.springframework.web.servlet.handler.AbstractHandlerMethodMapping$MappingRegistry-534] - Mapped "{[/error]}" onto public org.springframework.http.ResponseEntity<java.util.Map<java.lang.String, java.lang.Object>> org.springframework.boot.autoconfigure.web.BasicErrorController.error(javax.servlet.http.HttpServletRequest)
[2016-06-12 23:44:48] [main] [org.springframework.web.servlet.handler.AbstractHandlerMethodMapping$MappingRegistry-534] - Mapped "{[/error],produces=[text/html]}" onto public org.springframework.web.servlet.ModelAndView org.springframework.boot.autoconfigure.web.BasicErrorController.errorHtml(javax.servlet.http.HttpServletRequest,javax.servlet.http.HttpServletResponse)
[2016-06-12 23:44:48] [main] [org.springframework.web.servlet.handler.AbstractUrlHandlerMapping-341] - Mapped URL path [/static/**] onto handler of type [class org.springframework.web.servlet.resource.ResourceHttpRequestHandler]
[2016-06-12 23:44:48] [main] [org.springframework.web.servlet.handler.AbstractUrlHandlerMapping-341] - Mapped URL path [/webjars/**] onto handler of type [class org.springframework.web.servlet.resource.ResourceHttpRequestHandler]
[2016-06-12 23:44:48] [main] [org.springframework.web.servlet.handler.AbstractUrlHandlerMapping-341] - Mapped URL path [/**] onto handler of type [class org.springframework.web.servlet.resource.ResourceHttpRequestHandler]
[2016-06-12 23:44:48] [main] [org.springframework.web.servlet.handler.AbstractUrlHandlerMapping-341] - Mapped URL path [/**/favicon.ico] onto handler of type [class org.springframework.web.servlet.resource.ResourceHttpRequestHandler]
[2016-06-12 23:44:52] [main] [org.springframework.web.servlet.view.velocity.VelocityConfigurer-140] - ClasspathResourceLoader with name 'springMacro' added to configured VelocityEngine
[2016-06-12 23:44:52] [main] [org.springframework.jmx.export.MBeanExporter-431] - Registering beans for JMX exposure on startup
[2016-06-12 23:44:52] [main] [org.apache.juli.logging.DirectJDKLog-180] - Initializing ProtocolHandler ["http-nio-8080"]
[2016-06-12 23:44:52] [main] [org.apache.juli.logging.DirectJDKLog-180] - Starting ProtocolHandler ["http-nio-8080"]
[2016-06-12 23:44:52] [main] [org.apache.juli.logging.DirectJDKLog-180] - Using a shared selector for servlet write/read
[2016-06-12 23:44:52] [main] [org.springframework.boot.context.embedded.tomcat.TomcatEmbeddedServletContainer-162] - Tomcat started on port(s): 8080 (http)
[2016-06-12 23:44:52] [main] [org.springframework.boot.StartupInfoLogger-57] - Started DemonAdminApplication in 15.535 seconds (JVM running for 17.452)
[2016-06-12 23:45:10] [RMI TCP Connection(2)-192.168.1.100] [org.springframework.boot.admin.SpringApplicationAdminMXBeanRegistrar$SpringApplicationAdmin-122] - Application shutdown requested.
[2016-06-12 23:45:10] [RMI TCP Connection(2)-192.168.1.100] [org.springframework.context.support.AbstractApplicationContext-960] - Closing org.springframework.boot.context.embedded.AnnotationConfigEmbeddedWebApplicationContext@629c9985: startup date [Sun Jun 12 23:44:38 CST 2016]; root of context hierarchy
[2016-06-12 23:45:10] [RMI TCP Connection(2)-192.168.1.100] [org.springframework.jmx.export.MBeanExporter-449] - Unregistering JMX-exposed beans on shutdown
[2016-06-12 23:45:10] [RMI TCP Connection(2)-192.168.1.100] [org.springframework.orm.jpa.AbstractEntityManagerFactoryBean-481] - Closing JPA EntityManagerFactory for persistence unit 'default'
[2016-06-12 23:46:30] [main] [org.springframework.boot.StartupInfoLogger-48] - Starting DemonAdminApplication on cengningzhongdeMacBook-Pro.local with PID 37747 (/Users/zengningzhong/Documents/workspace-sts-develop/demon/demon-admin/target/classes started by zengningzhong in /Users/zengningzhong/Documents/workspace-sts-develop/demon/demon-admin)
[2016-06-12 23:46:30] [main] [org.springframework.boot.SpringApplication-670] - The following profiles are active: dev,devcore,devmysql
[2016-06-12 23:46:31] [main] [org.springframework.context.support.AbstractApplicationContext-578] - Refreshing org.springframework.boot.context.embedded.AnnotationConfigEmbeddedWebApplicationContext@4a401c9f: startup date [Sun Jun 12 23:46:31 CST 2016]; root of context hierarchy
[2016-06-12 23:46:31] [background-preinit] [org.hibernate.validator.util.Version-56] - Hibernate Validator 4.1.0.Final
[2016-06-12 23:46:31] [background-preinit] [org.hibernate.validator.engine.resolver.DefaultTraversableResolver-81] - Instantiated an instance of org.hibernate.validator.engine.resolver.JPATraversableResolver.
[2016-06-12 23:46:34] [main] [org.springframework.beans.factory.support.DefaultListableBeanFactory-839] - Overriding bean definition for bean 'beanNameViewResolver' with a different definition: replacing [Root bean: class [null]; scope=; abstract=false; lazyInit=false; autowireMode=3; dependencyCheck=0; autowireCandidate=true; primary=false; factoryBeanName=org.springframework.boot.autoconfigure.web.ErrorMvcAutoConfiguration$WhitelabelErrorViewConfiguration; factoryMethodName=beanNameViewResolver; initMethodName=null; destroyMethodName=(inferred); defined in class path resource [org/springframework/boot/autoconfigure/web/ErrorMvcAutoConfiguration$WhitelabelErrorViewConfiguration.class]] with [Root bean: class [null]; scope=; abstract=false; lazyInit=false; autowireMode=3; dependencyCheck=0; autowireCandidate=true; primary=false; factoryBeanName=org.springframework.boot.autoconfigure.web.WebMvcAutoConfiguration$WebMvcAutoConfigurationAdapter; factoryMethodName=beanNameViewResolver; initMethodName=null; destroyMethodName=(inferred); defined in class path resource [org/springframework/boot/autoconfigure/web/WebMvcAutoConfiguration$WebMvcAutoConfigurationAdapter.class]]
[2016-06-12 23:46:35] [main] [org.springframework.context.support.PostProcessorRegistrationDelegate$BeanPostProcessorChecker-328] - Bean 'org.springframework.transaction.annotation.ProxyTransactionManagementConfiguration' of type [class org.springframework.transaction.annotation.ProxyTransactionManagementConfiguration$$EnhancerBySpringCGLIB$$bdc842b] is not eligible for getting processed by all BeanPostProcessors (for example: not eligible for auto-proxying)
[2016-06-12 23:46:35] [main] [org.hibernate.validator.engine.resolver.DefaultTraversableResolver-81] - Instantiated an instance of org.hibernate.validator.engine.resolver.JPATraversableResolver.
[2016-06-12 23:46:36] [main] [org.springframework.boot.context.embedded.tomcat.TomcatEmbeddedServletContainer-81] - Tomcat initialized with port(s): 8080 (http)
[2016-06-12 23:46:36] [main] [org.apache.juli.logging.DirectJDKLog-180] - Starting service Tomcat
[2016-06-12 23:46:36] [main] [org.apache.juli.logging.DirectJDKLog-180] - Starting Servlet Engine: Apache Tomcat/8.0.32
[2016-06-12 23:46:36] [localhost-startStop-1] [org.apache.juli.logging.DirectJDKLog-180] - Initializing Spring embedded WebApplicationContext
[2016-06-12 23:46:36] [localhost-startStop-1] [org.springframework.boot.context.embedded.EmbeddedWebApplicationContext-272] - Root WebApplicationContext: initialization completed in 5268 ms
[2016-06-12 23:46:37] [localhost-startStop-1] [org.springframework.boot.context.embedded.AbstractFilterRegistrationBean-258] - Mapping filter: 'hiddenHttpMethodFilter' to: [/*]
[2016-06-12 23:46:37] [localhost-startStop-1] [org.springframework.boot.context.embedded.AbstractFilterRegistrationBean-258] - Mapping filter: 'httpPutFormContentFilter' to: [/*]
[2016-06-12 23:46:37] [localhost-startStop-1] [org.springframework.boot.context.embedded.AbstractFilterRegistrationBean-258] - Mapping filter: 'requestContextFilter' to: [/*]
[2016-06-12 23:46:37] [localhost-startStop-1] [org.springframework.boot.context.embedded.AbstractFilterRegistrationBean-271] - Mapping filter: 'demonAdminApplicationFilter' to urls: [/*]
[2016-06-12 23:46:37] [localhost-startStop-1] [org.springframework.boot.context.embedded.AbstractFilterRegistrationBean-258] - Mapping filter: 'characterEncodingFilter' to: [/*]
[2016-06-12 23:46:37] [localhost-startStop-1] [org.springframework.boot.context.embedded.ServletRegistrationBean-189] - Mapping servlet: 'dispatcherServlet' to [/]
[2016-06-12 23:46:37] [main] [org.springframework.orm.jpa.LocalContainerEntityManagerFactoryBean-339] - Building JPA container EntityManagerFactory for persistence unit 'default'
[2016-06-12 23:46:37] [main] [org.hibernate.jpa.internal.util.LogHelper-46] - HHH000204: Processing PersistenceUnitInfo [
	name: default
	...]
[2016-06-12 23:46:37] [main] [org.hibernate.Version-54] - HHH000412: Hibernate Core {4.3.11.Final}
[2016-06-12 23:46:37] [main] [org.hibernate.cfg.Environment-239] - HHH000206: hibernate.properties not found
[2016-06-12 23:46:37] [main] [org.hibernate.cfg.Environment-346] - HHH000021: Bytecode provider name : javassist
[2016-06-12 23:46:37] [main] [org.hibernate.annotations.common.reflection.java.JavaReflectionManager-66] - HCANN000001: Hibernate Commons Annotations {4.0.5.Final}
[2016-06-12 23:46:38] [main] [org.hibernate.dialect.Dialect-145] - HHH000400: Using dialect: org.hibernate.dialect.MySQLDialect
[2016-06-12 23:46:38] [main] [org.hibernate.hql.internal.ast.ASTQueryTranslatorFactory-47] - HHH000397: Using ASTQueryTranslatorFactory
[2016-06-12 23:46:38] [main] [org.hibernate.validator.engine.resolver.DefaultTraversableResolver-81] - Instantiated an instance of org.hibernate.validator.engine.resolver.JPATraversableResolver.
[2016-06-12 23:46:39] [main] [org.hibernate.tool.hbm2ddl.SchemaValidator-157] - HHH000229: Running schema validator
[2016-06-12 23:46:39] [main] [org.hibernate.tool.hbm2ddl.SchemaValidator-165] - HHH000102: Fetching database metadata
[2016-06-12 23:46:39] [main] [org.hibernate.tool.hbm2ddl.TableMetadata-65] - HHH000261: Table found: boot.user_platform
[2016-06-12 23:46:39] [main] [org.hibernate.tool.hbm2ddl.TableMetadata-66] - HHH000037: Columns: [id, login_username, gmt_create, gmt_motify, login_password, role]
[2016-06-12 23:46:40] [main] [org.hibernate.validator.engine.resolver.DefaultTraversableResolver-81] - Instantiated an instance of org.hibernate.validator.engine.resolver.JPATraversableResolver.
[2016-06-12 23:46:40] [main] [org.springframework.web.servlet.mvc.method.annotation.RequestMappingHandlerAdapter-532] - Looking for @ControllerAdvice: org.springframework.boot.context.embedded.AnnotationConfigEmbeddedWebApplicationContext@4a401c9f: startup date [Sun Jun 12 23:46:31 CST 2016]; root of context hierarchy
[2016-06-12 23:46:41] [main] [org.springframework.web.servlet.handler.AbstractHandlerMethodMapping$MappingRegistry-534] - Mapped "{[/ajax/hello]}" onto public com.demon.domain.result.ResultJson com.demon.controller.AdminAjaxController.thing()
[2016-06-12 23:46:41] [main] [org.springframework.web.servlet.handler.AbstractHandlerMethodMapping$MappingRegistry-534] - Mapped "{[/ajax/userPlatform/del],methods=[POST]}" onto public com.demon.domain.result.ResultJson com.demon.controller.AdminAjaxController.ajaxUserPlatformDel(java.util.List<java.lang.Long>)
[2016-06-12 23:46:41] [main] [org.springframework.web.servlet.handler.AbstractHandlerMethodMapping$MappingRegistry-534] - Mapped "{[/auth/login],methods=[GET]}" onto public java.lang.String com.demon.controller.AdminAuthController.loginGet(org.springframework.ui.Model)
[2016-06-12 23:46:41] [main] [org.springframework.web.servlet.handler.AbstractHandlerMethodMapping$MappingRegistry-534] - Mapped "{[/auth/login],methods=[POST]}" onto public java.lang.String com.demon.controller.AdminAuthController.loginPost(javax.servlet.http.HttpSession,com.demon.domain.UserPlatform,org.springframework.validation.BindingResult,org.springframework.ui.Model)
[2016-06-12 23:46:41] [main] [org.springframework.web.servlet.handler.AbstractHandlerMethodMapping$MappingRegistry-534] - Mapped "{[/auth/logout],methods=[GET]}" onto public java.lang.String com.demon.controller.AdminAuthController.logout(javax.servlet.http.HttpSession,org.springframework.ui.Model)
[2016-06-12 23:46:41] [main] [org.springframework.web.servlet.handler.AbstractHandlerMethodMapping$MappingRegistry-534] - Mapped "{[/404]}" onto public java.lang.String com.demon.controller.AdminErrorController.page_404()
[2016-06-12 23:46:41] [main] [org.springframework.web.servlet.handler.AbstractHandlerMethodMapping$MappingRegistry-534] - Mapped "{[/403]}" onto public java.lang.String com.demon.controller.AdminErrorController.page_403()
[2016-06-12 23:46:41] [main] [org.springframework.web.servlet.handler.AbstractHandlerMethodMapping$MappingRegistry-534] - Mapped "{[/500]}" onto public java.lang.String com.demon.controller.AdminErrorController.page_500()
[2016-06-12 23:46:41] [main] [org.springframework.web.servlet.handler.AbstractHandlerMethodMapping$MappingRegistry-534] - Mapped "{[/manager/userPlatform/list],methods=[GET]}" onto public java.lang.String com.demon.controller.AdminManagerController.userPlatformList(int,org.springframework.ui.Model)
[2016-06-12 23:46:41] [main] [org.springframework.web.servlet.handler.AbstractHandlerMethodMapping$MappingRegistry-534] - Mapped "{[/manager/userPlatform],methods=[GET]}" onto public java.lang.String com.demon.controller.AdminManagerController.userPlatform(org.springframework.ui.Model)
[2016-06-12 23:46:41] [main] [org.springframework.web.servlet.handler.AbstractHandlerMethodMapping$MappingRegistry-534] - Mapped "{[/manager/userPlatform/{id}],methods=[GET]}" onto public java.lang.String com.demon.controller.AdminManagerController.userPlatformOperate(java.lang.String,org.springframework.ui.Model)
[2016-06-12 23:46:41] [main] [org.springframework.web.servlet.handler.AbstractHandlerMethodMapping$MappingRegistry-534] - Mapped "{[/manager/userPlatform/operate],methods=[POST]}" onto public java.lang.String com.demon.controller.AdminManagerController.userPlatformOperate(com.demon.domain.UserPlatform,org.springframework.validation.BindingResult,org.springframework.ui.Model)
[2016-06-12 23:46:41] [main] [org.springframework.web.servlet.handler.AbstractHandlerMethodMapping$MappingRegistry-534] - Mapped "{[/list]}" onto public java.lang.String com.demon.controller.AdminTableController.list()
[2016-06-12 23:46:41] [main] [org.springframework.web.servlet.handler.AbstractHandlerMethodMapping$MappingRegistry-534] - Mapped "{[/add]}" onto public java.lang.String com.demon.controller.AdminTableController.add()
[2016-06-12 23:46:41] [main] [org.springframework.web.servlet.handler.AbstractHandlerMethodMapping$MappingRegistry-534] - Mapped "{[/edit]}" onto public java.lang.String com.demon.controller.AdminTableController.edit()
[2016-06-12 23:46:41] [main] [org.springframework.web.servlet.handler.AbstractHandlerMethodMapping$MappingRegistry-534] - Mapped "{[/gettime]}" onto public java.lang.String com.demon.controller.AdminWelcomeController.gettime()
[2016-06-12 23:46:41] [main] [org.springframework.web.servlet.handler.AbstractHandlerMethodMapping$MappingRegistry-534] - Mapped "{[/]}" onto public java.lang.String com.demon.controller.AdminWelcomeController.welcome(com.demon.access.AdminLoginer,java.util.Map<java.lang.String, java.lang.Object>)
[2016-06-12 23:46:41] [main] [org.springframework.web.servlet.handler.AbstractHandlerMethodMapping$MappingRegistry-534] - Mapped "{[/set]}" onto public java.lang.String com.demon.controller.AdminWelcomeController.welcomea(javax.servlet.http.HttpSession,java.util.Map<java.lang.String, java.lang.Object>)
[2016-06-12 23:46:41] [main] [org.springframework.web.servlet.handler.AbstractHandlerMethodMapping$MappingRegistry-534] - Mapped "{[/error]}" onto public org.springframework.http.ResponseEntity<java.util.Map<java.lang.String, java.lang.Object>> org.springframework.boot.autoconfigure.web.BasicErrorController.error(javax.servlet.http.HttpServletRequest)
[2016-06-12 23:46:41] [main] [org.springframework.web.servlet.handler.AbstractHandlerMethodMapping$MappingRegistry-534] - Mapped "{[/error],produces=[text/html]}" onto public org.springframework.web.servlet.ModelAndView org.springframework.boot.autoconfigure.web.BasicErrorController.errorHtml(javax.servlet.http.HttpServletRequest,javax.servlet.http.HttpServletResponse)
[2016-06-12 23:46:41] [main] [org.springframework.web.servlet.handler.AbstractUrlHandlerMapping-341] - Mapped URL path [/static/**] onto handler of type [class org.springframework.web.servlet.resource.ResourceHttpRequestHandler]
[2016-06-12 23:46:41] [main] [org.springframework.web.servlet.handler.AbstractUrlHandlerMapping-341] - Mapped URL path [/webjars/**] onto handler of type [class org.springframework.web.servlet.resource.ResourceHttpRequestHandler]
[2016-06-12 23:46:41] [main] [org.springframework.web.servlet.handler.AbstractUrlHandlerMapping-341] - Mapped URL path [/**] onto handler of type [class org.springframework.web.servlet.resource.ResourceHttpRequestHandler]
[2016-06-12 23:46:41] [main] [org.springframework.web.servlet.handler.AbstractUrlHandlerMapping-341] - Mapped URL path [/**/favicon.ico] onto handler of type [class org.springframework.web.servlet.resource.ResourceHttpRequestHandler]
[2016-06-12 23:46:42] [main] [org.springframework.web.servlet.view.velocity.VelocityConfigurer-140] - ClasspathResourceLoader with name 'springMacro' added to configured VelocityEngine
[2016-06-12 23:46:42] [main] [org.springframework.jmx.export.MBeanExporter-431] - Registering beans for JMX exposure on startup
[2016-06-12 23:46:42] [main] [org.apache.juli.logging.DirectJDKLog-180] - Initializing ProtocolHandler ["http-nio-8080"]
[2016-06-12 23:46:42] [main] [org.apache.juli.logging.DirectJDKLog-180] - Starting ProtocolHandler ["http-nio-8080"]
[2016-06-12 23:46:42] [main] [org.apache.juli.logging.DirectJDKLog-180] - Using a shared selector for servlet write/read
[2016-06-12 23:46:42] [main] [org.springframework.boot.context.embedded.tomcat.TomcatEmbeddedServletContainer-162] - Tomcat started on port(s): 8080 (http)
[2016-06-12 23:46:42] [main] [org.springframework.boot.StartupInfoLogger-57] - Started DemonAdminApplication in 13.139 seconds (JVM running for 14.262)
[2016-06-12 23:46:50] [http-nio-8080-exec-1] [org.apache.juli.logging.DirectJDKLog-180] - Initializing Spring FrameworkServlet 'dispatcherServlet'
[2016-06-12 23:46:50] [http-nio-8080-exec-1] [org.springframework.web.servlet.FrameworkServlet-488] - FrameworkServlet 'dispatcherServlet': initialization started
[2016-06-12 23:46:50] [http-nio-8080-exec-1] [org.springframework.web.servlet.FrameworkServlet-507] - FrameworkServlet 'dispatcherServlet': initialization completed in 15 ms
[2016-06-12 23:46:50] [http-nio-8080-exec-1] [com.demon.DemonAdminApplicationFilter-33] - = RequestUrl=>http://localhost:8080/auth/login, Params=>loginUsername=zhong&loginPassword=123456
[2016-06-12 23:46:50] [http-nio-8080-exec-1] [com.demon.DemonAdminApplicationFilter-33] - = RequestUrl=>http://localhost:8080/gettime, Params=>
[2016-06-12 23:46:52] [http-nio-8080-exec-7] [com.demon.DemonAdminApplicationFilter-33] - = RequestUrl=>http://localhost:8080/, Params=>
[2016-06-12 23:46:52] [http-nio-8080-exec-7] [com.demon.controller.AdminWelcomeController-56] - adminLoginValue=>AdminLoginValue [id=10000005, loginUsername=zhong, role=SUPER_ADMIN]
[2016-06-12 23:46:53] [http-nio-8080-exec-7] [com.demon.DemonAdminApplicationFilter-33] - = RequestUrl=>http://localhost:8080/manager/userPlatform/list, Params=>
[2016-06-12 23:46:54] [http-nio-8080-exec-7] [com.demon.DemonAdminApplicationFilter-33] - = RequestUrl=>http://localhost:8080/gettime, Params=>
[2016-06-12 23:46:55] [http-nio-8080-exec-9] [com.demon.DemonAdminApplicationFilter-33] - = RequestUrl=>http://localhost:8080/group/list, Params=>
[2016-06-12 23:46:57] [http-nio-8080-exec-6] [com.demon.DemonAdminApplicationFilter-33] - = RequestUrl=>http://localhost:8080/, Params=>
[2016-06-12 23:46:57] [http-nio-8080-exec-6] [com.demon.controller.AdminWelcomeController-56] - adminLoginValue=>AdminLoginValue [id=10000005, loginUsername=zhong, role=SUPER_ADMIN]
[2016-06-12 23:47:01] [RMI TCP Connection(2)-192.168.1.100] [org.springframework.boot.admin.SpringApplicationAdminMXBeanRegistrar$SpringApplicationAdmin-122] - Application shutdown requested.
[2016-06-12 23:47:01] [RMI TCP Connection(2)-192.168.1.100] [org.springframework.context.support.AbstractApplicationContext-960] - Closing org.springframework.boot.context.embedded.AnnotationConfigEmbeddedWebApplicationContext@4a401c9f: startup date [Sun Jun 12 23:46:31 CST 2016]; root of context hierarchy
[2016-06-12 23:47:01] [RMI TCP Connection(2)-192.168.1.100] [org.springframework.jmx.export.MBeanExporter-449] - Unregistering JMX-exposed beans on shutdown
[2016-06-12 23:47:01] [RMI TCP Connection(2)-192.168.1.100] [org.springframework.orm.jpa.AbstractEntityManagerFactoryBean-481] - Closing JPA EntityManagerFactory for persistence unit 'default'
