[2016-06-06 00:06:34] [main] [org.springframework.boot.StartupInfoLogger-48] - Starting DemonAdminApplication on cengningzhongdeMacBook-Pro.local with PID 54824 (/Users/zengningzhong/Documents/workspace-sts-develop/demon/demon-admin/target/classes started by zengningzhong in /Users/zengningzhong/Documents/workspace-sts-develop/demon/demon-admin)
[2016-06-06 00:06:34] [main] [org.springframework.boot.SpringApplication-670] - The following profiles are active: dev,devmysql
[2016-06-06 00:06:35] [background-preinit] [org.hibernate.validator.util.Version-56] - Hibernate Validator 4.1.0.Final
[2016-06-06 00:06:35] [background-preinit] [org.hibernate.validator.engine.resolver.DefaultTraversableResolver-81] - Instantiated an instance of org.hibernate.validator.engine.resolver.JPATraversableResolver.
[2016-06-06 00:06:35] [main] [org.springframework.context.support.AbstractApplicationContext-578] - Refreshing org.springframework.boot.context.embedded.AnnotationConfigEmbeddedWebApplicationContext@670217f0: startup date [Mon Jun 06 00:06:35 CST 2016]; root of context hierarchy
[2016-06-06 00:06:38] [main] [org.springframework.beans.factory.support.DefaultListableBeanFactory-839] - Overriding bean definition for bean 'beanNameViewResolver' with a different definition: replacing [Root bean: class [null]; scope=; abstract=false; lazyInit=false; autowireMode=3; dependencyCheck=0; autowireCandidate=true; primary=false; factoryBeanName=org.springframework.boot.autoconfigure.web.ErrorMvcAutoConfiguration$WhitelabelErrorViewConfiguration; factoryMethodName=beanNameViewResolver; initMethodName=null; destroyMethodName=(inferred); defined in class path resource [org/springframework/boot/autoconfigure/web/ErrorMvcAutoConfiguration$WhitelabelErrorViewConfiguration.class]] with [Root bean: class [null]; scope=; abstract=false; lazyInit=false; autowireMode=3; dependencyCheck=0; autowireCandidate=true; primary=false; factoryBeanName=org.springframework.boot.autoconfigure.web.WebMvcAutoConfiguration$WebMvcAutoConfigurationAdapter; factoryMethodName=beanNameViewResolver; initMethodName=null; destroyMethodName=(inferred); defined in class path resource [org/springframework/boot/autoconfigure/web/WebMvcAutoConfiguration$WebMvcAutoConfigurationAdapter.class]]
[2016-06-06 00:06:40] [main] [org.springframework.context.support.PostProcessorRegistrationDelegate$BeanPostProcessorChecker-328] - Bean 'org.springframework.transaction.annotation.ProxyTransactionManagementConfiguration' of type [class org.springframework.transaction.annotation.ProxyTransactionManagementConfiguration$$EnhancerBySpringCGLIB$$58e56b5d] is not eligible for getting processed by all BeanPostProcessors (for example: not eligible for auto-proxying)
[2016-06-06 00:06:40] [main] [org.hibernate.validator.engine.resolver.DefaultTraversableResolver-81] - Instantiated an instance of org.hibernate.validator.engine.resolver.JPATraversableResolver.
[2016-06-06 00:06:41] [main] [org.springframework.boot.context.embedded.tomcat.TomcatEmbeddedServletContainer-81] - Tomcat initialized with port(s): 8080 (http)
[2016-06-06 00:06:41] [main] [org.apache.juli.logging.DirectJDKLog-180] - Starting service Tomcat
[2016-06-06 00:06:41] [main] [org.apache.juli.logging.DirectJDKLog-180] - Starting Servlet Engine: Apache Tomcat/8.0.32
[2016-06-06 00:06:41] [localhost-startStop-1] [org.apache.juli.logging.DirectJDKLog-180] - Initializing Spring embedded WebApplicationContext
[2016-06-06 00:06:41] [localhost-startStop-1] [org.springframework.boot.context.embedded.EmbeddedWebApplicationContext-272] - Root WebApplicationContext: initialization completed in 6094 ms
[2016-06-06 00:06:41] [localhost-startStop-1] [org.springframework.boot.context.embedded.AbstractFilterRegistrationBean-258] - Mapping filter: 'hiddenHttpMethodFilter' to: [/*]
[2016-06-06 00:06:41] [localhost-startStop-1] [org.springframework.boot.context.embedded.AbstractFilterRegistrationBean-258] - Mapping filter: 'httpPutFormContentFilter' to: [/*]
[2016-06-06 00:06:41] [localhost-startStop-1] [org.springframework.boot.context.embedded.AbstractFilterRegistrationBean-258] - Mapping filter: 'requestContextFilter' to: [/*]
[2016-06-06 00:06:41] [localhost-startStop-1] [org.springframework.boot.context.embedded.AbstractFilterRegistrationBean-271] - Mapping filter: 'demonAdminApplicationFilter' to urls: [/*]
[2016-06-06 00:06:41] [localhost-startStop-1] [org.springframework.boot.context.embedded.AbstractFilterRegistrationBean-258] - Mapping filter: 'characterEncodingFilter' to: [/*]
[2016-06-06 00:06:41] [localhost-startStop-1] [org.springframework.boot.context.embedded.ServletRegistrationBean-189] - Mapping servlet: 'dispatcherServlet' to [/]
[2016-06-06 00:06:42] [main] [org.springframework.orm.jpa.LocalContainerEntityManagerFactoryBean-339] - Building JPA container EntityManagerFactory for persistence unit 'default'
[2016-06-06 00:06:42] [main] [org.hibernate.jpa.internal.util.LogHelper-46] - HHH000204: Processing PersistenceUnitInfo [
	name: default
	...]
[2016-06-06 00:06:42] [main] [org.hibernate.Version-54] - HHH000412: Hibernate Core {4.3.11.Final}
[2016-06-06 00:06:42] [main] [org.hibernate.cfg.Environment-239] - HHH000206: hibernate.properties not found
[2016-06-06 00:06:42] [main] [org.hibernate.cfg.Environment-346] - HHH000021: Bytecode provider name : javassist
[2016-06-06 00:06:42] [main] [org.hibernate.annotations.common.reflection.java.JavaReflectionManager-66] - HCANN000001: Hibernate Commons Annotations {4.0.5.Final}
[2016-06-06 00:06:43] [main] [org.hibernate.dialect.Dialect-145] - HHH000400: Using dialect: org.hibernate.dialect.MySQLDialect
[2016-06-06 00:06:43] [main] [org.hibernate.hql.internal.ast.ASTQueryTranslatorFactory-47] - HHH000397: Using ASTQueryTranslatorFactory
[2016-06-06 00:06:43] [main] [org.hibernate.validator.engine.resolver.DefaultTraversableResolver-81] - Instantiated an instance of org.hibernate.validator.engine.resolver.JPATraversableResolver.
[2016-06-06 00:06:44] [main] [org.hibernate.tool.hbm2ddl.SchemaValidator-157] - HHH000229: Running schema validator
[2016-06-06 00:06:44] [main] [org.hibernate.tool.hbm2ddl.SchemaValidator-165] - HHH000102: Fetching database metadata
[2016-06-06 00:06:44] [main] [org.hibernate.tool.hbm2ddl.TableMetadata-65] - HHH000261: Table found: boot.user_platform
[2016-06-06 00:06:44] [main] [org.hibernate.tool.hbm2ddl.TableMetadata-66] - HHH000037: Columns: [id, login_username, gmt_create, gmt_motify, login_password, role]
[2016-06-06 00:06:45] [main] [org.hibernate.validator.engine.resolver.DefaultTraversableResolver-81] - Instantiated an instance of org.hibernate.validator.engine.resolver.JPATraversableResolver.
[2016-06-06 00:06:45] [main] [org.springframework.web.servlet.mvc.method.annotation.RequestMappingHandlerAdapter-532] - Looking for @ControllerAdvice: org.springframework.boot.context.embedded.AnnotationConfigEmbeddedWebApplicationContext@670217f0: startup date [Mon Jun 06 00:06:35 CST 2016]; root of context hierarchy
[2016-06-06 00:06:45] [main] [org.springframework.web.servlet.handler.AbstractHandlerMethodMapping$MappingRegistry-534] - Mapped "{[/ajax/hello]}" onto public com.demon.domain.result.ResultJson com.demon.controller.AdminAjaxController.thing()
[2016-06-06 00:06:45] [main] [org.springframework.web.servlet.handler.AbstractHandlerMethodMapping$MappingRegistry-534] - Mapped "{[/ajax/userPlatform/del],methods=[POST]}" onto public com.demon.domain.result.ResultJson com.demon.controller.AdminAjaxController.ajaxUserPlatformDel(java.util.List<java.lang.Long>)
[2016-06-06 00:06:45] [main] [org.springframework.web.servlet.handler.AbstractHandlerMethodMapping$MappingRegistry-534] - Mapped "{[/auth/login],methods=[GET]}" onto public java.lang.String com.demon.controller.AdminAuthController.loginGet(org.springframework.ui.Model)
[2016-06-06 00:06:45] [main] [org.springframework.web.servlet.handler.AbstractHandlerMethodMapping$MappingRegistry-534] - Mapped "{[/auth/login],methods=[POST]}" onto public java.lang.String com.demon.controller.AdminAuthController.loginPost(javax.servlet.http.HttpSession,com.demon.domain.UserPlatform,org.springframework.validation.BindingResult,org.springframework.ui.Model)
[2016-06-06 00:06:45] [main] [org.springframework.web.servlet.handler.AbstractHandlerMethodMapping$MappingRegistry-534] - Mapped "{[/auth/logout],methods=[GET]}" onto public java.lang.String com.demon.controller.AdminAuthController.logout(javax.servlet.http.HttpSession,org.springframework.ui.Model)
[2016-06-06 00:06:45] [main] [org.springframework.web.servlet.handler.AbstractHandlerMethodMapping$MappingRegistry-534] - Mapped "{[/404]}" onto public java.lang.String com.demon.controller.AdminErrorController.page_404()
[2016-06-06 00:06:45] [main] [org.springframework.web.servlet.handler.AbstractHandlerMethodMapping$MappingRegistry-534] - Mapped "{[/403]}" onto public java.lang.String com.demon.controller.AdminErrorController.page_403()
[2016-06-06 00:06:45] [main] [org.springframework.web.servlet.handler.AbstractHandlerMethodMapping$MappingRegistry-534] - Mapped "{[/500]}" onto public java.lang.String com.demon.controller.AdminErrorController.page_500()
[2016-06-06 00:06:45] [main] [org.springframework.web.servlet.handler.AbstractHandlerMethodMapping$MappingRegistry-534] - Mapped "{[/manager/userPlatform/list],methods=[GET]}" onto public java.lang.String com.demon.controller.AdminManagerController.userPlatformList(int,org.springframework.ui.Model)
[2016-06-06 00:06:45] [main] [org.springframework.web.servlet.handler.AbstractHandlerMethodMapping$MappingRegistry-534] - Mapped "{[/manager/userPlatform],methods=[GET]}" onto public java.lang.String com.demon.controller.AdminManagerController.userPlatform(org.springframework.ui.Model)
[2016-06-06 00:06:45] [main] [org.springframework.web.servlet.handler.AbstractHandlerMethodMapping$MappingRegistry-534] - Mapped "{[/manager/userPlatform/{id}],methods=[GET]}" onto public java.lang.String com.demon.controller.AdminManagerController.userPlatformOperate(java.lang.String,org.springframework.ui.Model)
[2016-06-06 00:06:45] [main] [org.springframework.web.servlet.handler.AbstractHandlerMethodMapping$MappingRegistry-534] - Mapped "{[/manager/userPlatform/operate],methods=[POST]}" onto public java.lang.String com.demon.controller.AdminManagerController.userPlatformOperate(com.demon.domain.UserPlatform,org.springframework.validation.BindingResult,org.springframework.ui.Model)
[2016-06-06 00:06:45] [main] [org.springframework.web.servlet.handler.AbstractHandlerMethodMapping$MappingRegistry-534] - Mapped "{[/list]}" onto public java.lang.String com.demon.controller.AdminTableController.list()
[2016-06-06 00:06:45] [main] [org.springframework.web.servlet.handler.AbstractHandlerMethodMapping$MappingRegistry-534] - Mapped "{[/add]}" onto public java.lang.String com.demon.controller.AdminTableController.add()
[2016-06-06 00:06:45] [main] [org.springframework.web.servlet.handler.AbstractHandlerMethodMapping$MappingRegistry-534] - Mapped "{[/edit]}" onto public java.lang.String com.demon.controller.AdminTableController.edit()
[2016-06-06 00:06:45] [main] [org.springframework.web.servlet.handler.AbstractHandlerMethodMapping$MappingRegistry-534] - Mapped "{[/gettime]}" onto public java.lang.String com.demon.controller.AdminWelcomeController.gettime()
[2016-06-06 00:06:45] [main] [org.springframework.web.servlet.handler.AbstractHandlerMethodMapping$MappingRegistry-534] - Mapped "{[/]}" onto public java.lang.String com.demon.controller.AdminWelcomeController.welcome(com.demon.access.AdminLoginer,java.util.Map<java.lang.String, java.lang.Object>)
[2016-06-06 00:06:45] [main] [org.springframework.web.servlet.handler.AbstractHandlerMethodMapping$MappingRegistry-534] - Mapped "{[/set]}" onto public java.lang.String com.demon.controller.AdminWelcomeController.welcomea(javax.servlet.http.HttpSession,java.util.Map<java.lang.String, java.lang.Object>)
[2016-06-06 00:06:45] [main] [org.springframework.web.servlet.handler.AbstractHandlerMethodMapping$MappingRegistry-534] - Mapped "{[/error]}" onto public org.springframework.http.ResponseEntity<java.util.Map<java.lang.String, java.lang.Object>> org.springframework.boot.autoconfigure.web.BasicErrorController.error(javax.servlet.http.HttpServletRequest)
[2016-06-06 00:06:45] [main] [org.springframework.web.servlet.handler.AbstractHandlerMethodMapping$MappingRegistry-534] - Mapped "{[/error],produces=[text/html]}" onto public org.springframework.web.servlet.ModelAndView org.springframework.boot.autoconfigure.web.BasicErrorController.errorHtml(javax.servlet.http.HttpServletRequest,javax.servlet.http.HttpServletResponse)
[2016-06-06 00:06:45] [main] [org.springframework.web.servlet.handler.AbstractUrlHandlerMapping-341] - Mapped URL path [/static/**] onto handler of type [class org.springframework.web.servlet.resource.ResourceHttpRequestHandler]
[2016-06-06 00:06:45] [main] [org.springframework.web.servlet.handler.AbstractUrlHandlerMapping-341] - Mapped URL path [/webjars/**] onto handler of type [class org.springframework.web.servlet.resource.ResourceHttpRequestHandler]
[2016-06-06 00:06:45] [main] [org.springframework.web.servlet.handler.AbstractUrlHandlerMapping-341] - Mapped URL path [/**] onto handler of type [class org.springframework.web.servlet.resource.ResourceHttpRequestHandler]
[2016-06-06 00:06:45] [main] [org.springframework.web.servlet.handler.AbstractUrlHandlerMapping-341] - Mapped URL path [/**/favicon.ico] onto handler of type [class org.springframework.web.servlet.resource.ResourceHttpRequestHandler]
[2016-06-06 00:06:45] [main] [org.springframework.web.servlet.view.velocity.VelocityConfigurer-140] - ClasspathResourceLoader with name 'springMacro' added to configured VelocityEngine
[2016-06-06 00:06:46] [main] [org.springframework.jmx.export.MBeanExporter-431] - Registering beans for JMX exposure on startup
[2016-06-06 00:06:46] [main] [org.apache.juli.logging.DirectJDKLog-180] - Initializing ProtocolHandler ["http-nio-8080"]
[2016-06-06 00:06:46] [main] [org.apache.juli.logging.DirectJDKLog-180] - Starting ProtocolHandler ["http-nio-8080"]
[2016-06-06 00:06:46] [main] [org.apache.juli.logging.DirectJDKLog-180] - Pausing ProtocolHandler ["http-nio-8080"]
[2016-06-06 00:06:46] [main] [org.apache.juli.logging.DirectJDKLog-180] - Stopping service Tomcat
[2016-06-06 00:06:46] [main] [org.apache.juli.logging.DirectJDKLog-180] - The stop() method was called on component [StandardServer[-1]] after stop() had already been called. The second call will be ignored.
[2016-06-06 00:06:46] [main] [org.apache.juli.logging.DirectJDKLog-180] - Stopping ProtocolHandler ["http-nio-8080"]
[2016-06-06 00:06:46] [main] [org.apache.juli.logging.DirectJDKLog-180] - Destroying ProtocolHandler ["http-nio-8080"]
[2016-06-06 00:06:46] [main] [org.springframework.boot.logging.ClasspathLoggingApplicationListener-57] - Application failed to start with classpath: [file:/Users/zengningzhong/Documents/workspace-sts-develop/demon/demon-admin/target/classes/, file:/Users/zengningzhong/.m2/repository/org/springframework/boot/spring-boot-starter-velocity/1.3.3.RELEASE/spring-boot-starter-velocity-1.3.3.RELEASE.jar, file:/Users/zengningzhong/.m2/repository/org/springframework/boot/spring-boot-starter/1.3.3.RELEASE/spring-boot-starter-1.3.3.RELEASE.jar, file:/Users/zengningzhong/.m2/repository/org/springframework/boot/spring-boot/1.3.3.RELEASE/spring-boot-1.3.3.RELEASE.jar, file:/Users/zengningzhong/.m2/repository/org/springframework/boot/spring-boot-autoconfigure/1.3.3.RELEASE/spring-boot-autoconfigure-1.3.3.RELEASE.jar, file:/Users/zengningzhong/.m2/repository/org/springframework/boot/spring-boot-starter-logging/1.3.3.RELEASE/spring-boot-starter-logging-1.3.3.RELEASE.jar, file:/Users/zengningzhong/.m2/repository/ch/qos/logback/logback-classic/1.1.5/logback-classic-1.1.5.jar, file:/Users/zengningzhong/.m2/repository/ch/qos/logback/logback-core/1.1.5/logback-core-1.1.5.jar, file:/Users/zengningzhong/.m2/repository/org/slf4j/jcl-over-slf4j/1.7.16/jcl-over-slf4j-1.7.16.jar, file:/Users/zengningzhong/.m2/repository/org/slf4j/jul-to-slf4j/1.7.16/jul-to-slf4j-1.7.16.jar, file:/Users/zengningzhong/.m2/repository/org/slf4j/log4j-over-slf4j/1.7.16/log4j-over-slf4j-1.7.16.jar, file:/Users/zengningzhong/.m2/repository/org/yaml/snakeyaml/1.16/snakeyaml-1.16.jar, file:/Users/zengningzhong/.m2/repository/org/springframework/boot/spring-boot-starter-web/1.3.3.RELEASE/spring-boot-starter-web-1.3.3.RELEASE.jar, file:/Users/zengningzhong/.m2/repository/org/springframework/boot/spring-boot-starter-tomcat/1.3.3.RELEASE/spring-boot-starter-tomcat-1.3.3.RELEASE.jar, file:/Users/zengningzhong/.m2/repository/org/apache/tomcat/embed/tomcat-embed-core/8.0.32/tomcat-embed-core-8.0.32.jar, file:/Users/zengningzhong/.m2/repository/org/apache/tomcat/embed/tomcat-embed-el/8.0.32/tomcat-embed-el-8.0.32.jar, file:/Users/zengningzhong/.m2/repository/org/apache/tomcat/embed/tomcat-embed-logging-juli/8.0.32/tomcat-embed-logging-juli-8.0.32.jar, file:/Users/zengningzhong/.m2/repository/org/apache/tomcat/embed/tomcat-embed-websocket/8.0.32/tomcat-embed-websocket-8.0.32.jar, file:/Users/zengningzhong/.m2/repository/org/springframework/boot/spring-boot-starter-validation/1.3.3.RELEASE/spring-boot-starter-validation-1.3.3.RELEASE.jar, file:/Users/zengningzhong/.m2/repository/com/fasterxml/jackson/core/jackson-databind/2.6.5/jackson-databind-2.6.5.jar, file:/Users/zengningzhong/.m2/repository/com/fasterxml/jackson/core/jackson-annotations/2.6.5/jackson-annotations-2.6.5.jar, file:/Users/zengningzhong/.m2/repository/com/fasterxml/jackson/core/jackson-core/2.6.5/jackson-core-2.6.5.jar, file:/Users/zengningzhong/.m2/repository/org/springframework/spring-web/4.2.5.RELEASE/spring-web-4.2.5.RELEASE.jar, file:/Users/zengningzhong/.m2/repository/org/springframework/spring-aop/4.2.5.RELEASE/spring-aop-4.2.5.RELEASE.jar, file:/Users/zengningzhong/.m2/repository/aopalliance/aopalliance/1.0/aopalliance-1.0.jar, file:/Users/zengningzhong/.m2/repository/commons-beanutils/commons-beanutils/1.9.2/commons-beanutils-1.9.2.jar, file:/Users/zengningzhong/.m2/repository/commons-collections/commons-collections/3.2.2/commons-collections-3.2.2.jar, file:/Users/zengningzhong/.m2/repository/commons-digester/commons-digester/2.1/commons-digester-2.1.jar, file:/Users/zengningzhong/.m2/repository/org/apache/velocity/velocity/1.7/velocity-1.7.jar, file:/Users/zengningzhong/.m2/repository/commons-lang/commons-lang/2.4/commons-lang-2.4.jar, file:/Users/zengningzhong/.m2/repository/org/apache/velocity/velocity-tools/2.0/velocity-tools-2.0.jar, file:/Users/zengningzhong/.m2/repository/commons-chain/commons-chain/1.1/commons-chain-1.1.jar, file:/Users/zengningzhong/.m2/repository/commons-validator/commons-validator/1.3.1/commons-validator-1.3.1.jar, file:/Users/zengningzhong/.m2/repository/dom4j/dom4j/1.1/dom4j-1.1.jar, file:/Users/zengningzhong/.m2/repository/oro/oro/2.0.8/oro-2.0.8.jar, file:/Users/zengningzhong/.m2/repository/sslext/sslext/1.2-0/sslext-1.2-0.jar, file:/Users/zengningzhong/.m2/repository/org/apache/struts/struts-core/1.3.8/struts-core-1.3.8.jar, file:/Users/zengningzhong/.m2/repository/antlr/antlr/2.7.7/antlr-2.7.7.jar, file:/Users/zengningzhong/.m2/repository/org/apache/struts/struts-taglib/1.3.8/struts-taglib-1.3.8.jar, file:/Users/zengningzhong/.m2/repository/org/apache/struts/struts-tiles/1.3.8/struts-tiles-1.3.8.jar, file:/Users/zengningzhong/.m2/repository/org/springframework/spring-context-support/4.2.5.RELEASE/spring-context-support-4.2.5.RELEASE.jar, file:/Users/zengningzhong/.m2/repository/org/springframework/spring-beans/4.2.5.RELEASE/spring-beans-4.2.5.RELEASE.jar, file:/Users/zengningzhong/.m2/repository/org/springframework/spring-context/4.2.5.RELEASE/spring-context-4.2.5.RELEASE.jar, file:/Users/zengningzhong/.m2/repository/org/springframework/spring-core/4.2.5.RELEASE/spring-core-4.2.5.RELEASE.jar, file:/Users/zengningzhong/Documents/workspace-sts-develop/demon/demon-bean/target/classes/, file:/Users/zengningzhong/.m2/repository/org/springframework/boot/spring-boot-starter-data-jpa/1.3.3.RELEASE/spring-boot-starter-data-jpa-1.3.3.RELEASE.jar, file:/Users/zengningzhong/.m2/repository/org/springframework/boot/spring-boot-starter-aop/1.3.3.RELEASE/spring-boot-starter-aop-1.3.3.RELEASE.jar, file:/Users/zengningzhong/.m2/repository/org/aspectj/aspectjweaver/1.8.8/aspectjweaver-1.8.8.jar, file:/Users/zengningzhong/.m2/repository/org/springframework/boot/spring-boot-starter-jdbc/1.3.3.RELEASE/spring-boot-starter-jdbc-1.3.3.RELEASE.jar, file:/Users/zengningzhong/.m2/repository/org/apache/tomcat/tomcat-jdbc/8.0.32/tomcat-jdbc-8.0.32.jar, file:/Users/zengningzhong/.m2/repository/org/apache/tomcat/tomcat-juli/8.0.32/tomcat-juli-8.0.32.jar, file:/Users/zengningzhong/.m2/repository/org/springframework/spring-jdbc/4.2.5.RELEASE/spring-jdbc-4.2.5.RELEASE.jar, file:/Users/zengningzhong/.m2/repository/org/hibernate/hibernate-entitymanager/4.3.11.Final/hibernate-entitymanager-4.3.11.Final.jar, file:/Users/zengningzhong/.m2/repository/org/jboss/logging/jboss-logging/3.3.0.Final/jboss-logging-3.3.0.Final.jar, file:/Users/zengningzhong/.m2/repository/org/jboss/logging/jboss-logging-annotations/1.2.0.Beta1/jboss-logging-annotations-1.2.0.Beta1.jar, file:/Users/zengningzhong/.m2/repository/org/hibernate/hibernate-core/4.3.11.Final/hibernate-core-4.3.11.Final.jar, file:/Users/zengningzhong/.m2/repository/org/jboss/jandex/1.1.0.Final/jandex-1.1.0.Final.jar, file:/Users/zengningzhong/.m2/repository/org/hibernate/common/hibernate-commons-annotations/4.0.5.Final/hibernate-commons-annotations-4.0.5.Final.jar, file:/Users/zengningzhong/.m2/repository/org/hibernate/javax/persistence/hibernate-jpa-2.1-api/1.0.0.Final/hibernate-jpa-2.1-api-1.0.0.Final.jar, file:/Users/zengningzhong/.m2/repository/org/javassist/javassist/3.18.1-GA/javassist-3.18.1-GA.jar, file:/Users/zengningzhong/.m2/repository/javax/transaction/javax.transaction-api/1.2/javax.transaction-api-1.2.jar, file:/Users/zengningzhong/.m2/repository/org/springframework/data/spring-data-jpa/1.9.4.RELEASE/spring-data-jpa-1.9.4.RELEASE.jar, file:/Users/zengningzhong/.m2/repository/org/springframework/data/spring-data-commons/1.11.4.RELEASE/spring-data-commons-1.11.4.RELEASE.jar, file:/Users/zengningzhong/.m2/repository/org/springframework/spring-orm/4.2.5.RELEASE/spring-orm-4.2.5.RELEASE.jar, file:/Users/zengningzhong/.m2/repository/org/springframework/spring-tx/4.2.5.RELEASE/spring-tx-4.2.5.RELEASE.jar, file:/Users/zengningzhong/.m2/repository/org/springframework/spring-aspects/4.2.5.RELEASE/spring-aspects-4.2.5.RELEASE.jar, file:/Users/zengningzhong/.m2/repository/com/h2database/h2/1.4.191/h2-1.4.191.jar, file:/Users/zengningzhong/.m2/repository/org/apache/commons/commons-lang3/3.3.2/commons-lang3-3.3.2.jar, file:/Users/zengningzhong/.m2/repository/javax/validation/validation-api/1.0.0.GA/validation-api-1.0.0.GA.jar, file:/Users/zengningzhong/.m2/repository/org/hibernate/hibernate-validator/4.1.0.Final/hibernate-validator-4.1.0.Final.jar, file:/Users/zengningzhong/.m2/repository/org/slf4j/slf4j-api/1.7.16/slf4j-api-1.7.16.jar, file:/Users/zengningzhong/.m2/repository/org/springframework/spring-webmvc/4.2.5.RELEASE/spring-webmvc-4.2.5.RELEASE.jar, file:/Users/zengningzhong/.m2/repository/org/springframework/spring-expression/4.2.5.RELEASE/spring-expression-4.2.5.RELEASE.jar, file:/Users/zengningzhong/.m2/repository/com/github/bingoohuang/patchca/0.0.1/patchca-0.0.1.jar, file:/Users/zengningzhong/.m2/repository/com/google/guava/guava/17.0/guava-17.0.jar, file:/Users/zengningzhong/Documents/workspace-sts-develop/demon/demon-dao/target/classes/, file:/Users/zengningzhong/.m2/repository/mysql/mysql-connector-java/5.1.17/mysql-connector-java-5.1.17.jar, file:/Users/zengningzhong/soft/springloaded-1.2.3.RELEASE.jar]
[2016-06-06 00:07:59] [main] [org.springframework.boot.StartupInfoLogger-48] - Starting DemonAdminApplication on cengningzhongdeMacBook-Pro.local with PID 54895 (/Users/zengningzhong/Documents/workspace-sts-develop/demon/demon-admin/target/classes started by zengningzhong in /Users/zengningzhong/Documents/workspace-sts-develop/demon/demon-admin)
[2016-06-06 00:07:59] [main] [org.springframework.boot.SpringApplication-670] - The following profiles are active: dev,devmysql
[2016-06-06 00:07:59] [main] [org.springframework.context.support.AbstractApplicationContext-578] - Refreshing org.springframework.boot.context.embedded.AnnotationConfigEmbeddedWebApplicationContext@4a401c9f: startup date [Mon Jun 06 00:07:59 CST 2016]; root of context hierarchy
[2016-06-06 00:07:59] [background-preinit] [org.hibernate.validator.util.Version-56] - Hibernate Validator 4.1.0.Final
[2016-06-06 00:07:59] [background-preinit] [org.hibernate.validator.engine.resolver.DefaultTraversableResolver-81] - Instantiated an instance of org.hibernate.validator.engine.resolver.JPATraversableResolver.
[2016-06-06 00:08:02] [main] [org.springframework.beans.factory.support.DefaultListableBeanFactory-839] - Overriding bean definition for bean 'beanNameViewResolver' with a different definition: replacing [Root bean: class [null]; scope=; abstract=false; lazyInit=false; autowireMode=3; dependencyCheck=0; autowireCandidate=true; primary=false; factoryBeanName=org.springframework.boot.autoconfigure.web.ErrorMvcAutoConfiguration$WhitelabelErrorViewConfiguration; factoryMethodName=beanNameViewResolver; initMethodName=null; destroyMethodName=(inferred); defined in class path resource [org/springframework/boot/autoconfigure/web/ErrorMvcAutoConfiguration$WhitelabelErrorViewConfiguration.class]] with [Root bean: class [null]; scope=; abstract=false; lazyInit=false; autowireMode=3; dependencyCheck=0; autowireCandidate=true; primary=false; factoryBeanName=org.springframework.boot.autoconfigure.web.WebMvcAutoConfiguration$WebMvcAutoConfigurationAdapter; factoryMethodName=beanNameViewResolver; initMethodName=null; destroyMethodName=(inferred); defined in class path resource [org/springframework/boot/autoconfigure/web/WebMvcAutoConfiguration$WebMvcAutoConfigurationAdapter.class]]
[2016-06-06 00:08:04] [main] [org.springframework.context.support.PostProcessorRegistrationDelegate$BeanPostProcessorChecker-328] - Bean 'org.springframework.transaction.annotation.ProxyTransactionManagementConfiguration' of type [class org.springframework.transaction.annotation.ProxyTransactionManagementConfiguration$$EnhancerBySpringCGLIB$$507352f3] is not eligible for getting processed by all BeanPostProcessors (for example: not eligible for auto-proxying)
[2016-06-06 00:08:04] [main] [org.hibernate.validator.engine.resolver.DefaultTraversableResolver-81] - Instantiated an instance of org.hibernate.validator.engine.resolver.JPATraversableResolver.
[2016-06-06 00:08:04] [main] [org.springframework.boot.context.embedded.tomcat.TomcatEmbeddedServletContainer-81] - Tomcat initialized with port(s): 8080 (http)
[2016-06-06 00:08:04] [main] [org.apache.juli.logging.DirectJDKLog-180] - Starting service Tomcat
[2016-06-06 00:08:04] [main] [org.apache.juli.logging.DirectJDKLog-180] - Starting Servlet Engine: Apache Tomcat/8.0.32
[2016-06-06 00:08:04] [localhost-startStop-1] [org.apache.juli.logging.DirectJDKLog-180] - Initializing Spring embedded WebApplicationContext
[2016-06-06 00:08:04] [localhost-startStop-1] [org.springframework.boot.context.embedded.EmbeddedWebApplicationContext-272] - Root WebApplicationContext: initialization completed in 5441 ms
[2016-06-06 00:08:05] [localhost-startStop-1] [org.springframework.boot.context.embedded.AbstractFilterRegistrationBean-258] - Mapping filter: 'hiddenHttpMethodFilter' to: [/*]
[2016-06-06 00:08:05] [localhost-startStop-1] [org.springframework.boot.context.embedded.AbstractFilterRegistrationBean-258] - Mapping filter: 'httpPutFormContentFilter' to: [/*]
[2016-06-06 00:08:05] [localhost-startStop-1] [org.springframework.boot.context.embedded.AbstractFilterRegistrationBean-258] - Mapping filter: 'requestContextFilter' to: [/*]
[2016-06-06 00:08:05] [localhost-startStop-1] [org.springframework.boot.context.embedded.AbstractFilterRegistrationBean-271] - Mapping filter: 'demonAdminApplicationFilter' to urls: [/*]
[2016-06-06 00:08:05] [localhost-startStop-1] [org.springframework.boot.context.embedded.AbstractFilterRegistrationBean-258] - Mapping filter: 'characterEncodingFilter' to: [/*]
[2016-06-06 00:08:05] [localhost-startStop-1] [org.springframework.boot.context.embedded.ServletRegistrationBean-189] - Mapping servlet: 'dispatcherServlet' to [/]
[2016-06-06 00:08:05] [main] [org.springframework.orm.jpa.LocalContainerEntityManagerFactoryBean-339] - Building JPA container EntityManagerFactory for persistence unit 'default'
[2016-06-06 00:08:05] [main] [org.hibernate.jpa.internal.util.LogHelper-46] - HHH000204: Processing PersistenceUnitInfo [
	name: default
	...]
[2016-06-06 00:08:06] [main] [org.hibernate.Version-54] - HHH000412: Hibernate Core {4.3.11.Final}
[2016-06-06 00:08:06] [main] [org.hibernate.cfg.Environment-239] - HHH000206: hibernate.properties not found
[2016-06-06 00:08:06] [main] [org.hibernate.cfg.Environment-346] - HHH000021: Bytecode provider name : javassist
[2016-06-06 00:08:06] [main] [org.hibernate.annotations.common.reflection.java.JavaReflectionManager-66] - HCANN000001: Hibernate Commons Annotations {4.0.5.Final}
[2016-06-06 00:08:07] [main] [org.hibernate.dialect.Dialect-145] - HHH000400: Using dialect: org.hibernate.dialect.MySQLDialect
[2016-06-06 00:08:07] [main] [org.hibernate.hql.internal.ast.ASTQueryTranslatorFactory-47] - HHH000397: Using ASTQueryTranslatorFactory
[2016-06-06 00:08:07] [main] [org.hibernate.validator.engine.resolver.DefaultTraversableResolver-81] - Instantiated an instance of org.hibernate.validator.engine.resolver.JPATraversableResolver.
[2016-06-06 00:08:08] [main] [org.hibernate.tool.hbm2ddl.SchemaValidator-157] - HHH000229: Running schema validator
[2016-06-06 00:08:08] [main] [org.hibernate.tool.hbm2ddl.SchemaValidator-165] - HHH000102: Fetching database metadata
[2016-06-06 00:08:08] [main] [org.hibernate.tool.hbm2ddl.TableMetadata-65] - HHH000261: Table found: boot.user_platform
[2016-06-06 00:08:08] [main] [org.hibernate.tool.hbm2ddl.TableMetadata-66] - HHH000037: Columns: [id, login_username, gmt_create, gmt_motify, login_password, role]
[2016-06-06 00:08:09] [main] [org.hibernate.validator.engine.resolver.DefaultTraversableResolver-81] - Instantiated an instance of org.hibernate.validator.engine.resolver.JPATraversableResolver.
[2016-06-06 00:08:09] [main] [org.springframework.web.servlet.mvc.method.annotation.RequestMappingHandlerAdapter-532] - Looking for @ControllerAdvice: org.springframework.boot.context.embedded.AnnotationConfigEmbeddedWebApplicationContext@4a401c9f: startup date [Mon Jun 06 00:07:59 CST 2016]; root of context hierarchy
[2016-06-06 00:08:09] [main] [org.springframework.web.servlet.handler.AbstractHandlerMethodMapping$MappingRegistry-534] - Mapped "{[/ajax/hello]}" onto public com.demon.domain.result.ResultJson com.demon.controller.AdminAjaxController.thing()
[2016-06-06 00:08:09] [main] [org.springframework.web.servlet.handler.AbstractHandlerMethodMapping$MappingRegistry-534] - Mapped "{[/ajax/userPlatform/del],methods=[POST]}" onto public com.demon.domain.result.ResultJson com.demon.controller.AdminAjaxController.ajaxUserPlatformDel(java.util.List<java.lang.Long>)
[2016-06-06 00:08:09] [main] [org.springframework.web.servlet.handler.AbstractHandlerMethodMapping$MappingRegistry-534] - Mapped "{[/auth/login],methods=[GET]}" onto public java.lang.String com.demon.controller.AdminAuthController.loginGet(org.springframework.ui.Model)
[2016-06-06 00:08:09] [main] [org.springframework.web.servlet.handler.AbstractHandlerMethodMapping$MappingRegistry-534] - Mapped "{[/auth/login],methods=[POST]}" onto public java.lang.String com.demon.controller.AdminAuthController.loginPost(javax.servlet.http.HttpSession,com.demon.domain.UserPlatform,org.springframework.validation.BindingResult,org.springframework.ui.Model)
[2016-06-06 00:08:09] [main] [org.springframework.web.servlet.handler.AbstractHandlerMethodMapping$MappingRegistry-534] - Mapped "{[/auth/logout],methods=[GET]}" onto public java.lang.String com.demon.controller.AdminAuthController.logout(javax.servlet.http.HttpSession,org.springframework.ui.Model)
[2016-06-06 00:08:09] [main] [org.springframework.web.servlet.handler.AbstractHandlerMethodMapping$MappingRegistry-534] - Mapped "{[/404]}" onto public java.lang.String com.demon.controller.AdminErrorController.page_404()
[2016-06-06 00:08:09] [main] [org.springframework.web.servlet.handler.AbstractHandlerMethodMapping$MappingRegistry-534] - Mapped "{[/403]}" onto public java.lang.String com.demon.controller.AdminErrorController.page_403()
[2016-06-06 00:08:09] [main] [org.springframework.web.servlet.handler.AbstractHandlerMethodMapping$MappingRegistry-534] - Mapped "{[/500]}" onto public java.lang.String com.demon.controller.AdminErrorController.page_500()
[2016-06-06 00:08:09] [main] [org.springframework.web.servlet.handler.AbstractHandlerMethodMapping$MappingRegistry-534] - Mapped "{[/manager/userPlatform/list],methods=[GET]}" onto public java.lang.String com.demon.controller.AdminManagerController.userPlatformList(int,org.springframework.ui.Model)
[2016-06-06 00:08:09] [main] [org.springframework.web.servlet.handler.AbstractHandlerMethodMapping$MappingRegistry-534] - Mapped "{[/manager/userPlatform],methods=[GET]}" onto public java.lang.String com.demon.controller.AdminManagerController.userPlatform(org.springframework.ui.Model)
[2016-06-06 00:08:09] [main] [org.springframework.web.servlet.handler.AbstractHandlerMethodMapping$MappingRegistry-534] - Mapped "{[/manager/userPlatform/{id}],methods=[GET]}" onto public java.lang.String com.demon.controller.AdminManagerController.userPlatformOperate(java.lang.String,org.springframework.ui.Model)
[2016-06-06 00:08:09] [main] [org.springframework.web.servlet.handler.AbstractHandlerMethodMapping$MappingRegistry-534] - Mapped "{[/manager/userPlatform/operate],methods=[POST]}" onto public java.lang.String com.demon.controller.AdminManagerController.userPlatformOperate(com.demon.domain.UserPlatform,org.springframework.validation.BindingResult,org.springframework.ui.Model)
[2016-06-06 00:08:09] [main] [org.springframework.web.servlet.handler.AbstractHandlerMethodMapping$MappingRegistry-534] - Mapped "{[/list]}" onto public java.lang.String com.demon.controller.AdminTableController.list()
[2016-06-06 00:08:09] [main] [org.springframework.web.servlet.handler.AbstractHandlerMethodMapping$MappingRegistry-534] - Mapped "{[/add]}" onto public java.lang.String com.demon.controller.AdminTableController.add()
[2016-06-06 00:08:09] [main] [org.springframework.web.servlet.handler.AbstractHandlerMethodMapping$MappingRegistry-534] - Mapped "{[/edit]}" onto public java.lang.String com.demon.controller.AdminTableController.edit()
[2016-06-06 00:08:09] [main] [org.springframework.web.servlet.handler.AbstractHandlerMethodMapping$MappingRegistry-534] - Mapped "{[/gettime]}" onto public java.lang.String com.demon.controller.AdminWelcomeController.gettime()
[2016-06-06 00:08:09] [main] [org.springframework.web.servlet.handler.AbstractHandlerMethodMapping$MappingRegistry-534] - Mapped "{[/]}" onto public java.lang.String com.demon.controller.AdminWelcomeController.welcome(com.demon.access.AdminLoginer,java.util.Map<java.lang.String, java.lang.Object>)
[2016-06-06 00:08:09] [main] [org.springframework.web.servlet.handler.AbstractHandlerMethodMapping$MappingRegistry-534] - Mapped "{[/set]}" onto public java.lang.String com.demon.controller.AdminWelcomeController.welcomea(javax.servlet.http.HttpSession,java.util.Map<java.lang.String, java.lang.Object>)
[2016-06-06 00:08:09] [main] [org.springframework.web.servlet.handler.AbstractHandlerMethodMapping$MappingRegistry-534] - Mapped "{[/error]}" onto public org.springframework.http.ResponseEntity<java.util.Map<java.lang.String, java.lang.Object>> org.springframework.boot.autoconfigure.web.BasicErrorController.error(javax.servlet.http.HttpServletRequest)
[2016-06-06 00:08:09] [main] [org.springframework.web.servlet.handler.AbstractHandlerMethodMapping$MappingRegistry-534] - Mapped "{[/error],produces=[text/html]}" onto public org.springframework.web.servlet.ModelAndView org.springframework.boot.autoconfigure.web.BasicErrorController.errorHtml(javax.servlet.http.HttpServletRequest,javax.servlet.http.HttpServletResponse)
[2016-06-06 00:08:09] [main] [org.springframework.web.servlet.handler.AbstractUrlHandlerMapping-341] - Mapped URL path [/static/**] onto handler of type [class org.springframework.web.servlet.resource.ResourceHttpRequestHandler]
[2016-06-06 00:08:09] [main] [org.springframework.web.servlet.handler.AbstractUrlHandlerMapping-341] - Mapped URL path [/webjars/**] onto handler of type [class org.springframework.web.servlet.resource.ResourceHttpRequestHandler]
[2016-06-06 00:08:09] [main] [org.springframework.web.servlet.handler.AbstractUrlHandlerMapping-341] - Mapped URL path [/**] onto handler of type [class org.springframework.web.servlet.resource.ResourceHttpRequestHandler]
[2016-06-06 00:08:09] [main] [org.springframework.web.servlet.handler.AbstractUrlHandlerMapping-341] - Mapped URL path [/**/favicon.ico] onto handler of type [class org.springframework.web.servlet.resource.ResourceHttpRequestHandler]
[2016-06-06 00:08:09] [main] [org.springframework.web.servlet.view.velocity.VelocityConfigurer-140] - ClasspathResourceLoader with name 'springMacro' added to configured VelocityEngine
[2016-06-06 00:08:10] [main] [org.springframework.jmx.export.MBeanExporter-431] - Registering beans for JMX exposure on startup
[2016-06-06 00:08:10] [main] [org.apache.juli.logging.DirectJDKLog-180] - Initializing ProtocolHandler ["http-nio-8080"]
[2016-06-06 00:08:10] [main] [org.apache.juli.logging.DirectJDKLog-180] - Starting ProtocolHandler ["http-nio-8080"]
[2016-06-06 00:08:10] [main] [org.apache.juli.logging.DirectJDKLog-180] - Pausing ProtocolHandler ["http-nio-8080"]
[2016-06-06 00:08:10] [main] [org.apache.juli.logging.DirectJDKLog-180] - Stopping service Tomcat
[2016-06-06 00:08:10] [main] [org.apache.juli.logging.DirectJDKLog-180] - The stop() method was called on component [StandardServer[-1]] after stop() had already been called. The second call will be ignored.
[2016-06-06 00:08:10] [main] [org.apache.juli.logging.DirectJDKLog-180] - Stopping ProtocolHandler ["http-nio-8080"]
[2016-06-06 00:08:10] [main] [org.apache.juli.logging.DirectJDKLog-180] - Destroying ProtocolHandler ["http-nio-8080"]
[2016-06-06 00:08:10] [main] [org.springframework.boot.logging.ClasspathLoggingApplicationListener-57] - Application failed to start with classpath: [file:/Users/zengningzhong/Documents/workspace-sts-develop/demon/demon-admin/target/classes/, file:/Users/zengningzhong/.m2/repository/org/springframework/boot/spring-boot-starter-velocity/1.3.3.RELEASE/spring-boot-starter-velocity-1.3.3.RELEASE.jar, file:/Users/zengningzhong/.m2/repository/org/springframework/boot/spring-boot-starter/1.3.3.RELEASE/spring-boot-starter-1.3.3.RELEASE.jar, file:/Users/zengningzhong/.m2/repository/org/springframework/boot/spring-boot/1.3.3.RELEASE/spring-boot-1.3.3.RELEASE.jar, file:/Users/zengningzhong/.m2/repository/org/springframework/boot/spring-boot-autoconfigure/1.3.3.RELEASE/spring-boot-autoconfigure-1.3.3.RELEASE.jar, file:/Users/zengningzhong/.m2/repository/org/springframework/boot/spring-boot-starter-logging/1.3.3.RELEASE/spring-boot-starter-logging-1.3.3.RELEASE.jar, file:/Users/zengningzhong/.m2/repository/ch/qos/logback/logback-classic/1.1.5/logback-classic-1.1.5.jar, file:/Users/zengningzhong/.m2/repository/ch/qos/logback/logback-core/1.1.5/logback-core-1.1.5.jar, file:/Users/zengningzhong/.m2/repository/org/slf4j/jcl-over-slf4j/1.7.16/jcl-over-slf4j-1.7.16.jar, file:/Users/zengningzhong/.m2/repository/org/slf4j/jul-to-slf4j/1.7.16/jul-to-slf4j-1.7.16.jar, file:/Users/zengningzhong/.m2/repository/org/slf4j/log4j-over-slf4j/1.7.16/log4j-over-slf4j-1.7.16.jar, file:/Users/zengningzhong/.m2/repository/org/yaml/snakeyaml/1.16/snakeyaml-1.16.jar, file:/Users/zengningzhong/.m2/repository/org/springframework/boot/spring-boot-starter-web/1.3.3.RELEASE/spring-boot-starter-web-1.3.3.RELEASE.jar, file:/Users/zengningzhong/.m2/repository/org/springframework/boot/spring-boot-starter-tomcat/1.3.3.RELEASE/spring-boot-starter-tomcat-1.3.3.RELEASE.jar, file:/Users/zengningzhong/.m2/repository/org/apache/tomcat/embed/tomcat-embed-core/8.0.32/tomcat-embed-core-8.0.32.jar, file:/Users/zengningzhong/.m2/repository/org/apache/tomcat/embed/tomcat-embed-el/8.0.32/tomcat-embed-el-8.0.32.jar, file:/Users/zengningzhong/.m2/repository/org/apache/tomcat/embed/tomcat-embed-logging-juli/8.0.32/tomcat-embed-logging-juli-8.0.32.jar, file:/Users/zengningzhong/.m2/repository/org/apache/tomcat/embed/tomcat-embed-websocket/8.0.32/tomcat-embed-websocket-8.0.32.jar, file:/Users/zengningzhong/.m2/repository/org/springframework/boot/spring-boot-starter-validation/1.3.3.RELEASE/spring-boot-starter-validation-1.3.3.RELEASE.jar, file:/Users/zengningzhong/.m2/repository/com/fasterxml/jackson/core/jackson-databind/2.6.5/jackson-databind-2.6.5.jar, file:/Users/zengningzhong/.m2/repository/com/fasterxml/jackson/core/jackson-annotations/2.6.5/jackson-annotations-2.6.5.jar, file:/Users/zengningzhong/.m2/repository/com/fasterxml/jackson/core/jackson-core/2.6.5/jackson-core-2.6.5.jar, file:/Users/zengningzhong/.m2/repository/org/springframework/spring-web/4.2.5.RELEASE/spring-web-4.2.5.RELEASE.jar, file:/Users/zengningzhong/.m2/repository/org/springframework/spring-aop/4.2.5.RELEASE/spring-aop-4.2.5.RELEASE.jar, file:/Users/zengningzhong/.m2/repository/aopalliance/aopalliance/1.0/aopalliance-1.0.jar, file:/Users/zengningzhong/.m2/repository/commons-beanutils/commons-beanutils/1.9.2/commons-beanutils-1.9.2.jar, file:/Users/zengningzhong/.m2/repository/commons-collections/commons-collections/3.2.2/commons-collections-3.2.2.jar, file:/Users/zengningzhong/.m2/repository/commons-digester/commons-digester/2.1/commons-digester-2.1.jar, file:/Users/zengningzhong/.m2/repository/org/apache/velocity/velocity/1.7/velocity-1.7.jar, file:/Users/zengningzhong/.m2/repository/commons-lang/commons-lang/2.4/commons-lang-2.4.jar, file:/Users/zengningzhong/.m2/repository/org/apache/velocity/velocity-tools/2.0/velocity-tools-2.0.jar, file:/Users/zengningzhong/.m2/repository/commons-chain/commons-chain/1.1/commons-chain-1.1.jar, file:/Users/zengningzhong/.m2/repository/commons-validator/commons-validator/1.3.1/commons-validator-1.3.1.jar, file:/Users/zengningzhong/.m2/repository/dom4j/dom4j/1.1/dom4j-1.1.jar, file:/Users/zengningzhong/.m2/repository/oro/oro/2.0.8/oro-2.0.8.jar, file:/Users/zengningzhong/.m2/repository/sslext/sslext/1.2-0/sslext-1.2-0.jar, file:/Users/zengningzhong/.m2/repository/org/apache/struts/struts-core/1.3.8/struts-core-1.3.8.jar, file:/Users/zengningzhong/.m2/repository/antlr/antlr/2.7.7/antlr-2.7.7.jar, file:/Users/zengningzhong/.m2/repository/org/apache/struts/struts-taglib/1.3.8/struts-taglib-1.3.8.jar, file:/Users/zengningzhong/.m2/repository/org/apache/struts/struts-tiles/1.3.8/struts-tiles-1.3.8.jar, file:/Users/zengningzhong/.m2/repository/org/springframework/spring-context-support/4.2.5.RELEASE/spring-context-support-4.2.5.RELEASE.jar, file:/Users/zengningzhong/.m2/repository/org/springframework/spring-beans/4.2.5.RELEASE/spring-beans-4.2.5.RELEASE.jar, file:/Users/zengningzhong/.m2/repository/org/springframework/spring-context/4.2.5.RELEASE/spring-context-4.2.5.RELEASE.jar, file:/Users/zengningzhong/.m2/repository/org/springframework/spring-core/4.2.5.RELEASE/spring-core-4.2.5.RELEASE.jar, file:/Users/zengningzhong/Documents/workspace-sts-develop/demon/demon-bean/target/classes/, file:/Users/zengningzhong/.m2/repository/org/springframework/boot/spring-boot-starter-data-jpa/1.3.3.RELEASE/spring-boot-starter-data-jpa-1.3.3.RELEASE.jar, file:/Users/zengningzhong/.m2/repository/org/springframework/boot/spring-boot-starter-aop/1.3.3.RELEASE/spring-boot-starter-aop-1.3.3.RELEASE.jar, file:/Users/zengningzhong/.m2/repository/org/aspectj/aspectjweaver/1.8.8/aspectjweaver-1.8.8.jar, file:/Users/zengningzhong/.m2/repository/org/springframework/boot/spring-boot-starter-jdbc/1.3.3.RELEASE/spring-boot-starter-jdbc-1.3.3.RELEASE.jar, file:/Users/zengningzhong/.m2/repository/org/apache/tomcat/tomcat-jdbc/8.0.32/tomcat-jdbc-8.0.32.jar, file:/Users/zengningzhong/.m2/repository/org/apache/tomcat/tomcat-juli/8.0.32/tomcat-juli-8.0.32.jar, file:/Users/zengningzhong/.m2/repository/org/springframework/spring-jdbc/4.2.5.RELEASE/spring-jdbc-4.2.5.RELEASE.jar, file:/Users/zengningzhong/.m2/repository/org/hibernate/hibernate-entitymanager/4.3.11.Final/hibernate-entitymanager-4.3.11.Final.jar, file:/Users/zengningzhong/.m2/repository/org/jboss/logging/jboss-logging/3.3.0.Final/jboss-logging-3.3.0.Final.jar, file:/Users/zengningzhong/.m2/repository/org/jboss/logging/jboss-logging-annotations/1.2.0.Beta1/jboss-logging-annotations-1.2.0.Beta1.jar, file:/Users/zengningzhong/.m2/repository/org/hibernate/hibernate-core/4.3.11.Final/hibernate-core-4.3.11.Final.jar, file:/Users/zengningzhong/.m2/repository/org/jboss/jandex/1.1.0.Final/jandex-1.1.0.Final.jar, file:/Users/zengningzhong/.m2/repository/org/hibernate/common/hibernate-commons-annotations/4.0.5.Final/hibernate-commons-annotations-4.0.5.Final.jar, file:/Users/zengningzhong/.m2/repository/org/hibernate/javax/persistence/hibernate-jpa-2.1-api/1.0.0.Final/hibernate-jpa-2.1-api-1.0.0.Final.jar, file:/Users/zengningzhong/.m2/repository/org/javassist/javassist/3.18.1-GA/javassist-3.18.1-GA.jar, file:/Users/zengningzhong/.m2/repository/javax/transaction/javax.transaction-api/1.2/javax.transaction-api-1.2.jar, file:/Users/zengningzhong/.m2/repository/org/springframework/data/spring-data-jpa/1.9.4.RELEASE/spring-data-jpa-1.9.4.RELEASE.jar, file:/Users/zengningzhong/.m2/repository/org/springframework/data/spring-data-commons/1.11.4.RELEASE/spring-data-commons-1.11.4.RELEASE.jar, file:/Users/zengningzhong/.m2/repository/org/springframework/spring-orm/4.2.5.RELEASE/spring-orm-4.2.5.RELEASE.jar, file:/Users/zengningzhong/.m2/repository/org/springframework/spring-tx/4.2.5.RELEASE/spring-tx-4.2.5.RELEASE.jar, file:/Users/zengningzhong/.m2/repository/org/springframework/spring-aspects/4.2.5.RELEASE/spring-aspects-4.2.5.RELEASE.jar, file:/Users/zengningzhong/.m2/repository/com/h2database/h2/1.4.191/h2-1.4.191.jar, file:/Users/zengningzhong/.m2/repository/org/apache/commons/commons-lang3/3.3.2/commons-lang3-3.3.2.jar, file:/Users/zengningzhong/.m2/repository/javax/validation/validation-api/1.0.0.GA/validation-api-1.0.0.GA.jar, file:/Users/zengningzhong/.m2/repository/org/hibernate/hibernate-validator/4.1.0.Final/hibernate-validator-4.1.0.Final.jar, file:/Users/zengningzhong/.m2/repository/org/slf4j/slf4j-api/1.7.16/slf4j-api-1.7.16.jar, file:/Users/zengningzhong/.m2/repository/org/springframework/spring-webmvc/4.2.5.RELEASE/spring-webmvc-4.2.5.RELEASE.jar, file:/Users/zengningzhong/.m2/repository/org/springframework/spring-expression/4.2.5.RELEASE/spring-expression-4.2.5.RELEASE.jar, file:/Users/zengningzhong/.m2/repository/com/github/bingoohuang/patchca/0.0.1/patchca-0.0.1.jar, file:/Users/zengningzhong/.m2/repository/com/google/guava/guava/17.0/guava-17.0.jar, file:/Users/zengningzhong/Documents/workspace-sts-develop/demon/demon-dao/target/classes/, file:/Users/zengningzhong/.m2/repository/mysql/mysql-connector-java/5.1.17/mysql-connector-java-5.1.17.jar, file:/Users/zengningzhong/soft/springloaded-1.2.3.RELEASE.jar]
[2016-06-06 00:08:52] [main] [org.springframework.boot.StartupInfoLogger-48] - Starting DemonAdminApplication on cengningzhongdeMacBook-Pro.local with PID 54937 (/Users/zengningzhong/Documents/workspace-sts-develop/demon/demon-admin/target/classes started by zengningzhong in /Users/zengningzhong/Documents/workspace-sts-develop/demon/demon-admin)
[2016-06-06 00:08:52] [main] [org.springframework.boot.SpringApplication-670] - The following profiles are active: dev,devmysql
[2016-06-06 00:08:52] [main] [org.springframework.context.support.AbstractApplicationContext-578] - Refreshing org.springframework.boot.context.embedded.AnnotationConfigEmbeddedWebApplicationContext@37d488c1: startup date [Mon Jun 06 00:08:52 CST 2016]; root of context hierarchy
[2016-06-06 00:08:52] [background-preinit] [org.hibernate.validator.util.Version-56] - Hibernate Validator 4.1.0.Final
[2016-06-06 00:08:52] [background-preinit] [org.hibernate.validator.engine.resolver.DefaultTraversableResolver-81] - Instantiated an instance of org.hibernate.validator.engine.resolver.JPATraversableResolver.
[2016-06-06 00:08:56] [main] [org.springframework.beans.factory.support.DefaultListableBeanFactory-839] - Overriding bean definition for bean 'beanNameViewResolver' with a different definition: replacing [Root bean: class [null]; scope=; abstract=false; lazyInit=false; autowireMode=3; dependencyCheck=0; autowireCandidate=true; primary=false; factoryBeanName=org.springframework.boot.autoconfigure.web.ErrorMvcAutoConfiguration$WhitelabelErrorViewConfiguration; factoryMethodName=beanNameViewResolver; initMethodName=null; destroyMethodName=(inferred); defined in class path resource [org/springframework/boot/autoconfigure/web/ErrorMvcAutoConfiguration$WhitelabelErrorViewConfiguration.class]] with [Root bean: class [null]; scope=; abstract=false; lazyInit=false; autowireMode=3; dependencyCheck=0; autowireCandidate=true; primary=false; factoryBeanName=org.springframework.boot.autoconfigure.web.WebMvcAutoConfiguration$WebMvcAutoConfigurationAdapter; factoryMethodName=beanNameViewResolver; initMethodName=null; destroyMethodName=(inferred); defined in class path resource [org/springframework/boot/autoconfigure/web/WebMvcAutoConfiguration$WebMvcAutoConfigurationAdapter.class]]
[2016-06-06 00:08:57] [main] [org.springframework.context.support.PostProcessorRegistrationDelegate$BeanPostProcessorChecker-328] - Bean 'org.springframework.transaction.annotation.ProxyTransactionManagementConfiguration' of type [class org.springframework.transaction.annotation.ProxyTransactionManagementConfiguration$$EnhancerBySpringCGLIB$$e517d3bb] is not eligible for getting processed by all BeanPostProcessors (for example: not eligible for auto-proxying)
[2016-06-06 00:08:57] [main] [org.hibernate.validator.engine.resolver.DefaultTraversableResolver-81] - Instantiated an instance of org.hibernate.validator.engine.resolver.JPATraversableResolver.
[2016-06-06 00:08:58] [main] [org.springframework.boot.context.embedded.tomcat.TomcatEmbeddedServletContainer-81] - Tomcat initialized with port(s): 8080 (http)
[2016-06-06 00:08:58] [main] [org.apache.juli.logging.DirectJDKLog-180] - Starting service Tomcat
[2016-06-06 00:08:58] [main] [org.apache.juli.logging.DirectJDKLog-180] - Starting Servlet Engine: Apache Tomcat/8.0.32
[2016-06-06 00:08:58] [localhost-startStop-1] [org.apache.juli.logging.DirectJDKLog-180] - Initializing Spring embedded WebApplicationContext
[2016-06-06 00:08:58] [localhost-startStop-1] [org.springframework.boot.context.embedded.EmbeddedWebApplicationContext-272] - Root WebApplicationContext: initialization completed in 5792 ms
[2016-06-06 00:08:58] [localhost-startStop-1] [org.springframework.boot.context.embedded.AbstractFilterRegistrationBean-258] - Mapping filter: 'hiddenHttpMethodFilter' to: [/*]
[2016-06-06 00:08:58] [localhost-startStop-1] [org.springframework.boot.context.embedded.AbstractFilterRegistrationBean-258] - Mapping filter: 'httpPutFormContentFilter' to: [/*]
[2016-06-06 00:08:58] [localhost-startStop-1] [org.springframework.boot.context.embedded.AbstractFilterRegistrationBean-258] - Mapping filter: 'requestContextFilter' to: [/*]
[2016-06-06 00:08:58] [localhost-startStop-1] [org.springframework.boot.context.embedded.AbstractFilterRegistrationBean-271] - Mapping filter: 'demonAdminApplicationFilter' to urls: [/*]
[2016-06-06 00:08:58] [localhost-startStop-1] [org.springframework.boot.context.embedded.AbstractFilterRegistrationBean-258] - Mapping filter: 'characterEncodingFilter' to: [/*]
[2016-06-06 00:08:58] [localhost-startStop-1] [org.springframework.boot.context.embedded.ServletRegistrationBean-189] - Mapping servlet: 'dispatcherServlet' to [/]
[2016-06-06 00:08:59] [main] [org.springframework.orm.jpa.LocalContainerEntityManagerFactoryBean-339] - Building JPA container EntityManagerFactory for persistence unit 'default'
[2016-06-06 00:08:59] [main] [org.hibernate.jpa.internal.util.LogHelper-46] - HHH000204: Processing PersistenceUnitInfo [
	name: default
	...]
[2016-06-06 00:08:59] [main] [org.hibernate.Version-54] - HHH000412: Hibernate Core {4.3.11.Final}
[2016-06-06 00:08:59] [main] [org.hibernate.cfg.Environment-239] - HHH000206: hibernate.properties not found
[2016-06-06 00:08:59] [main] [org.hibernate.cfg.Environment-346] - HHH000021: Bytecode provider name : javassist
[2016-06-06 00:08:59] [main] [org.hibernate.annotations.common.reflection.java.JavaReflectionManager-66] - HCANN000001: Hibernate Commons Annotations {4.0.5.Final}
[2016-06-06 00:09:00] [main] [org.hibernate.dialect.Dialect-145] - HHH000400: Using dialect: org.hibernate.dialect.MySQLDialect
[2016-06-06 00:09:00] [main] [org.hibernate.hql.internal.ast.ASTQueryTranslatorFactory-47] - HHH000397: Using ASTQueryTranslatorFactory
[2016-06-06 00:09:01] [main] [org.hibernate.validator.engine.resolver.DefaultTraversableResolver-81] - Instantiated an instance of org.hibernate.validator.engine.resolver.JPATraversableResolver.
[2016-06-06 00:09:01] [main] [org.hibernate.tool.hbm2ddl.SchemaValidator-157] - HHH000229: Running schema validator
[2016-06-06 00:09:01] [main] [org.hibernate.tool.hbm2ddl.SchemaValidator-165] - HHH000102: Fetching database metadata
[2016-06-06 00:09:01] [main] [org.hibernate.tool.hbm2ddl.TableMetadata-65] - HHH000261: Table found: boot.user_platform
[2016-06-06 00:09:01] [main] [org.hibernate.tool.hbm2ddl.TableMetadata-66] - HHH000037: Columns: [id, login_username, gmt_create, gmt_motify, login_password, role]
[2016-06-06 00:09:02] [main] [org.hibernate.validator.engine.resolver.DefaultTraversableResolver-81] - Instantiated an instance of org.hibernate.validator.engine.resolver.JPATraversableResolver.
[2016-06-06 00:09:02] [main] [org.springframework.web.servlet.mvc.method.annotation.RequestMappingHandlerAdapter-532] - Looking for @ControllerAdvice: org.springframework.boot.context.embedded.AnnotationConfigEmbeddedWebApplicationContext@37d488c1: startup date [Mon Jun 06 00:08:52 CST 2016]; root of context hierarchy
[2016-06-06 00:09:03] [main] [org.springframework.web.servlet.handler.AbstractHandlerMethodMapping$MappingRegistry-534] - Mapped "{[/ajax/hello]}" onto public com.demon.domain.result.ResultJson com.demon.controller.AdminAjaxController.thing()
[2016-06-06 00:09:03] [main] [org.springframework.web.servlet.handler.AbstractHandlerMethodMapping$MappingRegistry-534] - Mapped "{[/ajax/userPlatform/del],methods=[POST]}" onto public com.demon.domain.result.ResultJson com.demon.controller.AdminAjaxController.ajaxUserPlatformDel(java.util.List<java.lang.Long>)
[2016-06-06 00:09:03] [main] [org.springframework.web.servlet.handler.AbstractHandlerMethodMapping$MappingRegistry-534] - Mapped "{[/auth/login],methods=[GET]}" onto public java.lang.String com.demon.controller.AdminAuthController.loginGet(org.springframework.ui.Model)
[2016-06-06 00:09:03] [main] [org.springframework.web.servlet.handler.AbstractHandlerMethodMapping$MappingRegistry-534] - Mapped "{[/auth/login],methods=[POST]}" onto public java.lang.String com.demon.controller.AdminAuthController.loginPost(javax.servlet.http.HttpSession,com.demon.domain.UserPlatform,org.springframework.validation.BindingResult,org.springframework.ui.Model)
[2016-06-06 00:09:03] [main] [org.springframework.web.servlet.handler.AbstractHandlerMethodMapping$MappingRegistry-534] - Mapped "{[/auth/logout],methods=[GET]}" onto public java.lang.String com.demon.controller.AdminAuthController.logout(javax.servlet.http.HttpSession,org.springframework.ui.Model)
[2016-06-06 00:09:03] [main] [org.springframework.web.servlet.handler.AbstractHandlerMethodMapping$MappingRegistry-534] - Mapped "{[/404]}" onto public java.lang.String com.demon.controller.AdminErrorController.page_404()
[2016-06-06 00:09:03] [main] [org.springframework.web.servlet.handler.AbstractHandlerMethodMapping$MappingRegistry-534] - Mapped "{[/403]}" onto public java.lang.String com.demon.controller.AdminErrorController.page_403()
[2016-06-06 00:09:03] [main] [org.springframework.web.servlet.handler.AbstractHandlerMethodMapping$MappingRegistry-534] - Mapped "{[/500]}" onto public java.lang.String com.demon.controller.AdminErrorController.page_500()
[2016-06-06 00:09:03] [main] [org.springframework.web.servlet.handler.AbstractHandlerMethodMapping$MappingRegistry-534] - Mapped "{[/manager/userPlatform/list],methods=[GET]}" onto public java.lang.String com.demon.controller.AdminManagerController.userPlatformList(int,org.springframework.ui.Model)
[2016-06-06 00:09:03] [main] [org.springframework.web.servlet.handler.AbstractHandlerMethodMapping$MappingRegistry-534] - Mapped "{[/manager/userPlatform],methods=[GET]}" onto public java.lang.String com.demon.controller.AdminManagerController.userPlatform(org.springframework.ui.Model)
[2016-06-06 00:09:03] [main] [org.springframework.web.servlet.handler.AbstractHandlerMethodMapping$MappingRegistry-534] - Mapped "{[/manager/userPlatform/{id}],methods=[GET]}" onto public java.lang.String com.demon.controller.AdminManagerController.userPlatformOperate(java.lang.String,org.springframework.ui.Model)
[2016-06-06 00:09:03] [main] [org.springframework.web.servlet.handler.AbstractHandlerMethodMapping$MappingRegistry-534] - Mapped "{[/manager/userPlatform/operate],methods=[POST]}" onto public java.lang.String com.demon.controller.AdminManagerController.userPlatformOperate(com.demon.domain.UserPlatform,org.springframework.validation.BindingResult,org.springframework.ui.Model)
[2016-06-06 00:09:03] [main] [org.springframework.web.servlet.handler.AbstractHandlerMethodMapping$MappingRegistry-534] - Mapped "{[/list]}" onto public java.lang.String com.demon.controller.AdminTableController.list()
[2016-06-06 00:09:03] [main] [org.springframework.web.servlet.handler.AbstractHandlerMethodMapping$MappingRegistry-534] - Mapped "{[/add]}" onto public java.lang.String com.demon.controller.AdminTableController.add()
[2016-06-06 00:09:03] [main] [org.springframework.web.servlet.handler.AbstractHandlerMethodMapping$MappingRegistry-534] - Mapped "{[/edit]}" onto public java.lang.String com.demon.controller.AdminTableController.edit()
[2016-06-06 00:09:03] [main] [org.springframework.web.servlet.handler.AbstractHandlerMethodMapping$MappingRegistry-534] - Mapped "{[/gettime]}" onto public java.lang.String com.demon.controller.AdminWelcomeController.gettime()
[2016-06-06 00:09:03] [main] [org.springframework.web.servlet.handler.AbstractHandlerMethodMapping$MappingRegistry-534] - Mapped "{[/]}" onto public java.lang.String com.demon.controller.AdminWelcomeController.welcome(com.demon.access.AdminLoginer,java.util.Map<java.lang.String, java.lang.Object>)
[2016-06-06 00:09:03] [main] [org.springframework.web.servlet.handler.AbstractHandlerMethodMapping$MappingRegistry-534] - Mapped "{[/set]}" onto public java.lang.String com.demon.controller.AdminWelcomeController.welcomea(javax.servlet.http.HttpSession,java.util.Map<java.lang.String, java.lang.Object>)
[2016-06-06 00:09:03] [main] [org.springframework.web.servlet.handler.AbstractHandlerMethodMapping$MappingRegistry-534] - Mapped "{[/error]}" onto public org.springframework.http.ResponseEntity<java.util.Map<java.lang.String, java.lang.Object>> org.springframework.boot.autoconfigure.web.BasicErrorController.error(javax.servlet.http.HttpServletRequest)
[2016-06-06 00:09:03] [main] [org.springframework.web.servlet.handler.AbstractHandlerMethodMapping$MappingRegistry-534] - Mapped "{[/error],produces=[text/html]}" onto public org.springframework.web.servlet.ModelAndView org.springframework.boot.autoconfigure.web.BasicErrorController.errorHtml(javax.servlet.http.HttpServletRequest,javax.servlet.http.HttpServletResponse)
[2016-06-06 00:09:03] [main] [org.springframework.web.servlet.handler.AbstractUrlHandlerMapping-341] - Mapped URL path [/static/**] onto handler of type [class org.springframework.web.servlet.resource.ResourceHttpRequestHandler]
[2016-06-06 00:09:03] [main] [org.springframework.web.servlet.handler.AbstractUrlHandlerMapping-341] - Mapped URL path [/webjars/**] onto handler of type [class org.springframework.web.servlet.resource.ResourceHttpRequestHandler]
[2016-06-06 00:09:03] [main] [org.springframework.web.servlet.handler.AbstractUrlHandlerMapping-341] - Mapped URL path [/**] onto handler of type [class org.springframework.web.servlet.resource.ResourceHttpRequestHandler]
[2016-06-06 00:09:03] [main] [org.springframework.web.servlet.handler.AbstractUrlHandlerMapping-341] - Mapped URL path [/**/favicon.ico] onto handler of type [class org.springframework.web.servlet.resource.ResourceHttpRequestHandler]
[2016-06-06 00:09:03] [main] [org.springframework.web.servlet.view.velocity.VelocityConfigurer-140] - ClasspathResourceLoader with name 'springMacro' added to configured VelocityEngine
[2016-06-06 00:09:03] [main] [org.springframework.jmx.export.MBeanExporter-431] - Registering beans for JMX exposure on startup
[2016-06-06 00:09:04] [main] [org.apache.juli.logging.DirectJDKLog-180] - Initializing ProtocolHandler ["http-nio-8080"]
[2016-06-06 00:09:04] [main] [org.apache.juli.logging.DirectJDKLog-180] - Starting ProtocolHandler ["http-nio-8080"]
[2016-06-06 00:09:04] [main] [org.apache.juli.logging.DirectJDKLog-180] - Using a shared selector for servlet write/read
[2016-06-06 00:09:04] [main] [org.springframework.boot.context.embedded.tomcat.TomcatEmbeddedServletContainer-162] - Tomcat started on port(s): 8080 (http)
[2016-06-06 00:09:04] [main] [org.springframework.boot.StartupInfoLogger-57] - Started DemonAdminApplication in 12.788 seconds (JVM running for 14.669)
[2016-06-06 00:09:06] [http-nio-8080-exec-1] [org.apache.juli.logging.DirectJDKLog-180] - Initializing Spring FrameworkServlet 'dispatcherServlet'
[2016-06-06 00:09:06] [http-nio-8080-exec-1] [org.springframework.web.servlet.FrameworkServlet-488] - FrameworkServlet 'dispatcherServlet': initialization started
[2016-06-06 00:09:06] [http-nio-8080-exec-1] [org.springframework.web.servlet.FrameworkServlet-507] - FrameworkServlet 'dispatcherServlet': initialization completed in 14 ms
[2016-06-06 00:09:06] [http-nio-8080-exec-1] [com.demon.DemonAdminApplicationFilter-33] - = RequestUrl=>http://localhost:8080/auth/login, Params=>loginUsername=zhong&loginPassword=123456
[2016-06-06 00:09:07] [http-nio-8080-exec-1] [com.demon.DemonAdminApplicationFilter-33] - = RequestUrl=>http://localhost:8080/gettime, Params=>
[2016-06-06 00:09:09] [http-nio-8080-exec-3] [com.demon.DemonAdminApplicationFilter-33] - = RequestUrl=>http://localhost:8080/, Params=>
[2016-06-06 00:09:09] [http-nio-8080-exec-3] [com.demon.controller.AdminWelcomeController-56] - adminLoginValue=>AdminLoginValue [id=10000005, loginUsername=zhong, role=SUPER_ADMIN]
[2016-06-06 00:09:14] [http-nio-8080-exec-6] [com.demon.DemonAdminApplicationFilter-33] - = RequestUrl=>http://localhost:8080/auth/login, Params=>loginUsername=zhong&loginPassword=123456
[2016-06-06 00:09:14] [http-nio-8080-exec-6] [com.demon.DemonAdminApplicationFilter-33] - = RequestUrl=>http://localhost:8080/gettime, Params=>
[2016-06-06 00:09:15] [http-nio-8080-exec-4] [com.demon.DemonAdminApplicationFilter-33] - = RequestUrl=>http://localhost:8080/task/list, Params=>
[2016-06-06 00:09:18] [http-nio-8080-exec-4] [com.demon.DemonAdminApplicationFilter-33] - = RequestUrl=>http://localhost:8080/manager/userPlatform/list, Params=>
[2016-06-06 00:09:18] [http-nio-8080-exec-4] [com.demon.DemonAdminApplicationFilter-33] - = RequestUrl=>http://localhost:8080/gettime, Params=>
[2016-06-06 00:09:22] [http-nio-8080-exec-9] [com.demon.DemonAdminApplicationFilter-33] - = RequestUrl=>http://localhost:8080/, Params=>
[2016-06-06 00:09:22] [http-nio-8080-exec-9] [com.demon.controller.AdminWelcomeController-56] - adminLoginValue=>AdminLoginValue [id=10000005, loginUsername=zhong, role=SUPER_ADMIN]
[2016-06-06 00:09:25] [http-nio-8080-exec-8] [com.demon.DemonAdminApplicationFilter-33] - = RequestUrl=>http://localhost:8080/manager/userPlatform/list, Params=>
[2016-06-06 00:09:25] [http-nio-8080-exec-8] [com.demon.DemonAdminApplicationFilter-33] - = RequestUrl=>http://localhost:8080/gettime, Params=>
[2016-06-06 00:09:33] [RMI TCP Connection(2)-192.168.1.101] [org.springframework.boot.admin.SpringApplicationAdminMXBeanRegistrar$SpringApplicationAdmin-122] - Application shutdown requested.
[2016-06-06 00:09:33] [RMI TCP Connection(2)-192.168.1.101] [org.springframework.context.support.AbstractApplicationContext-960] - Closing org.springframework.boot.context.embedded.AnnotationConfigEmbeddedWebApplicationContext@37d488c1: startup date [Mon Jun 06 00:08:52 CST 2016]; root of context hierarchy
[2016-06-06 00:09:33] [RMI TCP Connection(2)-192.168.1.101] [org.springframework.jmx.export.MBeanExporter-449] - Unregistering JMX-exposed beans on shutdown
[2016-06-06 00:09:33] [RMI TCP Connection(2)-192.168.1.101] [org.springframework.orm.jpa.AbstractEntityManagerFactoryBean-481] - Closing JPA EntityManagerFactory for persistence unit 'default'
